Timeout: 1, Memory_limit: 118000
	10000.000000 (abstract query)
	10000.000000 (concrete query)

Config:
	(concrete bit-width limit: 0)
	(fineness: 2)
	(interpret-ex-cc-level: 2)
	(forward-check:	0)
	(full projection)
	(prioritization:	single)

#STAT# num_bits= 11 num_regs= 1 num_total_bits= 43
1  11
32  1

System
  int : 15
  bool : 250
  sum : 265
  bool_op : 124
  int_op : 1
    !  14
    !=_int  1
    &&  63
    <_32_32  1
    ==  12
    ==_int  3
    ?:  12
    ?:_int  5
    ||  14


Property
  int : 0
  bool : 5
  sum : 5
  bool_op : 2
  int_op : 0
    !  1
    ==  1

Partial interpretation info:
  depth: 0
  count: 0
  count (d=0): 0

  depth (prop): 0
  count (prop): 0
  count (d=0) (prop): 0

	# of Inst.                  : 280	(864 bytes each)
	  ExInst::hm_ExInst.size()  : 0	(984 bytes each)
	  SigInst::hm_SigInst.size(): 28	(904 bytes each)
	  NumInst::hm_NumInst.size(): 5	(888 bytes each)
	  OpInst::hm_OpInst.size()  : 117	(944 bytes each)
	  OpInst::hm_ITEInst.size() : 17	(944 bytes each)
	  OpInst::hm_ETCInst.size() : 2	(944 bytes each)
	Total                       : 169

	Memory (est.)               : 0.230713 MB
	  ExInst                    : 0.000000 MB
	  SigInst                   : 0.024139 MB
	  NumInst                   : 0.004234 MB
	  OpInst::OP                : 0.105331 MB
	  OpInst::ITE               : 0.015305 MB
	  OpInst::ETC               : 0.001801 MB

	(maximum function composition in T: 1)

---------------------------------------------------------------------------------------------
 Reachability Analysis Begins
---------------------------------------------------------------------------------------------
Loop_FrameNumber_#ReachabilityIterations_#RefinementIterations
---------------------------------------------------------------------------------------------
Loop_0_0_0
---------------------------------------------------------------------------------------------
[Basis Step]:
	F[0] = I
	SAT_a ? [ F[0] && !P ]: UNSAT

[First Step]:
	SAT_a ? [ F[0] & T & !P ]: UNSAT

[RES_1]       0	: 0	: 0 s: 0
[RES_0]    L  0 : 0 s: 0, mem: 13, time: 0.003449
[RES_1]       0	: 1	: 0 0 s: 0
[RES_0]    L  1 : 0 0 s: 0, mem: 13, time: 0.003557
---------------------------------------------------------------------------------------------
Loop_1_0_0
---------------------------------------------------------------------------------------------
	F[1] = P
	SAT_a ? [ F[1] & T & !P+ ]: SAT
	(adding pred. from next_c to next) #1
	(adding from pre_c to ab. cube) #4
	(adding from pre_c to cc. cube) #4
	(bad cube [in !P+]) sz: 2
	(abstract cube) 4	(4 + 0 + 0 + 0 + 0)
	(concrete cube) 4	(4 + 0 + 0 + 0)
	SAT_a ? [ F[0] & T & C+ ]: UNSAT
		(ab core: 4 -> 1)
	(19 + 4 -> 19 + 1)
	(4 -> 1 -> 1)
	(4 -> 1 -> 1)

		[MUS(s)]:

		[1] w1	\X
[RES_1]       0	: 1	: 0 1 s: 1
[RES_0]    L  1 : 0 1 s: 1, mem: 14, time: 0.004524
---------------------------------------------------------------------------------------------
Loop_1_1_0
---------------------------------------------------------------------------------------------
	SAT_a ? [ F[1] & T & !P+ ]: UNSAT
[RES_1]       0	: 1	: 0 1 s: 1
[RES_0]    L  1 : 0 1 s: 1, mem: 14, time: 0.004613
	[Forward propagation]:
	(F1 about to converge: #1)
		\X
[RES_1]       0	: 2	: 0 1 0 s: 1
[RES_0]    L  2 : 0 1 0 s: 1, mem: 14, time: 0.004834
---------------------------------------------------------------------------------------------
Loop_2_0_0
---------------------------------------------------------------------------------------------
	F[2] = P
	SAT_a ? [ F[2] & T & !P+ ]: SAT
	(adding pred. from next_c to next) #1
	(adding from pre_c to ab. cube) #4
	(adding from pre_c to cc. cube) #4
	(bad cube [in !P+]) sz: 2
	(abstract cube) 4	(4 + 0 + 0 + 0 + 0)
	(concrete cube) 4	(4 + 0 + 0 + 0)
	SAT_a ? [ F[1] & T & C+ ]: UNSAT
		(ab core: 4 -> 3)
	(8 + 4 -> 8 + 3)
	(4 -> 3 -> 3)
	(4 -> 3 -> 3)

		[MUS(s)]:

		[1] w1	(\LoneHot && \L3 && \X)
[RES_1]       0	: 2	: 0 1 1 s: 2
[RES_0]    L  2 : 0 1 3 s: 4, mem: 14, time: 0.005479
---------------------------------------------------------------------------------------------
Loop_2_1_0
---------------------------------------------------------------------------------------------
	SAT_a ? [ F[2] & T & !P+ ]: UNSAT
[RES_1]       0	: 2	: 0 1 1 s: 2
[RES_0]    L  2 : 0 1 3 s: 4, mem: 14, time: 0.005561
	[Forward propagation]:
	(F1 about to converge: #1)
		\X
	(F2 about to converge: #1)
		(\LoneHot && \L3 && \X)
[RES_1]       0	: 3	: 0 1 1 0 s: 2
[RES_0]    L  3 : 0 1 3 0 s: 4, mem: 14, time: 0.005948
---------------------------------------------------------------------------------------------
Loop_3_0_0
---------------------------------------------------------------------------------------------
	F[3] = P
	SAT_a ? [ F[3] & T & !P+ ]: SAT
	(adding pred. from next_c to next) #1
	(adding from pre_c to ab. cube) #4
	(adding from pre_c to cc. cube) #4
	(bad cube [in !P+]) sz: 2
	(abstract cube) 4	(4 + 0 + 0 + 0 + 0)
	(concrete cube) 4	(4 + 0 + 0 + 0)
	SAT_a ? [ F[2] & T & C+ ]: SAT
	(adding from pre_c to ab. cube) #12
	(adding from pre_c to cc. cube) #12
	(abstract cube) 12	(12 + 0 + 0 + 0 + 0)
	(concrete cube) 12	(12 + 0 + 0 + 0)
	SAT_a ? [ F[1] & T & C+ ]: UNSAT
		(ab core: 12 -> 2)
	(17 + 12 -> 17 + 2)
	(12 -> 2 -> 2)
	(12 -> 2 -> 2)

		[MUS(s)]:

		[1] w1	(\L7 && \X)
	SAT_a ? [ F[2] & T & C+ ]: SAT
	(adding from pre_c to ab. cube) #12
	(adding from pre_c to cc. cube) #12
	(abstract cube) 12	(12 + 0 + 0 + 0 + 0)
	(concrete cube) 12	(12 + 0 + 0 + 0)
	SAT_a ? [ F[1] & T & C+ ]: UNSAT
		(ab core: 12 -> 2)
	(18 + 12 -> 18 + 2)
	(12 -> 2 -> 2)
	(12 -> 2 -> 2)

		[MUS(s)]:

		[1] w1	(!(\L5) && \X)
	SAT_a ? [ F[2] & T & C+ ]: UNSAT
		(ab core: 4 -> 3)
	(10 + 4 -> 10 + 3)
	(4 -> 3 -> 3)
	(4 -> 3 -> 3)

		[MUS(s)]:

		[1] w1	(\LoneHot && \L3 && \X)
[RES_1]       0	: 3	: 0 1 2 1 s: 4
[RES_0]    L  3 : 0 1 4 3 s: 8, mem: 14, time: 0.008439
---------------------------------------------------------------------------------------------
Loop_3_1_0
---------------------------------------------------------------------------------------------
	SAT_a ? [ F[3] & T & !P+ ]: UNSAT
[RES_1]       0	: 3	: 0 1 2 1 s: 4
[RES_0]    L  3 : 0 1 4 3 s: 8, mem: 14, time: 0.008545
	[Forward propagation]:
	(F1 about to converge: #1)
		\X
	(F2 about to converge: #2)
		(\L7 && \X)
		(!(\L5) && \X)
	(F3 about to converge: #1)
		(\LoneHot && \L3 && \X)
[RES_1]       0	: 4	: 0 1 2 1 0 s: 4
[RES_0]    L  4 : 0 1 4 3 0 s: 8, mem: 14, time: 0.009051
---------------------------------------------------------------------------------------------
Loop_4_0_0
---------------------------------------------------------------------------------------------
	F[4] = P
	SAT_a ? [ F[4] & T & !P+ ]: SAT
	(adding pred. from next_c to next) #1
	(adding from pre_c to ab. cube) #4
	(adding from pre_c to cc. cube) #4
	(bad cube [in !P+]) sz: 2
	(abstract cube) 4	(4 + 0 + 0 + 0 + 0)
	(concrete cube) 4	(4 + 0 + 0 + 0)
	SAT_a ? [ F[3] & T & C+ ]: SAT
	(adding from pre_c to ab. cube) #12
	(adding from pre_c to cc. cube) #12
	(abstract cube) 12	(12 + 0 + 0 + 0 + 0)
	(concrete cube) 12	(12 + 0 + 0 + 0)
	SAT_a ? [ F[2] & T & C+ ]: UNSAT
		(ab core: 12 -> 3)
	(19 + 12 -> 19 + 3)
	(12 -> 3 -> 3)
	(12 -> 3 -> 3)

		[MUS(s)]:

		[1] w1	(\L7 && \LoneHot && \X)
	SAT_a ? [ F[3] & T & C+ ]: SAT
	(adding from pre_c to ab. cube) #12
	(adding from pre_c to cc. cube) #12
	(abstract cube) 12	(12 + 0 + 0 + 0 + 0)
	(concrete cube) 12	(12 + 0 + 0 + 0)
	SAT_a ? [ F[2] & T & C+ ]: UNSAT
		(ab core: 12 -> 3)
	(20 + 12 -> 20 + 3)
	(12 -> 3 -> 3)
	(12 -> 3 -> 3)

		[MUS(s)]:

		[1] w1	(!(\L6) && !(\L5) && \X)
	SAT_a ? [ F[3] & T & C+ ]: UNSAT
		(ab core: 4 -> 3)
	(10 + 4 -> 10 + 3)
	(4 -> 3 -> 3)
	(4 -> 3 -> 3)

		[MUS(s)]:

		[1] w1	(\L3 && \LoneHot && \X)
[RES_1]       0	: 4	: 0 1 2 2 1 s: 6
[RES_0]    L  4 : 0 1 4 6 3 s: 14, mem: 14, time: 0.01124
---------------------------------------------------------------------------------------------
Loop_4_1_0
---------------------------------------------------------------------------------------------
	SAT_a ? [ F[4] & T & !P+ ]: UNSAT
[RES_1]       0	: 4	: 0 1 2 2 1 s: 6
[RES_0]    L  4 : 0 1 4 6 3 s: 14, mem: 14, time: 0.011368
	[Forward propagation]:
	(F1 about to converge: #1)
		\X
	(F2 about to converge: #2)
		(\L7 && \X)
		(!(\L5) && \X)
	(F3 about to converge: #2)
		(\L7 && \LoneHot && \X)
		(!(\L6) && !(\L5) && \X)
	(F4 about to converge: #1)
		(\L3 && \LoneHot && \X)
[RES_1]       0	: 5	: 0 1 2 2 1 0 s: 6
[RES_0]    L  5 : 0 1 4 6 3 0 s: 14, mem: 14, time: 0.012023
---------------------------------------------------------------------------------------------
Loop_5_0_0
---------------------------------------------------------------------------------------------
	F[5] = P
	SAT_a ? [ F[5] & T & !P+ ]: SAT
	(adding pred. from next_c to next) #1
	(adding from pre_c to ab. cube) #4
	(adding from pre_c to cc. cube) #4
	(bad cube [in !P+]) sz: 2
	(abstract cube) 4	(4 + 0 + 0 + 0 + 0)
	(concrete cube) 4	(4 + 0 + 0 + 0)
	SAT_a ? [ F[4] & T & C+ ]: SAT
	(adding from pre_c to ab. cube) #12
	(adding from pre_c to cc. cube) #12
	(abstract cube) 12	(12 + 0 + 0 + 0 + 0)
	(concrete cube) 12	(12 + 0 + 0 + 0)
	SAT_a ? [ F[3] & T & C+ ]: UNSAT
		(ab core: 12 -> 5)
	(19 + 12 -> 19 + 5)
	(12 -> 5 -> 4)
	(12 -> 5 -> 4)

		[MUS(s)]:

		[1] w32	((\S == 32'd2) && \L7 && \LoneHot && \X)
	SAT_a ? [ F[4] & T & C+ ]: SAT
	(adding from pre_c to ab. cube) #12
	(adding from pre_c to cc. cube) #12
	(abstract cube) 12	(12 + 0 + 0 + 0 + 0)
	(concrete cube) 12	(12 + 0 + 0 + 0)
	SAT_a ? [ F[3] & T & C+ ]: UNSAT
		(ab core: 12 -> 5)
	(20 + 12 -> 20 + 5)
	(12 -> 5 -> 5)
	(12 -> 5 -> 5)

		[MUS(s)]:

		[1] w32	(!(\L8) && !(\L6) && (\S == 32'd2) && !(\L5) && \X)
	SAT_a ? [ F[4] & T & C+ ]: SAT
	(adding from pre_c to ab. cube) #13
	(adding from pre_c to cc. cube) #13
	(abstract cube) 12	(12 + 0 + 0 + 0 + 0)
	(concrete cube) 12	(12 + 0 + 0 + 0)
	SAT_a ? [ F[3] & T & C+ ]: SAT
	(adding from pre_c to ab. cube) #13
	(adding from pre_c to cc. cube) #13
	(abstract cube) 12	(12 + 0 + 0 + 0 + 0)
	(concrete cube) 12	(12 + 0 + 0 + 0)
	SAT_a ? [ F[2] & T & C+ ]: SAT
	(adding from pre_c to ab. cube) #12
	(adding from pre_c to cc. cube) #12
	(abstract cube) 12	(12 + 0 + 0 + 0 + 0)
	(concrete cube) 12	(12 + 0 + 0 + 0)
	SAT_a ? [ F[1] & T & C+ ]: SAT
	(adding from pre_c to ab. cube) #12
	(adding required pred. from inp_c to ab. cube) #1
	(adding from pre_c to cc. cube) #12
	(adding pred. from inp_c to cc. cube) #1
	(abstract cube) 13	(13 + 0 + 0 + 0 + 0)
	(concrete cube) 13	(13 + 0 + 0 + 0)
	SAT_a ? [ F[0] & T & C+ ]: UNSAT
		(ab core: 13 -> 1)
	(27 + 13 -> 27 + 1)
	(13 -> 1 -> 1)
	(13 -> 1 -> 1)

		[MUS(s)]:

		[1] w32	(\S == 32'd2)
	SAT_a ? [ F[1] & T & C+ ]: UNSAT
		(ab core: 12 -> 3)
	(26 + 12 -> 26 + 3)
	(12 -> 3 -> 3)
	(12 -> 3 -> 3)

		[MUS(s)]:

		[1] w32	((\S == 32'd2) && \LoneHot && \X)
	SAT_a ? [ F[2] & T & C+ ]: UNSAT
		(ab core: 12 -> 4)
	(25 + 12 -> 25 + 4)
	(12 -> 4 -> 3)
	(12 -> 4 -> 3)

		[MUS(s)]:

		[1] w32	(!(\L5) && (\S == 32'd2) && \X)
	SAT_a ? [ F[3] & T & C+ ]: UNSAT
		(ab core: 12 -> 6)
	(22 + 12 -> 22 + 6)
	(12 -> 6 -> 4)
	(12 -> 6 -> 4)

		[MUS(s)]:

		[1] w32	(!(\L6) && !(\L5) && (\S == 32'd2) && \X)
	SAT_a ? [ F[4] & T & C+ ]: UNSAT
		(ab core: 4 -> 4)
	(11 + 4 -> 11 + 4)
	(4 -> 4 -> 4)
	(4 -> 4 -> 4)

		[MUS(s)]:

		[1] w32	(\L3 && \LoneHot && (\S == 32'd2) && \X)
[RES_1]       0	: 5	: 0 2 3 3 3 1 s: 12
[RES_0]    L  5 : 0 2 7 9 11 4 s: 33, mem: 15, time: 0.017818
---------------------------------------------------------------------------------------------
Loop_5_1_0
---------------------------------------------------------------------------------------------
	SAT_a ? [ F[5] & T & !P+ ]: UNSAT
[RES_1]       0	: 5	: 0 2 3 3 3 1 s: 12
[RES_0]    L  5 : 0 2 7 9 11 4 s: 33, mem: 15, time: 0.01791
	[Forward propagation]:
	(F1 about to converge: #2)
		\X
		(\S == 32'd2)
	(F4 about to converge: #2)
		(\L3 && \LoneHot && \X)
		(!(\L6) && !(\L5) && (\S == 32'd2) && \X)
	(F5 about to converge: #2)
		(\L3 && \LoneHot && (\S == 32'd2) && \X)
		((\S == 32'd2) && \L7 && \LoneHot && \X)
[RES_1]       0	: 6	: 0 2 3 3 2 2 0 s: 12
[RES_0]    L  6 : 0 2 7 9 7 8 0 s: 33, mem: 15, time: 0.018971
---------------------------------------------------------------------------------------------
Loop_6_0_0
---------------------------------------------------------------------------------------------
	F[6] = P
	SAT_a ? [ F[6] & T & !P+ ]: SAT
	(adding pred. from next_c to next) #1
	(adding from pre_c to ab. cube) #4
	(adding from pre_c to cc. cube) #4
	(bad cube [in !P+]) sz: 2
	(abstract cube) 4	(4 + 0 + 0 + 0 + 0)
	(concrete cube) 4	(4 + 0 + 0 + 0)
	SAT_a ? [ F[5] & T & C+ ]: SAT
	(adding from pre_c to ab. cube) #12
	(adding from pre_c to cc. cube) #12
	(abstract cube) 12	(12 + 0 + 0 + 0 + 0)
	(concrete cube) 12	(12 + 0 + 0 + 0)
	SAT_a ? [ F[4] & T & C+ ]: UNSAT
		(ab core: 12 -> 10)
	(19 + 12 -> 19 + 10)
	(12 -> 10 -> 5)
	(12 -> 10 -> 5)

		[MUS(s)]:

		[1] w32	(!(\L8) && !(\L6) && !(\L5) && (\S == 32'd2) && \X)
	SAT_a ? [ F[5] & T & C+ ]: SAT
	(adding from pre_c to ab. cube) #13
	(adding from pre_c to cc. cube) #13
	(abstract cube) 12	(12 + 0 + 0 + 0 + 0)
	(concrete cube) 12	(12 + 0 + 0 + 0)
	SAT_a ? [ F[4] & T & C+ ]: SAT
	(adding from pre_c to ab. cube) #13
	(adding from pre_c to cc. cube) #13
	(abstract cube) 12	(12 + 0 + 0 + 0 + 0)
	(concrete cube) 12	(12 + 0 + 0 + 0)
	SAT_a ? [ F[3] & T & C+ ]: SAT
	(adding from pre_c to ab. cube) #12
	(adding from pre_c to cc. cube) #12
	(abstract cube) 12	(12 + 0 + 0 + 0 + 0)
	(concrete cube) 12	(12 + 0 + 0 + 0)
	SAT_a ? [ F[2] & T & C+ ]: SAT
	(adding from pre_c to ab. cube) #12
	(adding from pre_c to cc. cube) #12
	(abstract cube) 12	(12 + 0 + 0 + 0 + 0)
	(concrete cube) 12	(12 + 0 + 0 + 0)
	SAT_a ? [ F[1] & T & C+ ]: UNSAT
		(ab core: 12 -> 5)
	(28 + 12 -> 28 + 5)
	(12 -> 5 -> 2)
	(12 -> 5 -> 2)

		[MUS(s)]:

		[1] w32	(!(\L9) && (\S == 32'd2))
	SAT_a ? [ F[2] & T & C+ ]: UNSAT
		(ab core: 12 -> 5)
	(27 + 12 -> 27 + 5)
	(12 -> 5 -> 3)
	(12 -> 5 -> 3)

		[MUS(s)]:

		[1] w32	(\LoneHot && (\S == 32'd2) && \X)
	SAT_a ? [ F[3] & T & C+ ]: UNSAT
		(ab core: 12 -> 6)
	(24 + 12 -> 24 + 6)
	(12 -> 6 -> 3)
	(12 -> 6 -> 3)

		[MUS(s)]:

		[1] w32	(!(\L5) && (\S == 32'd2) && \X)
	SAT_a ? [ F[4] & T & C+ ]: UNSAT
		(ab core: 12 -> 6)
	(21 + 12 -> 21 + 6)
	(12 -> 6 -> 4)
	(12 -> 6 -> 4)

		[MUS(s)]:

		[1] w32	(!(\L6) && !(\L5) && (\S == 32'd2) && \X)
	SAT_a ? [ F[5] & T & C+ ]: UNSAT
		(ab core: 4 -> 4)
	(11 + 4 -> 11 + 4)
	(4 -> 4 -> 4)
	(4 -> 4 -> 4)

		[MUS(s)]:

		[1] w32	(\L3 && \LoneHot && (\S == 32'd2) && \X)
[RES_1]       0	: 6	: 0 2 3 3 2 2 1 s: 13
[RES_0]    L  6 : 0 2 6 9 6 8 4 s: 35, mem: 15, time: 0.024983
---------------------------------------------------------------------------------------------
Loop_6_1_0
---------------------------------------------------------------------------------------------
	SAT_a ? [ F[6] & T & !P+ ]: UNSAT
[RES_1]       0	: 6	: 0 2 3 3 2 2 1 s: 13
[RES_0]    L  6 : 0 2 6 9 6 8 4 s: 35, mem: 15, time: 0.025081
	[Forward propagation]:
	(F1 about to converge: #2)
		\X
		(\S == 32'd2)
	(F4 about to converge: #2)
		(\L3 && \LoneHot && \X)
		(!(\L5) && (\S == 32'd2) && \X)
	(F5 about to converge: #1)
		(!(\L6) && !(\L5) && (\S == 32'd2) && \X)
	(F6 about to converge: #2)
		(\L3 && \LoneHot && (\S == 32'd2) && \X)
		((\S == 32'd2) && \L7 && \LoneHot && \X)
[RES_1]       0	: 7	: 0 2 3 3 2 1 2 0 s: 13
[RES_0]    L  7 : 0 2 6 9 6 4 8 0 s: 35, mem: 15, time: 0.0262
---------------------------------------------------------------------------------------------
Loop_7_0_0
---------------------------------------------------------------------------------------------
	F[7] = P
	SAT_a ? [ F[7] & T & !P+ ]: SAT
	(adding pred. from next_c to next) #1
	(adding from pre_c to ab. cube) #4
	(adding from pre_c to cc. cube) #4
	(bad cube [in !P+]) sz: 2
	(abstract cube) 4	(4 + 0 + 0 + 0 + 0)
	(concrete cube) 4	(4 + 0 + 0 + 0)
	SAT_a ? [ F[6] & T & C+ ]: SAT
	(adding from pre_c to ab. cube) #12
	(adding from pre_c to cc. cube) #12
	(abstract cube) 12	(12 + 0 + 0 + 0 + 0)
	(concrete cube) 12	(12 + 0 + 0 + 0)
	SAT_a ? [ F[5] & T & C+ ]: UNSAT
		(ab core: 12 -> 5)
	(21 + 12 -> 21 + 5)
	(12 -> 5 -> 5)
	(12 -> 5 -> 5)

		[MUS(s)]:

		[1] w32	(!(\L8) && !(\L6) && !(\L5) && (\S == 32'd2) && \X)
	SAT_a ? [ F[6] & T & C+ ]: SAT
	(adding from pre_c to ab. cube) #13
	(adding from pre_c to cc. cube) #13
	(abstract cube) 12	(12 + 0 + 0 + 0 + 0)
	(concrete cube) 12	(12 + 0 + 0 + 0)
	SAT_a ? [ F[5] & T & C+ ]: SAT
	(adding from pre_c to ab. cube) #13
	(adding from pre_c to cc. cube) #13
	(abstract cube) 12	(12 + 0 + 0 + 0 + 0)
	(concrete cube) 12	(12 + 0 + 0 + 0)
	SAT_a ? [ F[4] & T & C+ ]: SAT
	(adding from pre_c to ab. cube) #12
	(adding from pre_c to cc. cube) #12
	(abstract cube) 12	(12 + 0 + 0 + 0 + 0)
	(concrete cube) 12	(12 + 0 + 0 + 0)
	SAT_a ? [ F[3] & T & C+ ]: SAT
	(adding from pre_c to ab. cube) #12
	(adding required pred. from inp_c to ab. cube) #1
	(adding from pre_c to cc. cube) #12
	(adding pred. from inp_c to cc. cube) #1
	(abstract cube) 13	(13 + 0 + 0 + 0 + 0)
	(concrete cube) 13	(13 + 0 + 0 + 0)
	SAT_a ? [ F[2] & T & C+ ]: UNSAT
		(ab core: 13 -> 6)
	(33 + 13 -> 33 + 6)
	(13 -> 6 -> 3)
	(13 -> 6 -> 3)

		[MUS(s)]:

		[1] w32	(\L4 && \LoneHot && (\S == 32'd2))
	SAT_a ? [ F[3] & T & C+ ]: SAT
	(adding from pre_c to ab. cube) #12
	(adding from pre_c to cc. cube) #12
	(abstract cube) 12	(12 + 0 + 0 + 0 + 0)
	(concrete cube) 12	(12 + 0 + 0 + 0)
	SAT_a ? [ F[2] & T & C+ ]: UNSAT
		(ab core: 12 -> 9)
	(34 + 12 -> 34 + 9)
	(12 -> 9 -> 9)
	(12 -> 9 -> 9)

		[MUS(s)]:

		[1] w1	(!(\LoneHot) && !(\L7) && !(\L4) && !(\L3) && !(\L1) && \L5 && !(\L9) && !(\L8) && !(\L6))
	SAT_a ? [ F[3] & T & C+ ]: UNSAT
		(ab core: 12 -> 10)
	(31 + 12 -> 31 + 10)
	(12 -> 10 -> 3)
	(12 -> 10 -> 3)

		[MUS(s)]:

		[1] w32	(\L5 && \LoneHot && (\S == 32'd2))
	SAT_a ? [ F[4] & T & C+ ]: UNSAT
		(ab core: 12 -> 3)
	(26 + 12 -> 26 + 3)
	(12 -> 3 -> 3)
	(12 -> 3 -> 3)

		[MUS(s)]:

		[1] w32	(!(\L5) && (\S == 32'd2) && \X)
	SAT_a ? [ F[5] & T & C+ ]: UNSAT
		(ab core: 12 -> 7)
	(23 + 12 -> 23 + 7)
	(12 -> 7 -> 4)
	(12 -> 7 -> 4)

		[MUS(s)]:

		[1] w32	(!(\L6) && !(\L5) && (\S == 32'd2) && \X)
	SAT_a ? [ F[6] & T & C+ ]: UNSAT
		(ab core: 4 -> 4)
	(11 + 4 -> 11 + 4)
	(4 -> 4 -> 4)
	(4 -> 4 -> 4)

		[MUS(s)]:

		[1] w32	(\L3 && \LoneHot && (\S == 32'd2) && \X)
[RES_1]       0	: 7	: 0 2 3 5 2 1 2 1 s: 16
[RES_0]    L  7 : 0 2 6 21 6 3 8 4 s: 50, mem: 15, time: 0.032321
---------------------------------------------------------------------------------------------
Loop_7_1_0
---------------------------------------------------------------------------------------------
	SAT_a ? [ F[7] & T & !P+ ]: UNSAT
[RES_1]       0	: 7	: 0 2 3 5 2 1 2 1 s: 16
[RES_0]    L  7 : 0 2 6 21 6 3 8 4 s: 50, mem: 15, time: 0.032396
	[Forward propagation]:
	(F1 about to converge: #2)
		\X
		(\S == 32'd2)
	(F5 about to converge: #1)
		(!(\L5) && (\S == 32'd2) && \X)
	(F6 about to converge: #1)
		(!(\L6) && !(\L5) && (\S == 32'd2) && \X)
	(F7 about to converge: #2)
		(\L3 && \LoneHot && (\S == 32'd2) && \X)
		((\S == 32'd2) && \L7 && \LoneHot && \X)
[RES_1]       0	: 8	: 0 2 3 3 3 1 1 2 1 s: 16
[RES_0]    L  8 : 0 2 6 9 9 3 4 8 9 s: 50, mem: 15, time: 0.034021
---------------------------------------------------------------------------------------------
Loop_8_0_0
---------------------------------------------------------------------------------------------
	SAT_a ? [ F[8] & T & !P+ ]: SAT
	(adding pred. from next_c to next) #1
	(adding from pre_c to ab. cube) #4
	(adding from pre_c to cc. cube) #4
	(bad cube [in !P+]) sz: 2
	(abstract cube) 4	(4 + 0 + 0 + 0 + 0)
	(concrete cube) 4	(4 + 0 + 0 + 0)
	SAT_a ? [ F[7] & T & C+ ]: SAT
	(adding from pre_c to ab. cube) #12
	(adding from pre_c to cc. cube) #12
	(abstract cube) 12	(12 + 0 + 0 + 0 + 0)
	(concrete cube) 12	(12 + 0 + 0 + 0)
	SAT_a ? [ F[6] & T & C+ ]: UNSAT
		(ab core: 12 -> 5)
	(24 + 12 -> 24 + 5)
	(12 -> 5 -> 5)
	(12 -> 5 -> 5)

		[MUS(s)]:

		[1] w32	(\L1 && !(\L6) && !(\L5) && (\S == 32'd2) && \X)
	SAT_a ? [ F[7] & T & C+ ]: SAT
	(adding from pre_c to ab. cube) #12
	(adding from pre_c to cc. cube) #12
	(abstract cube) 12	(12 + 0 + 0 + 0 + 0)
	(concrete cube) 12	(12 + 0 + 0 + 0)
	SAT_a ? [ F[6] & T & C+ ]: UNSAT
		(ab core: 12 -> 5)
	(25 + 12 -> 25 + 5)
	(12 -> 5 -> 5)
	(12 -> 5 -> 5)

		[MUS(s)]:

		[1] w32	(!(\L8) && !(\L6) && !(\L5) && (\S == 32'd2) && \X)
	SAT_a ? [ F[7] & T & C+ ]: SAT
	(adding from pre_c to ab. cube) #13
	(adding from pre_c to cc. cube) #13
	(abstract cube) 12	(12 + 0 + 0 + 0 + 0)
	(concrete cube) 12	(12 + 0 + 0 + 0)
	SAT_a ? [ F[6] & T & C+ ]: SAT
	(adding from pre_c to ab. cube) #13
	(adding from pre_c to cc. cube) #13
	(abstract cube) 12	(12 + 0 + 0 + 0 + 0)
	(concrete cube) 12	(12 + 0 + 0 + 0)
	SAT_a ? [ F[5] & T & C+ ]: SAT
	(adding from pre_c to ab. cube) #12
	(adding from pre_c to cc. cube) #12
	(abstract cube) 12	(12 + 0 + 0 + 0 + 0)
	(concrete cube) 12	(12 + 0 + 0 + 0)
	SAT_a ? [ F[4] & T & C+ ]: SAT
	(adding from pre_c to ab. cube) #12
	(adding required pred. from inp_c to ab. cube) #1
	(adding from pre_c to cc. cube) #12
	(adding pred. from inp_c to cc. cube) #1
	(abstract cube) 13	(13 + 0 + 0 + 0 + 0)
	(concrete cube) 13	(13 + 0 + 0 + 0)
	SAT_a ? [ F[3] & T & C+ ]: SAT
	(adding from pre_c to ab. cube) #12
	(adding from pre_c to cc. cube) #12
	(abstract cube) 12	(12 + 0 + 0 + 0 + 0)
	(concrete cube) 12	(12 + 0 + 0 + 0)
	SAT_a ? [ F[2] & T & C+ ]: SAT
	(adding from pre_c to ab. cube) #12
	(adding from pre_c to cc. cube) #12
	(abstract cube) 12	(12 + 0 + 0 + 0 + 0)
	(concrete cube) 12	(12 + 0 + 0 + 0)
	SAT_a ? [ F[1] & T & C+ ]: SAT
	(adding from pre_c to ab. cube) #12
	(adding from pre_c to cc. cube) #12
	(abstract cube) 12	(12 + 0 + 0 + 0 + 0)
	(concrete cube) 12	(12 + 0 + 0 + 0)
	SAT_a ? [ F[0] & T & C+ ]: UNSAT
		(ab core: 12 -> 1)
	(27 + 12 -> 27 + 1)
	(12 -> 1 -> 1)
	(12 -> 1 -> 1)

		[MUS(s)]:

		   (forcing elimination of initial states from original mus)
		[0] (orig) !(\L3)
		[1] w32	(!(\L3) && !((\L1 && !(\L10) && !(\L3) && !(\L4) && !(\L5) && !(\L6) && !(\L7) && !(\L8) && !(\L9) && \LoneHot && (\S == 32'd0) && !(\X))))
	SAT_a ? [ F[1] & T & C+ ]: UNSAT
		(ab core: 12 -> 5)
	(51 + 12 -> 51 + 5)
	(12 -> 5 -> 2)
	(12 -> 5 -> 2)

		[MUS(s)]:

		[1] w32	(\LoneHot && (\S == 32'd2))
	SAT_a ? [ F[2] & T & C+ ]: UNSAT
		(ab core: 12 -> 4)
	(49 + 12 -> 49 + 4)
	(12 -> 4 -> 2)
	(12 -> 4 -> 2)

		[MUS(s)]:

		[1] w32	(!(\L9) && (\S == 32'd2))
	SAT_a ? [ F[3] & T & C+ ]: UNSAT
		(ab core: 13 -> 6)
	(45 + 13 -> 45 + 6)
	(13 -> 6 -> 3)
	(13 -> 6 -> 3)

		[MUS(s)]:

		[1] w32	(!(\L3) && !(\L9) && (\S == 32'd2))
	SAT_a ? [ F[4] & T & C+ ]: UNSAT
		(ab core: 12 -> 7)
	(39 + 12 -> 39 + 7)
	(12 -> 7 -> 3)
	(12 -> 7 -> 3)

		[MUS(s)]:

		[1] w32	(\L5 && \LoneHot && (\S == 32'd2))
	SAT_a ? [ F[5] & T & C+ ]: UNSAT
		(ab core: 12 -> 3)
	(33 + 12 -> 33 + 3)
	(12 -> 3 -> 3)
	(12 -> 3 -> 3)

		[MUS(s)]:

		[1] w32	(!(\L5) && \X && (\S == 32'd2))
	SAT_a ? [ F[6] & T & C+ ]: UNSAT
		(ab core: 12 -> 7)
	(27 + 12 -> 27 + 7)
	(12 -> 7 -> 4)
	(12 -> 7 -> 4)

		[MUS(s)]:

		[1] w32	(!(\L6) && !(\L5) && \X && (\S == 32'd2))
	SAT_a ? [ F[7] & T & C+ ]: UNSAT
		(ab core: 4 -> 4)
	(14 + 4 -> 14 + 4)
	(4 -> 4 -> 4)
	(4 -> 4 -> 4)

		[MUS(s)]:

		[1] w32	(\L3 && \LoneHot && \X && (\S == 32'd2))
[RES_1]       0	: 8	: 0 3 3 4 3 1 1 2 2 s: 19
[RES_0]    L  8 : 0 4 6 11 9 3 3 8 13 s: 57, mem: 15, time: 0.042559
---------------------------------------------------------------------------------------------
Loop_8_1_0
---------------------------------------------------------------------------------------------
	SAT_a ? [ F[8] & T & !P+ ]: UNSAT
[RES_1]       0	: 8	: 0 3 3 4 3 1 1 2 2 s: 19
[RES_0]    L  8 : 0 4 6 11 9 3 3 8 13 s: 57, mem: 15, time: 0.042642
	[Forward propagation]:
	(F5 about to converge: #2)
		(\L5 && \LoneHot && (\S == 32'd2))
		(\LoneHot && (\S == 32'd2) && \X)
	(F6 about to converge: #1)
		(!(\L5) && \X && (\S == 32'd2))
	(F7 about to converge: #1)
		(!(\L6) && !(\L5) && \X && (\S == 32'd2))
	(F8 about to converge: #2)
		(\L3 && \LoneHot && \X && (\S == 32'd2))
		((\S == 32'd2) && \L7 && \LoneHot && \X)
[RES_1]       0	: 9	: 0 3 3 3 3 2 1 1 2 1 s: 19
[RES_0]    L  9 : 0 4 6 8 9 6 3 4 8 9 s: 57, mem: 15, time: 0.044367
---------------------------------------------------------------------------------------------
Loop_9_0_0
---------------------------------------------------------------------------------------------
	SAT_a ? [ F[9] & T & !P+ ]: SAT
	(adding pred. from next_c to next) #1
	(adding from pre_c to ab. cube) #4
	(adding from pre_c to cc. cube) #4
	(bad cube [in !P+]) sz: 2
	(abstract cube) 4	(4 + 0 + 0 + 0 + 0)
	(concrete cube) 4	(4 + 0 + 0 + 0)
	SAT_a ? [ F[8] & T & C+ ]: SAT
	(adding from pre_c to ab. cube) #12
	(adding from pre_c to cc. cube) #12
	(abstract cube) 12	(12 + 0 + 0 + 0 + 0)
	(concrete cube) 12	(12 + 0 + 0 + 0)
	SAT_a ? [ F[7] & T & C+ ]: UNSAT
		(ab core: 12 -> 5)
	(25 + 12 -> 25 + 5)
	(12 -> 5 -> 5)
	(12 -> 5 -> 5)

		[MUS(s)]:

		[1] w32	(\L1 && !(\L6) && !(\L5) && \X && (\S == 32'd2))
	SAT_a ? [ F[8] & T & C+ ]: SAT
	(adding from pre_c to ab. cube) #12
	(adding from pre_c to cc. cube) #12
	(abstract cube) 12	(12 + 0 + 0 + 0 + 0)
	(concrete cube) 12	(12 + 0 + 0 + 0)
	SAT_a ? [ F[7] & T & C+ ]: UNSAT
		(ab core: 12 -> 7)
	(26 + 12 -> 26 + 7)
	(12 -> 7 -> 5)
	(12 -> 7 -> 5)

		[MUS(s)]:

		[1] w32	(!(\L8) && !(\L6) && !(\L5) && \X && (\S == 32'd2))
	SAT_a ? [ F[8] & T & C+ ]: SAT
	(adding from pre_c to ab. cube) #13
	(adding from pre_c to cc. cube) #13
	(abstract cube) 12	(12 + 0 + 0 + 0 + 0)
	(concrete cube) 12	(12 + 0 + 0 + 0)
	SAT_a ? [ F[7] & T & C+ ]: SAT
	(adding from pre_c to ab. cube) #13
	(adding from pre_c to cc. cube) #13
	(abstract cube) 12	(12 + 0 + 0 + 0 + 0)
	(concrete cube) 12	(12 + 0 + 0 + 0)
	SAT_a ? [ F[6] & T & C+ ]: SAT
	(adding from pre_c to ab. cube) #12
	(adding from pre_c to cc. cube) #12
	(abstract cube) 12	(12 + 0 + 0 + 0 + 0)
	(concrete cube) 12	(12 + 0 + 0 + 0)
	SAT_a ? [ F[5] & T & C+ ]: SAT
	(adding from pre_c to ab. cube) #12
	(adding required pred. from inp_c to ab. cube) #1
	(adding from pre_c to cc. cube) #12
	(adding pred. from inp_c to cc. cube) #1
	(abstract cube) 13	(13 + 0 + 0 + 0 + 0)
	(concrete cube) 13	(13 + 0 + 0 + 0)
	SAT_a ? [ F[4] & T & C+ ]: SAT
	(adding from pre_c to ab. cube) #12
	(adding from pre_c to cc. cube) #12
	(abstract cube) 12	(12 + 0 + 0 + 0 + 0)
	(concrete cube) 12	(12 + 0 + 0 + 0)
	SAT_a ? [ F[3] & T & C+ ]: SAT
	(adding from pre_c to ab. cube) #12
	(adding from pre_c to cc. cube) #12
	(abstract cube) 12	(12 + 0 + 0 + 0 + 0)
	(concrete cube) 12	(12 + 0 + 0 + 0)
	SAT_a ? [ F[2] & T & C+ ]: SAT
	(adding from pre_c to ab. cube) #12
	(adding from pre_c to cc. cube) #12
	(abstract cube) 12	(12 + 0 + 0 + 0 + 0)
	(concrete cube) 12	(12 + 0 + 0 + 0)
	SAT_a ? [ F[1] & T & C+ ]: UNSAT
		(ab core: 12 -> 2)
	(64 + 12 -> 64 + 2)
	(12 -> 2 -> 2)
	(12 -> 2 -> 2)

		[MUS(s)]:

		   (forcing elimination of initial states from original mus)
		[0] (orig) (!(\L4) && !(\L3))
		[1] w32	(!(\L4) && !(\L3) && !((\L1 && !(\L10) && !(\L3) && !(\L4) && !(\L5) && !(\L6) && !(\L7) && !(\L8) && !(\L9) && \LoneHot && (\S == 32'd0) && !(\X))))
	SAT_a ? [ F[2] & T & C+ ]: UNSAT
		(ab core: 12 -> 4)
	(62 + 12 -> 62 + 4)
	(12 -> 4 -> 4)
	(12 -> 4 -> 4)

		[MUS(s)]:

		   (forcing elimination of initial states from original mus)
		[0] (orig) (!(\L4) && !(\L3) && !(\L6) && !(\L5))
		[1] w32	(!(\L4) && !(\L3) && !(\L6) && !(\L5) && !((\L1 && !(\L10) && !(\L3) && !(\L4) && !(\L5) && !(\L6) && !(\L7) && !(\L8) && !(\L9) && \LoneHot && (\S == 32'd0) && !(\X))))
	SAT_a ? [ F[3] & T & C+ ]: UNSAT
		(ab core: 12 -> 5)
	(57 + 12 -> 57 + 5)
	(12 -> 5 -> 2)
	(12 -> 5 -> 2)

		[MUS(s)]:

		[1] w32	(\LoneHot && (\S == 32'd2))
	SAT_a ? [ F[4] & T & C+ ]: UNSAT
		(ab core: 13 -> 6)
	(50 + 13 -> 50 + 6)
	(13 -> 6 -> 3)
	(13 -> 6 -> 3)

		[MUS(s)]:

		[1] w32	(!(\L9) && !(\L3) && (\S == 32'd2))
	SAT_a ? [ F[5] & T & C+ ]: UNSAT
		(ab core: 12 -> 7)
	(42 + 12 -> 42 + 7)
	(12 -> 7 -> 3)
	(12 -> 7 -> 3)

		[MUS(s)]:

		[1] w32	(\L5 && \LoneHot && (\S == 32'd2))
	SAT_a ? [ F[6] & T & C+ ]: UNSAT
		(ab core: 12 -> 5)
	(34 + 12 -> 34 + 5)
	(12 -> 5 -> 3)
	(12 -> 5 -> 3)

		[MUS(s)]:

		[1] w32	(!(\L5) && \X && (\S == 32'd2))
	SAT_a ? [ F[7] & T & C+ ]: UNSAT
		(ab core: 12 -> 7)
	(28 + 12 -> 28 + 7)
	(12 -> 7 -> 4)
	(12 -> 7 -> 4)

		[MUS(s)]:

		[1] w32	(!(\L6) && !(\L5) && \X && (\S == 32'd2))
	SAT_a ? [ F[8] & T & C+ ]: UNSAT
		(ab core: 4 -> 4)
	(14 + 4 -> 14 + 4)
	(4 -> 4 -> 4)
	(4 -> 4 -> 4)

		[MUS(s)]:

		[1] w32	(\L3 && \LoneHot && \X && (\S == 32'd2))
[RES_1]       0	: 9	: 0 3 3 4 2 2 1 1 2 2 s: 20
[RES_0]    L  9 : 0 4 7 13 5 6 3 3 8 13 s: 62, mem: 15, time: 0.053213
---------------------------------------------------------------------------------------------
Loop_9_1_0
---------------------------------------------------------------------------------------------
	SAT_a ? [ F[9] & T & !P+ ]: UNSAT
[RES_1]       0	: 9	: 0 3 3 4 2 2 1 1 2 2 s: 20
[RES_0]    L  9 : 0 4 7 13 5 6 3 3 8 13 s: 62, mem: 15, time: 0.053307
	[Forward propagation]:
	(F4 about to converge: #2)
		(\L3 && \LoneHot && \X)
		(\LoneHot && (\S == 32'd2))
	(F5 about to converge: #1)
		(!(\L9) && (\S == 32'd2))
	(F6 about to converge: #2)
		(\L5 && \LoneHot && (\S == 32'd2))
		(\LoneHot && (\S == 32'd2) && \X)
	(F7 about to converge: #1)
		(!(\L5) && \X && (\S == 32'd2))
	(F8 about to converge: #1)
		(!(\L6) && !(\L5) && \X && (\S == 32'd2))
	(F9 about to converge: #2)
		(\L3 && \LoneHot && \X && (\S == 32'd2))
		((\S == 32'd2) && \L7 && \LoneHot && \X)
[RES_1]       0	: 10	: 0 3 3 3 2 1 2 1 1 2 1 s: 19
[RES_0]    L  10 : 0 4 7 11 5 2 6 3 4 8 9 s: 59, mem: 15, time: 0.054995
---------------------------------------------------------------------------------------------
Loop_10_0_0
---------------------------------------------------------------------------------------------
	SAT_a ? [ F[10] & T & !P+ ]: SAT
	(adding pred. from next_c to next) #1
	(adding from pre_c to ab. cube) #4
	(adding from pre_c to cc. cube) #4
	(bad cube [in !P+]) sz: 2
	(abstract cube) 4	(4 + 0 + 0 + 0 + 0)
	(concrete cube) 4	(4 + 0 + 0 + 0)
	SAT_a ? [ F[9] & T & C+ ]: SAT
	(adding from pre_c to ab. cube) #12
	(adding from pre_c to cc. cube) #12
	(abstract cube) 12	(12 + 0 + 0 + 0 + 0)
	(concrete cube) 12	(12 + 0 + 0 + 0)
	SAT_a ? [ F[8] & T & C+ ]: UNSAT
		(ab core: 12 -> 5)
	(25 + 12 -> 25 + 5)
	(12 -> 5 -> 5)
	(12 -> 5 -> 5)

		[MUS(s)]:

		[1] w32	(\L1 && !(\L6) && !(\L5) && \X && (\S == 32'd2))
	SAT_a ? [ F[9] & T & C+ ]: SAT
	(adding from pre_c to ab. cube) #12
	(adding from pre_c to cc. cube) #12
	(abstract cube) 12	(12 + 0 + 0 + 0 + 0)
	(concrete cube) 12	(12 + 0 + 0 + 0)
	SAT_a ? [ F[8] & T & C+ ]: UNSAT
		(ab core: 12 -> 8)
	(26 + 12 -> 26 + 8)
	(12 -> 8 -> 5)
	(12 -> 8 -> 5)

		[MUS(s)]:

		[1] w32	(!(\L8) && !(\L6) && !(\L5) && \X && (\S == 32'd2))
	SAT_a ? [ F[9] & T & C+ ]: SAT
	(adding from pre_c to ab. cube) #13
	(adding from pre_c to cc. cube) #13
	(abstract cube) 12	(12 + 0 + 0 + 0 + 0)
	(concrete cube) 12	(12 + 0 + 0 + 0)
	SAT_a ? [ F[8] & T & C+ ]: SAT
	(adding from pre_c to ab. cube) #13
	(adding from pre_c to cc. cube) #13
	(abstract cube) 12	(12 + 0 + 0 + 0 + 0)
	(concrete cube) 12	(12 + 0 + 0 + 0)
	SAT_a ? [ F[7] & T & C+ ]: SAT
	(adding from pre_c to ab. cube) #12
	(adding from pre_c to cc. cube) #12
	(abstract cube) 12	(12 + 0 + 0 + 0 + 0)
	(concrete cube) 12	(12 + 0 + 0 + 0)
	SAT_a ? [ F[6] & T & C+ ]: SAT
	(adding from pre_c to ab. cube) #12
	(adding required pred. from inp_c to ab. cube) #1
	(adding from pre_c to cc. cube) #12
	(adding pred. from inp_c to cc. cube) #1
	(abstract cube) 13	(13 + 0 + 0 + 0 + 0)
	(concrete cube) 13	(13 + 0 + 0 + 0)
	SAT_a ? [ F[5] & T & C+ ]: UNSAT
		(ab core: 13 -> 6)
	(52 + 13 -> 52 + 6)
	(13 -> 6 -> 3)
	(13 -> 6 -> 3)

		[MUS(s)]:

		[1] w32	(!(\L9) && !(\L3) && (\S == 32'd2))
	SAT_a ? [ F[6] & T & C+ ]: UNSAT
		(ab core: 12 -> 7)
	(43 + 12 -> 43 + 7)
	(12 -> 7 -> 3)
	(12 -> 7 -> 3)

		[MUS(s)]:

		[1] w32	(\L5 && \LoneHot && (\S == 32'd2))
	SAT_a ? [ F[7] & T & C+ ]: UNSAT
		(ab core: 12 -> 5)
	(35 + 12 -> 35 + 5)
	(12 -> 5 -> 3)
	(12 -> 5 -> 3)

		[MUS(s)]:

		[1] w32	(!(\L5) && \X && (\S == 32'd2))
	SAT_a ? [ F[8] & T & C+ ]: UNSAT
		(ab core: 12 -> 7)
	(28 + 12 -> 28 + 7)
	(12 -> 7 -> 4)
	(12 -> 7 -> 4)

		[MUS(s)]:

		[1] w32	(!(\L6) && !(\L5) && \X && (\S == 32'd2))
	SAT_a ? [ F[9] & T & C+ ]: UNSAT
		(ab core: 4 -> 4)
	(14 + 4 -> 14 + 4)
	(4 -> 4 -> 4)
	(4 -> 4 -> 4)

		[MUS(s)]:

		[1] w32	(\L3 && \LoneHot && \X && (\S == 32'd2))
[RES_1]       0	: 10	: 0 3 3 3 2 1 2 1 1 2 2 s: 20
[RES_0]    L  10 : 0 4 7 11 5 2 6 3 3 8 13 s: 62, mem: 15, time: 0.060901
---------------------------------------------------------------------------------------------
Loop_10_1_0
---------------------------------------------------------------------------------------------
	SAT_a ? [ F[10] & T & !P+ ]: UNSAT
[RES_1]       0	: 10	: 0 3 3 3 2 1 2 1 1 2 2 s: 20
[RES_0]    L  10 : 0 4 7 11 5 2 6 3 3 8 13 s: 62, mem: 15, time: 0.060986
	[Forward propagation]:
	(F4 about to converge: #2)
		(\L3 && \LoneHot && \X)
		(\LoneHot && (\S == 32'd2))
	(F5 about to converge: #1)
		(!(\L9) && (\S == 32'd2))
	(F6 about to converge: #1)
		(!(\L9) && !(\L3) && (\S == 32'd2))
	(F7 about to converge: #2)
		(\L5 && \LoneHot && (\S == 32'd2))
		(\LoneHot && (\S == 32'd2) && \X)
	(F8 about to converge: #1)
		(!(\L5) && \X && (\S == 32'd2))
	(F9 about to converge: #1)
		(!(\L6) && !(\L5) && \X && (\S == 32'd2))
	(F10 about to converge: #2)
		(\L3 && \LoneHot && \X && (\S == 32'd2))
		((\S == 32'd2) && \L7 && \LoneHot && \X)
[RES_1]       0	: 11	: 0 3 3 3 2 1 1 2 1 1 2 1 s: 20
[RES_0]    L  11 : 0 4 7 11 5 2 3 6 3 4 8 9 s: 62, mem: 16, time: 0.063462
---------------------------------------------------------------------------------------------
Loop_11_0_0
---------------------------------------------------------------------------------------------
	SAT_a ? [ F[11] & T & !P+ ]: SAT
	(adding pred. from next_c to next) #1
	(adding from pre_c to ab. cube) #4
	(adding from pre_c to cc. cube) #4
	(bad cube [in !P+]) sz: 2
	(abstract cube) 4	(4 + 0 + 0 + 0 + 0)
	(concrete cube) 4	(4 + 0 + 0 + 0)
	SAT_a ? [ F[10] & T & C+ ]: SAT
	(adding from pre_c to ab. cube) #12
	(adding from pre_c to cc. cube) #12
	(abstract cube) 12	(12 + 0 + 0 + 0 + 0)
	(concrete cube) 12	(12 + 0 + 0 + 0)
	SAT_a ? [ F[9] & T & C+ ]: UNSAT
		(ab core: 12 -> 5)
	(19 + 12 -> 19 + 5)
	(12 -> 5 -> 5)
	(12 -> 5 -> 5)

		[MUS(s)]:

		[1] w32	(!(\L8) && !(\L6) && !(\L5) && \X && (\S == 32'd2))
	SAT_a ? [ F[10] & T & C+ ]: SAT
	(adding from pre_c to ab. cube) #13
	(adding from pre_c to cc. cube) #13
	(abstract cube) 12	(12 + 0 + 0 + 0 + 0)
	(concrete cube) 12	(12 + 0 + 0 + 0)
	SAT_a ? [ F[9] & T & C+ ]: SAT
	(adding from pre_c to ab. cube) #13
	(adding from pre_c to cc. cube) #13
	(abstract cube) 12	(12 + 0 + 0 + 0 + 0)
	(concrete cube) 12	(12 + 0 + 0 + 0)
	SAT_a ? [ F[8] & T & C+ ]: SAT
	(adding from pre_c to ab. cube) #12
	(adding from pre_c to cc. cube) #12
	(abstract cube) 12	(12 + 0 + 0 + 0 + 0)
	(concrete cube) 12	(12 + 0 + 0 + 0)
	SAT_a ? [ F[7] & T & C+ ]: SAT
	(adding from pre_c to ab. cube) #12
	(adding required pred. from inp_c to ab. cube) #1
	(adding from pre_c to cc. cube) #12
	(adding pred. from inp_c to cc. cube) #1
	(abstract cube) 13	(13 + 0 + 0 + 0 + 0)
	(concrete cube) 13	(13 + 0 + 0 + 0)
	SAT_a ? [ F[6] & T & C+ ]: SAT
	(adding from pre_c to ab. cube) #12
	(adding from pre_c to cc. cube) #12
	(abstract cube) 12	(12 + 0 + 0 + 0 + 0)
	(concrete cube) 12	(12 + 0 + 0 + 0)
	SAT_a ? [ F[5] & T & C+ ]: SAT
	(adding from pre_c to ab. cube) #12
	(adding from pre_c to cc. cube) #12
	(abstract cube) 12	(12 + 0 + 0 + 0 + 0)
	(concrete cube) 12	(12 + 0 + 0 + 0)
	SAT_a ? [ F[4] & T & C+ ]: SAT
	(adding from pre_c to ab. cube) #12
	(adding from pre_c to cc. cube) #12
	(abstract cube) 12	(12 + 0 + 0 + 0 + 0)
	(concrete cube) 12	(12 + 0 + 0 + 0)
	SAT_a ? [ F[3] & T & C+ ]: UNSAT
		(ab core: 12 -> 9)
	(30 + 12 -> 30 + 9)
	(12 -> 9 -> 6)
	(12 -> 9 -> 6)

		[MUS(s)]:

		   (forcing elimination of initial states from original mus)
		[0] (orig) (!(\L7) && !(\L4) && !(\L3) && !(\L8) && !(\L6) && !(\L5))
		[1] w32	(!(\L7) && !(\L4) && !(\L3) && !(\L8) && !(\L6) && !(\L5) && !((\L1 && !(\L10) && !(\L3) && !(\L4) && !(\L5) && !(\L6) && !(\L7) && !(\L8) && !(\L9) && \LoneHot && (\S == 32'd0) && !(\X))))
	SAT_a ? [ F[4] & T & C+ ]: SAT
	(adding from pre_c to ab. cube) #12
	(adding from pre_c to cc. cube) #12
	(abstract cube) 12	(12 + 0 + 0 + 0 + 0)
	(concrete cube) 12	(12 + 0 + 0 + 0)
	SAT_a ? [ F[3] & T & C+ ]: SAT
	(adding from pre_c to ab. cube) #13
	(adding from pre_c to cc. cube) #13
	(abstract cube) 12	(12 + 0 + 0 + 0 + 0)
	(concrete cube) 12	(12 + 0 + 0 + 0)
	SAT_a ? [ F[2] & T & C+ ]: SAT
	(adding from pre_c to ab. cube) #13
	(adding from pre_c to cc. cube) #13
	(abstract cube) 13	(13 + 0 + 0 + 0 + 0)
	(concrete cube) 13	(13 + 0 + 0 + 0)
	SAT_a ? [ F[1] & T & C+ ]: SAT
	(adding from pre_c to ab. cube) #13
	(adding from pre_c to cc. cube) #13
	(abstract cube) 12	(12 + 0 + 0 + 0 + 0)
	(concrete cube) 12	(12 + 0 + 0 + 0)
	SAT_a ? [ F[0] & T & C+ ]: UNSAT
		(ab core: 12 -> 1)
	(27 + 12 -> 27 + 1)
	(12 -> 1 -> 1)
	(12 -> 1 -> 1)

		[MUS(s)]:

		[1] w32	(\S == 32'd1)
	SAT_a ? [ F[1] & T & C+ ]: UNSAT
		(ab core: 13 -> 1)
	(38 + 13 -> 38 + 1)
	(13 -> 1 -> 1)
	(13 -> 1 -> 1)

		[MUS(s)]:

		[1] w32	(\S == 32'd1)
	SAT_a ? [ F[2] & T & C+ ]: UNSAT
		(ab core: 12 -> 4)
	(35 + 12 -> 35 + 4)
	(12 -> 4 -> 2)
	(12 -> 4 -> 2)

		[MUS(s)]:

		[1] w32	((\S == 32'd1) && \LoneHot)
	SAT_a ? [ F[3] & T & C+ ]: UNSAT
		(ab core: 12 -> 6)
	(32 + 12 -> 32 + 6)
	(12 -> 6 -> 6)
	(12 -> 6 -> 6)

		[MUS(s)]:

		[1] w32	(\L8 && (\S == 32'd1) && !(\L4) && !(\L3) && !(\L6) && !(\L5))
	SAT_a ? [ F[4] & T & C+ ]: UNSAT
		(ab core: 12 -> 8)
	(29 + 12 -> 29 + 8)
	(12 -> 8 -> 6)
	(12 -> 8 -> 6)

		[MUS(s)]:

		   (forcing elimination of initial states from original mus)
		[0] (orig) (!(\L7) && !(\L4) && !(\L8) && !(\L3) && !(\L6) && !(\L5))
		[1] w32	(!(\L7) && !(\L4) && !(\L8) && !(\L3) && !(\L6) && !(\L5) && !((\L1 && !(\L10) && !(\L3) && !(\L4) && !(\L5) && !(\L6) && !(\L7) && !(\L8) && !(\L9) && \LoneHot && (\S == 32'd0) && !(\X))))
	SAT_a ? [ F[5] & T & C+ ]: UNSAT
		(ab core: 12 -> 6)
	(26 + 12 -> 26 + 6)
	(12 -> 6 -> 3)
	(12 -> 6 -> 3)

		[MUS(s)]:

		[1] w32	(\L3 && \LoneHot && (\S == 32'd2))
	SAT_a ? [ F[6] & T & C+ ]: UNSAT
		(ab core: 13 -> 6)
	(25 + 13 -> 25 + 6)
	(13 -> 6 -> 3)
	(13 -> 6 -> 3)

		[MUS(s)]:

		[1] w32	(!(\L9) && !(\L3) && (\S == 32'd2))
	SAT_a ? [ F[7] & T & C+ ]: UNSAT
		(ab core: 12 -> 8)
	(24 + 12 -> 24 + 8)
	(12 -> 8 -> 4)
	(12 -> 8 -> 4)

		[MUS(s)]:

		[1] w32	(!(\L4) && !(\L9) && !(\L3) && (\S == 32'd2))
	SAT_a ? [ F[8] & T & C+ ]: UNSAT
		(ab core: 12 -> 5)
	(22 + 12 -> 22 + 5)
	(12 -> 5 -> 4)
	(12 -> 5 -> 4)

		[MUS(s)]:

		[1] w32	(\LoneHot && !(\L5) && \X && (\S == 32'd2))
	SAT_a ? [ F[9] & T & C+ ]: UNSAT
		(ab core: 12 -> 7)
	(21 + 12 -> 21 + 7)
	(12 -> 7 -> 4)
	(12 -> 7 -> 4)

		[MUS(s)]:

		[1] w32	(!(\L6) && !(\L5) && \X && (\S == 32'd2))
	SAT_a ? [ F[10] & T & C+ ]: UNSAT
		(ab core: 4 -> 4)
	(12 + 4 -> 12 + 4)
	(4 -> 4 -> 4)
	(4 -> 4 -> 4)

		[MUS(s)]:

		[1] w32	(\L3 && \LoneHot && \X && (\S == 32'd2))
[RES_1]       0	: 11	: 0 3 4 4 3 2 1 3 2 1 2 2 s: 27
[RES_0]    L  11 : 0 4 8 13 11 9 3 9 7 4 8 13 s: 89, mem: 16, time: 0.079113
---------------------------------------------------------------------------------------------
Loop_11_1_0
---------------------------------------------------------------------------------------------
	SAT_a ? [ F[11] & T & !P+ ]: UNSAT
[RES_1]       0	: 11	: 0 3 4 4 3 2 1 3 2 1 2 2 s: 27
[RES_0]    L  11 : 0 4 8 13 11 9 3 9 7 4 8 13 s: 89, mem: 16, time: 0.079206
	[Forward propagation]:
	(F1 about to converge: #2)
		\X
		(!(\L3) && !((\L1 && !(\L10) && !(\L3) && !(\L4) && !(\L5) && !(\L6) && !(\L7) && !(\L8) && !(\L9) && \LoneHot && (\S == 32'd0) && !(\X))))
	(F5 about to converge: #2)
		(!(\L9) && (\S == 32'd2))
		(!(\L7) && !(\L4) && !(\L8) && !(\L3) && !(\L6) && !(\L5) && !((\L1 && !(\L10) && !(\L3) && !(\L4) && !(\L5) && !(\L6) && !(\L7) && !(\L8) && !(\L9) && \LoneHot && (\S == 32'd0) && !(\X))))
	(F6 about to converge: #1)
		(\L3 && \LoneHot && (\S == 32'd2))
	(F7 about to converge: #1)
		(!(\L9) && !(\L3) && (\S == 32'd2))
	(F9 about to converge: #1)
		(!(\L5) && \X && (\S == 32'd2))
	(F10 about to converge: #1)
		(!(\L6) && !(\L5) && \X && (\S == 32'd2))
	(F11 about to converge: #2)
		(\L3 && \LoneHot && \X && (\S == 32'd2))
		((\S == 32'd2) && \L7 && \LoneHot && \X)
[RES_1]       0	: 12	: 0 2 4 4 3 2 1 1 3 1 1 2 1 s: 25
[RES_0]    L  12 : 0 3 8 13 10 9 3 3 10 3 4 8 9 s: 83, mem: 16, time: 0.081407
---------------------------------------------------------------------------------------------
Loop_12_0_0
---------------------------------------------------------------------------------------------
	SAT_a ? [ F[12] & T & !P+ ]: SAT
	(adding pred. from next_c to next) #1
	(adding from pre_c to ab. cube) #4
	(adding from pre_c to cc. cube) #4
	(bad cube [in !P+]) sz: 2
	(abstract cube) 4	(4 + 0 + 0 + 0 + 0)
	(concrete cube) 4	(4 + 0 + 0 + 0)
	SAT_a ? [ F[11] & T & C+ ]: SAT
	(adding from pre_c to ab. cube) #12
	(adding from pre_c to cc. cube) #12
	(abstract cube) 12	(12 + 0 + 0 + 0 + 0)
	(concrete cube) 12	(12 + 0 + 0 + 0)
	SAT_a ? [ F[10] & T & C+ ]: UNSAT
		(ab core: 12 -> 5)
	(23 + 12 -> 23 + 5)
	(12 -> 5 -> 5)
	(12 -> 5 -> 5)

		[MUS(s)]:

		[1] w32	(\L1 && !(\L6) && !(\L5) && \X && (\S == 32'd2))
	SAT_a ? [ F[11] & T & C+ ]: SAT
	(adding from pre_c to ab. cube) #12
	(adding from pre_c to cc. cube) #12
	(abstract cube) 12	(12 + 0 + 0 + 0 + 0)
	(concrete cube) 12	(12 + 0 + 0 + 0)
	SAT_a ? [ F[10] & T & C+ ]: UNSAT
		(ab core: 12 -> 8)
	(24 + 12 -> 24 + 8)
	(12 -> 8 -> 5)
	(12 -> 8 -> 5)

		[MUS(s)]:

		[1] w32	(!(\L8) && !(\L6) && !(\L5) && \X && (\S == 32'd2))
	SAT_a ? [ F[11] & T & C+ ]: SAT
	(adding from pre_c to ab. cube) #13
	(adding from pre_c to cc. cube) #13
	(abstract cube) 12	(12 + 0 + 0 + 0 + 0)
	(concrete cube) 12	(12 + 0 + 0 + 0)
	SAT_a ? [ F[10] & T & C+ ]: SAT
	(adding from pre_c to ab. cube) #13
	(adding from pre_c to cc. cube) #13
	(abstract cube) 12	(12 + 0 + 0 + 0 + 0)
	(concrete cube) 12	(12 + 0 + 0 + 0)
	SAT_a ? [ F[9] & T & C+ ]: SAT
	(adding from pre_c to ab. cube) #12
	(adding from pre_c to cc. cube) #12
	(abstract cube) 12	(12 + 0 + 0 + 0 + 0)
	(concrete cube) 12	(12 + 0 + 0 + 0)
	SAT_a ? [ F[8] & T & C+ ]: SAT
	(adding from pre_c to ab. cube) #12
	(adding required pred. from inp_c to ab. cube) #1
	(adding from pre_c to cc. cube) #12
	(adding pred. from inp_c to cc. cube) #1
	(abstract cube) 13	(13 + 0 + 0 + 0 + 0)
	(concrete cube) 13	(13 + 0 + 0 + 0)
	SAT_a ? [ F[7] & T & C+ ]: SAT
	(adding from pre_c to ab. cube) #12
	(adding from pre_c to cc. cube) #12
	(abstract cube) 12	(12 + 0 + 0 + 0 + 0)
	(concrete cube) 12	(12 + 0 + 0 + 0)
	SAT_a ? [ F[6] & T & C+ ]: SAT
	(adding from pre_c to ab. cube) #12
	(adding from pre_c to cc. cube) #12
	(abstract cube) 12	(12 + 0 + 0 + 0 + 0)
	(concrete cube) 12	(12 + 0 + 0 + 0)
	SAT_a ? [ F[5] & T & C+ ]: SAT
	(adding from pre_c to ab. cube) #12
	(adding from pre_c to cc. cube) #12
	(abstract cube) 12	(12 + 0 + 0 + 0 + 0)
	(concrete cube) 12	(12 + 0 + 0 + 0)
	SAT_a ? [ F[4] & T & C+ ]: SAT
	(adding from pre_c to ab. cube) #13
	(adding from pre_c to cc. cube) #13
	(abstract cube) 12	(12 + 0 + 0 + 0 + 0)
	(concrete cube) 12	(12 + 0 + 0 + 0)
	SAT_a ? [ F[3] & T & C+ ]: SAT
	(adding from pre_c to ab. cube) #12
	(adding from pre_c to cc. cube) #12
	(abstract cube) 12	(12 + 0 + 0 + 0 + 0)
	(concrete cube) 12	(12 + 0 + 0 + 0)
	SAT_a ? [ F[2] & T & C+ ]: UNSAT
		(ab core: 12 -> 5)
	(54 + 12 -> 54 + 5)
	(12 -> 5 -> 2)
	(12 -> 5 -> 2)

		[MUS(s)]:

		[1] w32	(!(\L7) && (\S == 32'd1))
	SAT_a ? [ F[3] & T & C+ ]: UNSAT
		(ab core: 12 -> 4)
	(50 + 12 -> 50 + 4)
	(12 -> 4 -> 2)
	(12 -> 4 -> 2)

		[MUS(s)]:

		[1] w32	(!(\L7) && (\S == 32'd1))
	SAT_a ? [ F[4] & T & C+ ]: UNSAT
		(ab core: 12 -> 4)
	(45 + 12 -> 45 + 4)
	(12 -> 4 -> 3)
	(12 -> 4 -> 3)

		[MUS(s)]:

		[1] w32	(!(\L7) && (\S == 32'd1) && !(\L3))
	SAT_a ? [ F[5] & T & C+ ]: UNSAT
		(ab core: 12 -> 8)
	(40 + 12 -> 40 + 8)
	(12 -> 8 -> 6)
	(12 -> 8 -> 6)

		[MUS(s)]:

		   (forcing elimination of initial states from original mus)
		[0] (orig) (!(\L7) && !(\L4) && !(\L8) && !(\L3) && !(\L6) && !(\L5))
		[1] w32	(!(\L7) && !(\L4) && !(\L8) && !(\L3) && !(\L6) && !(\L5) && !((\L1 && !(\L10) && !(\L3) && !(\L4) && !(\L5) && !(\L6) && !(\L7) && !(\L8) && !(\L9) && \LoneHot && (\S == 32'd0) && !(\X))))
	SAT_a ? [ F[6] & T & C+ ]: SAT
	(adding from pre_c to ab. cube) #12
	(adding from pre_c to cc. cube) #12
	(abstract cube) 12	(12 + 0 + 0 + 0 + 0)
	(concrete cube) 12	(12 + 0 + 0 + 0)
	SAT_a ? [ F[5] & T & C+ ]: SAT
	(adding from pre_c to ab. cube) #12
	(adding from pre_c to cc. cube) #12
	(abstract cube) 12	(12 + 0 + 0 + 0 + 0)
	(concrete cube) 12	(12 + 0 + 0 + 0)
	SAT_a ? [ F[4] & T & C+ ]: UNSAT
		(ab core: 12 -> 3)
	(47 + 12 -> 47 + 3)
	(12 -> 3 -> 2)
	(12 -> 3 -> 2)

		[MUS(s)]:

		[1] w1	(\L9 && \LoneHot)
	SAT_a ? [ F[5] & T & C+ ]: UNSAT
		(ab core: 12 -> 3)
	(42 + 12 -> 42 + 3)
	(12 -> 3 -> 2)
	(12 -> 3 -> 2)

		[MUS(s)]:

		[1] w32	(!(\L9) && (\S == 32'd2))
	SAT_a ? [ F[6] & T & C+ ]: UNSAT
		(ab core: 12 -> 6)
	(39 + 12 -> 39 + 6)
	(12 -> 6 -> 3)
	(12 -> 6 -> 3)

		[MUS(s)]:

		[1] w32	(\L3 && \LoneHot && (\S == 32'd2))
	SAT_a ? [ F[7] & T & C+ ]: UNSAT
		(ab core: 13 -> 6)
	(36 + 13 -> 36 + 6)
	(13 -> 6 -> 3)
	(13 -> 6 -> 3)

		[MUS(s)]:

		[1] w32	(!(\L9) && !(\L3) && (\S == 32'd2))
	SAT_a ? [ F[8] & T & C+ ]: UNSAT
		(ab core: 12 -> 9)
	(33 + 12 -> 33 + 9)
	(12 -> 9 -> 4)
	(12 -> 9 -> 4)

		[MUS(s)]:

		[1] w32	(!(\L4) && !(\L9) && !(\L3) && (\S == 32'd2))
	SAT_a ? [ F[9] & T & C+ ]: UNSAT
		(ab core: 12 -> 5)
	(29 + 12 -> 29 + 5)
	(12 -> 5 -> 4)
	(12 -> 5 -> 4)

		[MUS(s)]:

		[1] w32	(\LoneHot && !(\L5) && \X && (\S == 32'd2))
	SAT_a ? [ F[10] & T & C+ ]: UNSAT
		(ab core: 12 -> 7)
	(26 + 12 -> 26 + 7)
	(12 -> 7 -> 4)
	(12 -> 7 -> 4)

		[MUS(s)]:

		[1] w32	(!(\L6) && !(\L5) && \X && (\S == 32'd2))
	SAT_a ? [ F[11] & T & C+ ]: UNSAT
		(ab core: 4 -> 4)
	(14 + 4 -> 14 + 4)
	(4 -> 4 -> 4)
	(4 -> 4 -> 4)

		[MUS(s)]:

		[1] w32	(\L3 && \LoneHot && \X && (\S == 32'd2))
[RES_1]       0	: 12	: 0 2 4 4 4 2 2 1 3 2 1 2 2 s: 29
[RES_0]    L  12 : 0 3 8 13 12 5 9 3 9 7 4 8 13 s: 94, mem: 16, time: 0.093597
---------------------------------------------------------------------------------------------
Loop_12_1_0
---------------------------------------------------------------------------------------------
	SAT_a ? [ F[12] & T & !P+ ]: UNSAT
[RES_1]       0	: 12	: 0 2 4 4 4 2 2 1 3 2 1 2 2 s: 29
[RES_0]    L  12 : 0 3 8 13 12 5 9 3 9 7 4 8 13 s: 94, mem: 16, time: 0.093679
	[Forward propagation]:
	(F1 about to converge: #2)
		\X
		(!(\L3) && !((\L1 && !(\L10) && !(\L3) && !(\L4) && !(\L5) && !(\L6) && !(\L7) && !(\L8) && !(\L9) && \LoneHot && (\S == 32'd0) && !(\X))))
	(F5 about to converge: #1)
		(!(\L7) && (\S == 32'd1) && !(\L3))
	(F6 about to converge: #1)
		(\L8 && (\S == 32'd1) && !(\L4) && !(\L3) && !(\L6) && !(\L5))
	(F7 about to converge: #2)
		(!(\L7) && !(\L4) && !(\L8) && !(\L3) && !(\L6) && !(\L5) && !((\L1 && !(\L10) && !(\L3) && !(\L4) && !(\L5) && !(\L6) && !(\L7) && !(\L8) && !(\L9) && \LoneHot && (\S == 32'd0) && !(\X))))
		(\L9 && \LoneHot)
	(F8 about to converge: #2)
		(\L3 && \LoneHot && (\S == 32'd2))
		(!(\L9) && (\S == 32'd2))
	(F10 about to converge: #1)
		(!(\L5) && \X && (\S == 32'd2))
	(F11 about to converge: #1)
		(!(\L6) && !(\L5) && \X && (\S == 32'd2))
	(F12 about to converge: #2)
		(\L3 && \LoneHot && \X && (\S == 32'd2))
		((\S == 32'd2) && \L7 && \LoneHot && \X)
[RES_1]       0	: 13	: 0 2 4 4 3 1 1 2 2 3 1 1 2 1 s: 27
[RES_0]    L  13 : 0 3 8 13 6 3 6 9 5 10 3 4 8 9 s: 87, mem: 16, time: 0.096334
---------------------------------------------------------------------------------------------
Loop_13_0_0
---------------------------------------------------------------------------------------------
	SAT_a ? [ F[13] & T & !P+ ]: SAT
	(adding pred. from next_c to next) #1
	(adding from pre_c to ab. cube) #4
	(adding from pre_c to cc. cube) #4
	(bad cube [in !P+]) sz: 2
	(abstract cube) 4	(4 + 0 + 0 + 0 + 0)
	(concrete cube) 4	(4 + 0 + 0 + 0)
	SAT_a ? [ F[12] & T & C+ ]: SAT
	(adding from pre_c to ab. cube) #12
	(adding from pre_c to cc. cube) #12
	(abstract cube) 12	(12 + 0 + 0 + 0 + 0)
	(concrete cube) 12	(12 + 0 + 0 + 0)
	SAT_a ? [ F[11] & T & C+ ]: UNSAT
		(ab core: 12 -> 5)
	(25 + 12 -> 25 + 5)
	(12 -> 5 -> 5)
	(12 -> 5 -> 5)

		[MUS(s)]:

		[1] w32	(\L1 && !(\L6) && !(\L5) && \X && (\S == 32'd2))
	SAT_a ? [ F[12] & T & C+ ]: SAT
	(adding from pre_c to ab. cube) #12
	(adding from pre_c to cc. cube) #12
	(abstract cube) 12	(12 + 0 + 0 + 0 + 0)
	(concrete cube) 12	(12 + 0 + 0 + 0)
	SAT_a ? [ F[11] & T & C+ ]: UNSAT
		(ab core: 12 -> 8)
	(26 + 12 -> 26 + 8)
	(12 -> 8 -> 5)
	(12 -> 8 -> 5)

		[MUS(s)]:

		[1] w32	(!(\L8) && !(\L6) && !(\L5) && \X && (\S == 32'd2))
	SAT_a ? [ F[12] & T & C+ ]: SAT
	(adding from pre_c to ab. cube) #13
	(adding from pre_c to cc. cube) #13
	(abstract cube) 12	(12 + 0 + 0 + 0 + 0)
	(concrete cube) 12	(12 + 0 + 0 + 0)
	SAT_a ? [ F[11] & T & C+ ]: SAT
	(adding from pre_c to ab. cube) #13
	(adding from pre_c to cc. cube) #13
	(abstract cube) 12	(12 + 0 + 0 + 0 + 0)
	(concrete cube) 12	(12 + 0 + 0 + 0)
	SAT_a ? [ F[10] & T & C+ ]: SAT
	(adding from pre_c to ab. cube) #12
	(adding from pre_c to cc. cube) #12
	(abstract cube) 12	(12 + 0 + 0 + 0 + 0)
	(concrete cube) 12	(12 + 0 + 0 + 0)
	SAT_a ? [ F[9] & T & C+ ]: SAT
	(adding from pre_c to ab. cube) #12
	(adding required pred. from inp_c to ab. cube) #1
	(adding from pre_c to cc. cube) #12
	(adding pred. from inp_c to cc. cube) #1
	(abstract cube) 13	(13 + 0 + 0 + 0 + 0)
	(concrete cube) 13	(13 + 0 + 0 + 0)
	SAT_a ? [ F[8] & T & C+ ]: UNSAT
		(ab core: 13 -> 5)
	(46 + 13 -> 46 + 5)
	(13 -> 5 -> 3)
	(13 -> 5 -> 3)

		[MUS(s)]:

		[1] w32	(\L4 && \LoneHot && (\S == 32'd2))
	SAT_a ? [ F[9] & T & C+ ]: UNSAT
		(ab core: 12 -> 9)
	(40 + 12 -> 40 + 9)
	(12 -> 9 -> 4)
	(12 -> 9 -> 4)

		[MUS(s)]:

		[1] w32	(!(\L4) && !(\L9) && !(\L3) && (\S == 32'd2))
	SAT_a ? [ F[10] & T & C+ ]: UNSAT
		(ab core: 12 -> 5)
	(34 + 12 -> 34 + 5)
	(12 -> 5 -> 4)
	(12 -> 5 -> 4)

		[MUS(s)]:

		[1] w32	(\LoneHot && !(\L5) && \X && (\S == 32'd2))
	SAT_a ? [ F[11] & T & C+ ]: UNSAT
		(ab core: 12 -> 6)
	(28 + 12 -> 28 + 6)
	(12 -> 6 -> 4)
	(12 -> 6 -> 4)

		[MUS(s)]:

		[1] w32	(!(\L6) && !(\L5) && \X && (\S == 32'd2))
	SAT_a ? [ F[12] & T & C+ ]: UNSAT
		(ab core: 4 -> 4)
	(14 + 4 -> 14 + 4)
	(4 -> 4 -> 4)
	(4 -> 4 -> 4)

		[MUS(s)]:

		[1] w32	(\L3 && \LoneHot && \X && (\S == 32'd2))
[RES_1]       0	: 13	: 0 2 4 4 3 1 1 2 2 3 2 1 2 2 s: 29
[RES_0]    L  13 : 0 3 8 13 6 3 6 9 5 9 7 4 8 13 s: 94, mem: 16, time: 0.102457
---------------------------------------------------------------------------------------------
Loop_13_1_0
---------------------------------------------------------------------------------------------
	SAT_a ? [ F[13] & T & !P+ ]: UNSAT
[RES_1]       0	: 13	: 0 2 4 4 3 1 1 2 2 3 2 1 2 2 s: 29
[RES_0]    L  13 : 0 3 8 13 6 3 6 9 5 9 7 4 8 13 s: 94, mem: 16, time: 0.102541
	[Forward propagation]:
	(F1 about to converge: #2)
		\X
		(!(\L3) && !((\L1 && !(\L10) && !(\L3) && !(\L4) && !(\L5) && !(\L6) && !(\L7) && !(\L8) && !(\L9) && \LoneHot && (\S == 32'd0) && !(\X))))
	(F5 about to converge: #1)
		(!(\L7) && (\S == 32'd1) && !(\L3))
	(F6 about to converge: #1)
		(\L8 && (\S == 32'd1) && !(\L4) && !(\L3) && !(\L6) && !(\L5))
	(F7 about to converge: #2)
		(!(\L7) && !(\L4) && !(\L8) && !(\L3) && !(\L6) && !(\L5) && !((\L1 && !(\L10) && !(\L3) && !(\L4) && !(\L5) && !(\L6) && !(\L7) && !(\L8) && !(\L9) && \LoneHot && (\S == 32'd0) && !(\X))))
		(\L9 && \LoneHot)
	(F8 about to converge: #2)
		(\L3 && \LoneHot && (\S == 32'd2))
		(!(\L9) && (\S == 32'd2))
	(F9 about to converge: #1)
		(\L4 && \LoneHot && (\S == 32'd2))
	(F11 about to converge: #1)
		(!(\L5) && \X && (\S == 32'd2))
	(F12 about to converge: #1)
		(!(\L6) && !(\L5) && \X && (\S == 32'd2))
	(F13 about to converge: #2)
		(\L3 && \LoneHot && \X && (\S == 32'd2))
		((\S == 32'd2) && \L7 && \LoneHot && \X)
[RES_1]       0	: 14	: 0 2 4 4 3 1 1 2 2 1 3 1 1 2 1 s: 28
[RES_0]    L  14 : 0 3 8 13 6 3 6 9 5 3 10 3 4 8 9 s: 90, mem: 16, time: 0.105479
---------------------------------------------------------------------------------------------
Loop_14_0_0
---------------------------------------------------------------------------------------------
	SAT_a ? [ F[14] & T & !P+ ]: SAT
	(adding pred. from next_c to next) #1
	(adding from pre_c to ab. cube) #4
	(adding from pre_c to cc. cube) #4
	(bad cube [in !P+]) sz: 2
	(abstract cube) 4	(4 + 0 + 0 + 0 + 0)
	(concrete cube) 4	(4 + 0 + 0 + 0)
	SAT_a ? [ F[13] & T & C+ ]: SAT
	(adding from pre_c to ab. cube) #12
	(adding from pre_c to cc. cube) #12
	(abstract cube) 12	(12 + 0 + 0 + 0 + 0)
	(concrete cube) 12	(12 + 0 + 0 + 0)
	SAT_a ? [ F[12] & T & C+ ]: UNSAT
		(ab core: 12 -> 5)
	(25 + 12 -> 25 + 5)
	(12 -> 5 -> 5)
	(12 -> 5 -> 5)

		[MUS(s)]:

		[1] w32	(\L1 && !(\L6) && !(\L5) && \X && (\S == 32'd2))
	SAT_a ? [ F[13] & T & C+ ]: SAT
	(adding from pre_c to ab. cube) #12
	(adding from pre_c to cc. cube) #12
	(abstract cube) 12	(12 + 0 + 0 + 0 + 0)
	(concrete cube) 12	(12 + 0 + 0 + 0)
	SAT_a ? [ F[12] & T & C+ ]: UNSAT
		(ab core: 12 -> 8)
	(26 + 12 -> 26 + 8)
	(12 -> 8 -> 5)
	(12 -> 8 -> 5)

		[MUS(s)]:

		[1] w32	(!(\L8) && !(\L6) && !(\L5) && \X && (\S == 32'd2))
	SAT_a ? [ F[13] & T & C+ ]: SAT
	(adding from pre_c to ab. cube) #13
	(adding from pre_c to cc. cube) #13
	(abstract cube) 12	(12 + 0 + 0 + 0 + 0)
	(concrete cube) 12	(12 + 0 + 0 + 0)
	SAT_a ? [ F[12] & T & C+ ]: SAT
	(adding from pre_c to ab. cube) #13
	(adding from pre_c to cc. cube) #13
	(abstract cube) 12	(12 + 0 + 0 + 0 + 0)
	(concrete cube) 12	(12 + 0 + 0 + 0)
	SAT_a ? [ F[11] & T & C+ ]: SAT
	(adding from pre_c to ab. cube) #12
	(adding from pre_c to cc. cube) #12
	(abstract cube) 12	(12 + 0 + 0 + 0 + 0)
	(concrete cube) 12	(12 + 0 + 0 + 0)
	SAT_a ? [ F[10] & T & C+ ]: SAT
	(adding from pre_c to ab. cube) #12
	(adding required pred. from inp_c to ab. cube) #1
	(adding from pre_c to cc. cube) #12
	(adding pred. from inp_c to cc. cube) #1
	(abstract cube) 13	(13 + 0 + 0 + 0 + 0)
	(concrete cube) 13	(13 + 0 + 0 + 0)
	SAT_a ? [ F[9] & T & C+ ]: SAT
	(adding from pre_c to ab. cube) #11
	(adding from pre_c to cc. cube) #11
	(abstract cube) 11	(11 + 0 + 0 + 0 + 0)
	(concrete cube) 11	(11 + 0 + 0 + 0)
	SAT_a ? [ F[8] & T & C+ ]: UNSAT
		(ab core: 11 -> 9)
	(58 + 11 -> 58 + 9)
	(11 -> 9 -> 9)
	(11 -> 9 -> 9)

		[MUS(s)]:

		[1] w1	(!(\LoneHot) && !(\L1) && \L4 && !(\L7) && !(\L9) && !(\L8) && !(\L3) && !(\L6) && !(\L5))
	SAT_a ? [ F[9] & T & C+ ]: SAT
	(adding from pre_c to ab. cube) #12
	(adding from pre_c to cc. cube) #12
	(abstract cube) 12	(12 + 0 + 0 + 0 + 0)
	(concrete cube) 12	(12 + 0 + 0 + 0)
	SAT_a ? [ F[8] & T & C+ ]: SAT
	(adding from pre_c to ab. cube) #12
	(adding from pre_c to cc. cube) #12
	(abstract cube) 12	(12 + 0 + 0 + 0 + 0)
	(concrete cube) 12	(12 + 0 + 0 + 0)
	SAT_a ? [ F[7] & T & C+ ]: SAT
	(adding from pre_c to ab. cube) #12
	(adding from pre_c to cc. cube) #12
	(abstract cube) 12	(12 + 0 + 0 + 0 + 0)
	(concrete cube) 12	(12 + 0 + 0 + 0)
	SAT_a ? [ F[6] & T & C+ ]: SAT
	(adding from pre_c to ab. cube) #13
	(adding from pre_c to cc. cube) #13
	(abstract cube) 12	(12 + 0 + 0 + 0 + 0)
	(concrete cube) 12	(12 + 0 + 0 + 0)
	SAT_a ? [ F[5] & T & C+ ]: UNSAT
		(ab core: 12 -> 5)
	(77 + 12 -> 77 + 5)
	(12 -> 5 -> 4)
	(12 -> 5 -> 4)

		[MUS(s)]:

		[1] w32	((\S == 32'd1) && !(\L7) && !(\L4) && !(\L3))
	SAT_a ? [ F[6] & T & C+ ]: UNSAT
		(ab core: 12 -> 7)
	(73 + 12 -> 73 + 7)
	(12 -> 7 -> 3)
	(12 -> 7 -> 3)

		[MUS(s)]:

		[1] w32	(\L8 && (\S == 32'd1) && \LoneHot)
	SAT_a ? [ F[7] & T & C+ ]: UNSAT
		(ab core: 12 -> 7)
	(67 + 12 -> 67 + 7)
	(12 -> 7 -> 6)
	(12 -> 7 -> 6)

		[MUS(s)]:

		   (forcing elimination of initial states from original mus)
		[0] (orig) (!(\L7) && !(\L4) && !(\L8) && !(\L3) && !(\L6) && !(\L5))
		[1] w32	(!(\L7) && !(\L4) && !(\L8) && !(\L3) && !(\L6) && !(\L5) && !((\L1 && !(\L10) && !(\L3) && !(\L4) && !(\L5) && !(\L6) && !(\L7) && !(\L8) && !(\L9) && \LoneHot && (\S == 32'd0) && !(\X))))
	SAT_a ? [ F[8] & T & C+ ]: UNSAT
		(ab core: 12 -> 6)
	(60 + 12 -> 60 + 6)
	(12 -> 6 -> 3)
	(12 -> 6 -> 3)

		[MUS(s)]:

		[1] w32	(\L3 && \LoneHot && (\S == 32'd2))
	SAT_a ? [ F[9] & T & C+ ]: UNSAT
		(ab core: 13 -> 9)
	(53 + 13 -> 53 + 9)
	(13 -> 9 -> 4)
	(13 -> 9 -> 4)

		[MUS(s)]:

		[1] w32	(!(\L9) && !(\L3) && \LoneHot && (\S == 32'd2))
	SAT_a ? [ F[10] & T & C+ ]: UNSAT
		(ab core: 12 -> 9)
	(45 + 12 -> 45 + 9)
	(12 -> 9 -> 4)
	(12 -> 9 -> 4)

		[MUS(s)]:

		[1] w32	(!(\L4) && !(\L9) && !(\L3) && (\S == 32'd2))
	SAT_a ? [ F[11] & T & C+ ]: UNSAT
		(ab core: 12 -> 5)
	(36 + 12 -> 36 + 5)
	(12 -> 5 -> 4)
	(12 -> 5 -> 4)

		[MUS(s)]:

		[1] w32	(\LoneHot && !(\L5) && \X && (\S == 32'd2))
	SAT_a ? [ F[12] & T & C+ ]: UNSAT
		(ab core: 12 -> 6)
	(28 + 12 -> 28 + 6)
	(12 -> 6 -> 4)
	(12 -> 6 -> 4)

		[MUS(s)]:

		[1] w32	(!(\L6) && !(\L5) && \X && (\S == 32'd2))
	SAT_a ? [ F[13] & T & C+ ]: UNSAT
		(ab core: 4 -> 4)
	(14 + 4 -> 14 + 4)
	(4 -> 4 -> 4)
	(4 -> 4 -> 4)

		[MUS(s)]:

		[1] w32	(\L3 && \LoneHot && \X && (\S == 32'd2))
[RES_1]       0	: 14	: 0 2 4 4 3 1 2 2 2 3 3 2 1 2 2 s: 33
[RES_0]    L  14 : 0 3 8 13 6 3 10 5 9 15 10 7 4 8 13 s: 114, mem: 16, time: 0.116806
---------------------------------------------------------------------------------------------
Loop_14_1_0
---------------------------------------------------------------------------------------------
	SAT_a ? [ F[14] & T & !P+ ]: UNSAT
[RES_1]       0	: 14	: 0 2 4 4 3 1 2 2 2 3 3 2 1 2 2 s: 33
[RES_0]    L  14 : 0 3 8 13 6 3 10 5 9 15 10 7 4 8 13 s: 114, mem: 16, time: 0.116876
	[Forward propagation]:
	(F1 about to converge: #2)
		\X
		(!(\L3) && !((\L1 && !(\L10) && !(\L3) && !(\L4) && !(\L5) && !(\L6) && !(\L7) && !(\L8) && !(\L9) && \LoneHot && (\S == 32'd0) && !(\X))))
	(F4 about to converge: #2)
		(\L3 && \LoneHot && \X)
		(!(\L7) && (\S == 32'd1))
	(F5 about to converge: #1)
		(!(\L7) && (\S == 32'd1) && !(\L3))
	(F6 about to converge: #1)
		((\S == 32'd1) && !(\L7) && !(\L4) && !(\L3))
	(F7 about to converge: #2)
		(\L8 && (\S == 32'd1) && \LoneHot)
		(\L8 && (\S == 32'd1) && !(\L4) && !(\L3) && !(\L6) && !(\L5))
	(F9 about to converge: #1)
		(\L3 && \LoneHot && (\S == 32'd2))
	(F10 about to converge: #2)
		(!(\L9) && !(\L3) && \LoneHot && (\S == 32'd2))
		(\L4 && \LoneHot && (\S == 32'd2))
	(F12 about to converge: #1)
		(!(\L5) && \X && (\S == 32'd2))
	(F13 about to converge: #1)
		(!(\L6) && !(\L5) && \X && (\S == 32'd2))
	(F14 about to converge: #2)
		(\L3 && \LoneHot && \X && (\S == 32'd2))
		((\S == 32'd2) && \L7 && \LoneHot && \X)
[RES_1]       0	: 15	: 0 2 4 4 2 1 1 2 3 1 2 3 1 1 2 2 s: 31
[RES_0]    L  15 : 0 3 8 13 5 3 4 9 10 3 7 10 3 4 8 18 s: 108, mem: 16, time: 0.120207
---------------------------------------------------------------------------------------------
Loop_15_0_0
---------------------------------------------------------------------------------------------
	SAT_a ? [ F[15] & T & !P+ ]: SAT
	(adding pred. from next_c to next) #1
	(adding from pre_c to ab. cube) #4
	(adding from pre_c to cc. cube) #4
	(bad cube [in !P+]) sz: 2
	(abstract cube) 4	(4 + 0 + 0 + 0 + 0)
	(concrete cube) 4	(4 + 0 + 0 + 0)
	SAT_a ? [ F[14] & T & C+ ]: SAT
	(adding from pre_c to ab. cube) #12
	(adding from pre_c to cc. cube) #12
	(abstract cube) 12	(12 + 0 + 0 + 0 + 0)
	(concrete cube) 12	(12 + 0 + 0 + 0)
	SAT_a ? [ F[13] & T & C+ ]: UNSAT
		(ab core: 12 -> 5)
	(28 + 12 -> 28 + 5)
	(12 -> 5 -> 5)
	(12 -> 5 -> 5)

		[MUS(s)]:

		[1] w32	(!(\L8) && !(\L6) && !(\L5) && \X && (\S == 32'd2))
	SAT_a ? [ F[14] & T & C+ ]: SAT
	(adding from pre_c to ab. cube) #13
	(adding from pre_c to cc. cube) #13
	(abstract cube) 12	(12 + 0 + 0 + 0 + 0)
	(concrete cube) 12	(12 + 0 + 0 + 0)
	SAT_a ? [ F[13] & T & C+ ]: SAT
	(adding from pre_c to ab. cube) #13
	(adding from pre_c to cc. cube) #13
	(abstract cube) 12	(12 + 0 + 0 + 0 + 0)
	(concrete cube) 12	(12 + 0 + 0 + 0)
	SAT_a ? [ F[12] & T & C+ ]: SAT
	(adding from pre_c to ab. cube) #12
	(adding from pre_c to cc. cube) #12
	(abstract cube) 12	(12 + 0 + 0 + 0 + 0)
	(concrete cube) 12	(12 + 0 + 0 + 0)
	SAT_a ? [ F[11] & T & C+ ]: SAT
	(adding from pre_c to ab. cube) #12
	(adding required pred. from inp_c to ab. cube) #1
	(adding from pre_c to cc. cube) #12
	(adding pred. from inp_c to cc. cube) #1
	(abstract cube) 13	(13 + 0 + 0 + 0 + 0)
	(concrete cube) 13	(13 + 0 + 0 + 0)
	SAT_a ? [ F[10] & T & C+ ]: SAT
	(adding from pre_c to ab. cube) #12
	(adding from pre_c to cc. cube) #12
	(abstract cube) 12	(12 + 0 + 0 + 0 + 0)
	(concrete cube) 12	(12 + 0 + 0 + 0)
	SAT_a ? [ F[9] & T & C+ ]: SAT
	(adding from pre_c to ab. cube) #12
	(adding from pre_c to cc. cube) #12
	(abstract cube) 12	(12 + 0 + 0 + 0 + 0)
	(concrete cube) 12	(12 + 0 + 0 + 0)
	SAT_a ? [ F[8] & T & C+ ]: UNSAT
		(ab core: 12 -> 3)
	(81 + 12 -> 81 + 3)
	(12 -> 3 -> 2)
	(12 -> 3 -> 2)

		[MUS(s)]:

		[1] w32	(!(\L9) && (\S == 32'd2))
	SAT_a ? [ F[9] & T & C+ ]: SAT
	(adding from pre_c to ab. cube) #12
	(adding from pre_c to cc. cube) #12
	(abstract cube) 12	(12 + 0 + 0 + 0 + 0)
	(concrete cube) 12	(12 + 0 + 0 + 0)
	SAT_a ? [ F[8] & T & C+ ]: SAT
	(adding from pre_c to ab. cube) #12
	(adding from pre_c to cc. cube) #12
	(abstract cube) 12	(12 + 0 + 0 + 0 + 0)
	(concrete cube) 12	(12 + 0 + 0 + 0)
	SAT_a ? [ F[7] & T & C+ ]: SAT
	(adding from pre_c to ab. cube) #13
	(adding from pre_c to cc. cube) #13
	(abstract cube) 12	(12 + 0 + 0 + 0 + 0)
	(concrete cube) 12	(12 + 0 + 0 + 0)
	SAT_a ? [ F[6] & T & C+ ]: SAT
	(adding from pre_c to ab. cube) #13
	(adding from pre_c to cc. cube) #13
	(abstract cube) 13	(13 + 0 + 0 + 0 + 0)
	(concrete cube) 13	(13 + 0 + 0 + 0)
	SAT_a ? [ F[5] & T & C+ ]: SAT
	(adding from pre_c to ab. cube) #13
	(adding from pre_c to cc. cube) #13
	(abstract cube) 12	(12 + 0 + 0 + 0 + 0)
	(concrete cube) 12	(12 + 0 + 0 + 0)
	SAT_a ? [ F[4] & T & C+ ]: SAT
	(adding from pre_c to ab. cube) #12
	(adding from pre_c to cc. cube) #12
	(abstract cube) 12	(12 + 0 + 0 + 0 + 0)
	(concrete cube) 12	(12 + 0 + 0 + 0)
	SAT_a ? [ F[3] & T & C+ ]: UNSAT
		(ab core: 12 -> 8)
	(118 + 12 -> 118 + 8)
	(12 -> 8 -> 6)
	(12 -> 8 -> 6)

		[MUS(s)]:

		   (forcing elimination of initial states from original mus)
		[0] (orig) (!(\X) && !(\L4) && !(\L8) && !(\L3) && !(\L6) && !(\L5))
		[1] w32	(!(\X) && !(\L4) && !(\L8) && !(\L3) && !(\L6) && !(\L5) && !((\L1 && !(\L10) && !(\L3) && !(\L4) && !(\L5) && !(\L6) && !(\L7) && !(\L8) && !(\L9) && \LoneHot && (\S == 32'd0) && !(\X))))
	SAT_a ? [ F[4] & T & C+ ]: UNSAT
		(ab core: 12 -> 7)
	(113 + 12 -> 113 + 7)
	(12 -> 7 -> 3)
	(12 -> 7 -> 3)

		[MUS(s)]:

		[1] w32	(!(\X) && (\S == 32'd1) && \LoneHot)
	SAT_a ? [ F[5] & T & C+ ]: UNSAT
		(ab core: 13 -> 11)
	(107 + 13 -> 107 + 11)
	(13 -> 11 -> 5)
	(13 -> 11 -> 5)

		[MUS(s)]:

		[1] w32	(!(\X) && !(\L7) && (\S == 32'd1) && !(\L3) && !(\L5))
	SAT_a ? [ F[6] & T & C+ ]: UNSAT
		(ab core: 12 -> 9)
	(101 + 12 -> 101 + 9)
	(12 -> 9 -> 7)
	(12 -> 9 -> 7)

		[MUS(s)]:

		[1] w32	(!(\X) && !(\L7) && (\S == 32'd1) && !(\L4) && !(\L3) && \LoneHot && !(\L5))
	SAT_a ? [ F[7] & T & C+ ]: UNSAT
		(ab core: 12 -> 8)
	(93 + 12 -> 93 + 8)
	(12 -> 8 -> 4)
	(12 -> 8 -> 4)

		[MUS(s)]:

		[1] w32	(\L8 && !(\X) && (\S == 32'd1) && \LoneHot)
	SAT_a ? [ F[8] & T & C+ ]: UNSAT
		(ab core: 12 -> 7)
	(83 + 12 -> 83 + 7)
	(12 -> 7 -> 6)
	(12 -> 7 -> 6)

		[MUS(s)]:

		   (forcing elimination of initial states from original mus)
		[0] (orig) (!(\L7) && !(\L4) && !(\L8) && !(\L3) && !(\L6) && !(\L5))
		[1] w32	(!(\L7) && !(\L4) && !(\L8) && !(\L3) && !(\L6) && !(\L5) && !((\L1 && !(\L10) && !(\L3) && !(\L4) && !(\L5) && !(\L6) && !(\L7) && !(\L8) && !(\L9) && \LoneHot && (\S == 32'd0) && !(\X))))
	SAT_a ? [ F[9] & T & C+ ]: UNSAT
		(ab core: 12 -> 5)
	(73 + 12 -> 73 + 5)
	(12 -> 5 -> 3)
	(12 -> 5 -> 3)

		[MUS(s)]:

		[1] w32	(\L3 && \LoneHot && (\S == 32'd2))
	SAT_a ? [ F[10] & T & C+ ]: UNSAT
		(ab core: 13 -> 9)
	(63 + 13 -> 63 + 9)
	(13 -> 9 -> 4)
	(13 -> 9 -> 4)

		[MUS(s)]:

		[1] w32	(!(\L9) && !(\L3) && \LoneHot && (\S == 32'd2))
	SAT_a ? [ F[11] & T & C+ ]: UNSAT
		(ab core: 12 -> 9)
	(51 + 12 -> 51 + 9)
	(12 -> 9 -> 4)
	(12 -> 9 -> 4)

		[MUS(s)]:

		[1] w32	(!(\L4) && !(\L9) && !(\L3) && (\S == 32'd2))
	SAT_a ? [ F[12] & T & C+ ]: UNSAT
		(ab core: 12 -> 5)
	(39 + 12 -> 39 + 5)
	(12 -> 5 -> 4)
	(12 -> 5 -> 4)

		[MUS(s)]:

		[1] w32	(\LoneHot && !(\L5) && \X && (\S == 32'd2))
	SAT_a ? [ F[13] & T & C+ ]: UNSAT
		(ab core: 12 -> 7)
	(30 + 12 -> 30 + 7)
	(12 -> 7 -> 4)
	(12 -> 7 -> 4)

		[MUS(s)]:

		[1] w32	(!(\L6) && !(\L5) && \X && (\S == 32'd2))
	SAT_a ? [ F[14] & T & C+ ]: UNSAT
		(ab core: 4 -> 4)
	(15 + 4 -> 15 + 4)
	(4 -> 4 -> 4)
	(4 -> 4 -> 4)

		[MUS(s)]:

		[1] w32	(\L3 && \LoneHot && \X && (\S == 32'd2))
[RES_1]       0	: 15	: 0 2 4 4 3 2 2 3 3 2 2 3 2 1 2 3 s: 38
[RES_0]    L  15 : 0 3 8 13 12 6 9 16 7 9 6 10 7 4 8 22 s: 140, mem: 16, time: 0.134221
---------------------------------------------------------------------------------------------
Loop_15_1_0
---------------------------------------------------------------------------------------------
	SAT_a ? [ F[15] & T & !P+ ]: UNSAT
[RES_1]       0	: 15	: 0 2 4 4 3 2 2 3 3 2 2 3 2 1 2 3 s: 38
[RES_0]    L  15 : 0 3 8 13 12 6 9 16 7 9 6 10 7 4 8 22 s: 140, mem: 16, time: 0.134304
	[Forward propagation]:
	(F1 about to converge: #2)
		\X
		(!(\L3) && !((\L1 && !(\L10) && !(\L3) && !(\L4) && !(\L5) && !(\L6) && !(\L7) && !(\L8) && !(\L9) && \LoneHot && (\S == 32'd0) && !(\X))))
	(F4 about to converge: #2)
		(\L3 && \LoneHot && \X)
		(!(\L7) && (\S == 32'd1))
	(F5 about to converge: #2)
		(!(\L7) && (\S == 32'd1) && !(\L3))
		(!(\X) && (\S == 32'd1) && \LoneHot)
	(F6 about to converge: #2)
		((\S == 32'd1) && !(\L7) && !(\L4) && !(\L3))
		(!(\X) && !(\L7) && (\S == 32'd1) && !(\L3) && !(\L5))
	(F8 about to converge: #1)
		(\L8 && !(\X) && (\S == 32'd1) && \LoneHot)
	(F10 about to converge: #1)
		(\L3 && \LoneHot && (\S == 32'd2))
	(F11 about to converge: #2)
		(!(\L9) && !(\L3) && \LoneHot && (\S == 32'd2))
		(\L4 && \LoneHot && (\S == 32'd2))
	(F13 about to converge: #1)
		(!(\L5) && \X && (\S == 32'd2))
	(F14 about to converge: #1)
		(!(\L6) && !(\L5) && \X && (\S == 32'd2))
	(F15 about to converge: #2)
		(\L3 && \LoneHot && \X && (\S == 32'd2))
		((\S == 32'd2) && \L7 && \LoneHot && \X)
[RES_1]       0	: 16	: 0 2 4 4 2 2 2 3 1 4 1 2 3 1 1 2 2 s: 36
[RES_0]    L  16 : 0 3 8 13 5 6 9 16 4 17 3 7 10 3 4 8 18 s: 134, mem: 16, time: 0.138171
---------------------------------------------------------------------------------------------
Loop_16_0_0
---------------------------------------------------------------------------------------------
	SAT_a ? [ F[16] & T & !P+ ]: SAT
	(adding pred. from next_c to next) #1
	(adding from pre_c to ab. cube) #4
	(adding from pre_c to cc. cube) #4
	(bad cube [in !P+]) sz: 2
	(abstract cube) 4	(4 + 0 + 0 + 0 + 0)
	(concrete cube) 4	(4 + 0 + 0 + 0)
	SAT_a ? [ F[15] & T & C+ ]: SAT
	(adding from pre_c to ab. cube) #12
	(adding from pre_c to cc. cube) #12
	(abstract cube) 12	(12 + 0 + 0 + 0 + 0)
	(concrete cube) 12	(12 + 0 + 0 + 0)
	SAT_a ? [ F[14] & T & C+ ]: UNSAT
		(ab core: 12 -> 5)
	(20 + 12 -> 20 + 5)
	(12 -> 5 -> 5)
	(12 -> 5 -> 5)

		[MUS(s)]:

		[1] w32	(!(\L8) && !(\L6) && !(\L5) && \X && (\S == 32'd2))
	SAT_a ? [ F[15] & T & C+ ]: SAT
	(adding from pre_c to ab. cube) #13
	(adding from pre_c to cc. cube) #13
	(abstract cube) 12	(12 + 0 + 0 + 0 + 0)
	(concrete cube) 12	(12 + 0 + 0 + 0)
	SAT_a ? [ F[14] & T & C+ ]: SAT
	(adding from pre_c to ab. cube) #13
	(adding from pre_c to cc. cube) #13
	(abstract cube) 12	(12 + 0 + 0 + 0 + 0)
	(concrete cube) 12	(12 + 0 + 0 + 0)
	SAT_a ? [ F[13] & T & C+ ]: SAT
	(adding from pre_c to ab. cube) #12
	(adding from pre_c to cc. cube) #12
	(abstract cube) 12	(12 + 0 + 0 + 0 + 0)
	(concrete cube) 12	(12 + 0 + 0 + 0)
	SAT_a ? [ F[12] & T & C+ ]: SAT
	(adding from pre_c to ab. cube) #12
	(adding required pred. from inp_c to ab. cube) #1
	(adding from pre_c to cc. cube) #12
	(adding pred. from inp_c to cc. cube) #1
	(abstract cube) 13	(13 + 0 + 0 + 0 + 0)
	(concrete cube) 13	(13 + 0 + 0 + 0)
	SAT_a ? [ F[11] & T & C+ ]: SAT
	(adding from pre_c to ab. cube) #12
	(adding from pre_c to cc. cube) #12
	(abstract cube) 12	(12 + 0 + 0 + 0 + 0)
	(concrete cube) 12	(12 + 0 + 0 + 0)
	SAT_a ? [ F[10] & T & C+ ]: SAT
	(adding from pre_c to ab. cube) #12
	(adding from pre_c to cc. cube) #12
	(abstract cube) 12	(12 + 0 + 0 + 0 + 0)
	(concrete cube) 12	(12 + 0 + 0 + 0)
	SAT_a ? [ F[9] & T & C+ ]: UNSAT
		(ab core: 12 -> 4)
	(32 + 12 -> 32 + 4)
	(12 -> 4 -> 2)
	(12 -> 4 -> 2)

		[MUS(s)]:

		[1] w32	(!(\L9) && (\S == 32'd2))
	SAT_a ? [ F[10] & T & C+ ]: SAT
	(adding from pre_c to ab. cube) #12
	(adding from pre_c to cc. cube) #12
	(abstract cube) 12	(12 + 0 + 0 + 0 + 0)
	(concrete cube) 12	(12 + 0 + 0 + 0)
	SAT_a ? [ F[9] & T & C+ ]: SAT
	(adding from pre_c to ab. cube) #12
	(adding from pre_c to cc. cube) #12
	(abstract cube) 12	(12 + 0 + 0 + 0 + 0)
	(concrete cube) 12	(12 + 0 + 0 + 0)
	SAT_a ? [ F[8] & T & C+ ]: SAT
	(adding from pre_c to ab. cube) #12
	(adding from pre_c to cc. cube) #12
	(abstract cube) 12	(12 + 0 + 0 + 0 + 0)
	(concrete cube) 12	(12 + 0 + 0 + 0)
	SAT_a ? [ F[7] & T & C+ ]: UNSAT
		(ab core: 12 -> 10)
	(37 + 12 -> 37 + 10)
	(12 -> 10 -> 7)
	(12 -> 10 -> 7)

		[MUS(s)]:

		[1] w32	(!(\LoneHot) && !(\L7) && (\S == 32'd1) && !(\L4) && !(\L3) && !(\L6) && !(\L5))
	SAT_a ? [ F[8] & T & C+ ]: SAT
	(adding from pre_c to ab. cube) #13
	(adding from pre_c to cc. cube) #13
	(abstract cube) 12	(12 + 0 + 0 + 0 + 0)
	(concrete cube) 12	(12 + 0 + 0 + 0)
	SAT_a ? [ F[7] & T & C+ ]: SAT
	(adding from pre_c to ab. cube) #13
	(adding from pre_c to cc. cube) #13
	(abstract cube) 13	(13 + 0 + 0 + 0 + 0)
	(concrete cube) 13	(13 + 0 + 0 + 0)
	SAT_a ? [ F[6] & T & C+ ]: SAT
	(adding from pre_c to ab. cube) #13
	(adding from pre_c to cc. cube) #13
	(abstract cube) 12	(12 + 0 + 0 + 0 + 0)
	(concrete cube) 12	(12 + 0 + 0 + 0)
	SAT_a ? [ F[5] & T & C+ ]: SAT
	(adding from pre_c to ab. cube) #12
	(adding from pre_c to cc. cube) #12
	(abstract cube) 12	(12 + 0 + 0 + 0 + 0)
	(concrete cube) 12	(12 + 0 + 0 + 0)
	SAT_a ? [ F[4] & T & C+ ]: UNSAT
		(ab core: 12 -> 7)
	(44 + 12 -> 44 + 7)
	(12 -> 7 -> 4)
	(12 -> 7 -> 4)

		[MUS(s)]:

		[1] w32	(!(\X) && !(\L7) && (\S == 32'd1) && !(\L5))
	SAT_a ? [ F[5] & T & C+ ]: UNSAT
		(ab core: 12 -> 6)
	(43 + 12 -> 43 + 6)
	(12 -> 6 -> 4)
	(12 -> 6 -> 4)

		[MUS(s)]:

		[1] w32	(!(\X) && !(\L7) && (\S == 32'd1) && !(\L5))
	SAT_a ? [ F[6] & T & C+ ]: UNSAT
		(ab core: 13 -> 10)
	(41 + 13 -> 41 + 10)
	(13 -> 10 -> 4)
	(13 -> 10 -> 4)

		[MUS(s)]:

		[1] w32	(!(\X) && (\S == 32'd1) && \LoneHot && !(\L5))
	SAT_a ? [ F[7] & T & C+ ]: SAT
	(adding from pre_c to ab. cube) #12
	(adding from pre_c to cc. cube) #12
	(abstract cube) 12	(12 + 0 + 0 + 0 + 0)
	(concrete cube) 12	(12 + 0 + 0 + 0)
	SAT_a ? [ F[6] & T & C+ ]: SAT
	(adding from pre_c to ab. cube) #12
	(adding required pred. from inp_c to ab. cube) #1
	(adding from pre_c to cc. cube) #12
	(adding pred. from inp_c to cc. cube) #1
	(abstract cube) 13	(13 + 0 + 0 + 0 + 0)
	(concrete cube) 13	(13 + 0 + 0 + 0)
	SAT_a ? [ F[5] & T & C+ ]: SAT
	(adding from pre_c to ab. cube) #12
	(adding from pre_c to cc. cube) #12
	(abstract cube) 11	(11 + 0 + 0 + 0 + 0)
	(concrete cube) 11	(11 + 0 + 0 + 0)
	SAT_a ? [ F[4] & T & C+ ]: SAT
	(adding from pre_c to ab. cube) #11
	(adding from pre_c to cc. cube) #11
	(abstract cube) 11	(11 + 0 + 0 + 0 + 0)
	(concrete cube) 11	(11 + 0 + 0 + 0)
	SAT_a ? [ F[3] & T & C+ ]: SAT
	(adding from pre_c to ab. cube) #12
	(adding from pre_c to cc. cube) #12
	(abstract cube) 12	(12 + 0 + 0 + 0 + 0)
	(concrete cube) 12	(12 + 0 + 0 + 0)
	SAT_a ? [ F[2] & T & C+ ]: UNSAT
		(ab core: 12 -> 5)
	(55 + 12 -> 55 + 5)
	(12 -> 5 -> 3)
	(12 -> 5 -> 3)

		[MUS(s)]:

		[1] w1	(\LoneHot && !(\L5) && \X)
	SAT_a ? [ F[3] & T & C+ ]: UNSAT
		(ab core: 11 -> 5)
	(52 + 11 -> 52 + 5)
	(11 -> 5 -> 5)
	(11 -> 5 -> 5)

		[MUS(s)]:

		   (forcing elimination of initial states from original mus)
		[0] (orig) (!(\L4) && !(\L8) && !(\L3) && !(\L6) && !(\L5))
		[1] w32	(!(\L4) && !(\L8) && !(\L3) && !(\L6) && !(\L5) && !((\L1 && !(\L10) && !(\L3) && !(\L4) && !(\L5) && !(\L6) && !(\L7) && !(\L8) && !(\L9) && \LoneHot && (\S == 32'd0) && !(\X))))
	SAT_a ? [ F[4] & T & C+ ]: UNSAT
		(ab core: 11 -> 6)
	(48 + 11 -> 48 + 6)
	(11 -> 6 -> 3)
	(11 -> 6 -> 3)

		[MUS(s)]:

		[1] w32	(!(\L7) && (\S == 32'd1) && \LoneHot)
	SAT_a ? [ F[5] & T & C+ ]: UNSAT
		(ab core: 13 -> 9)
	(46 + 13 -> 46 + 9)
	(13 -> 9 -> 3)
	(13 -> 9 -> 3)

		[MUS(s)]:

		[1] w32	(!(\L7) && (\S == 32'd1) && !(\L3))
	SAT_a ? [ F[6] & T & C+ ]: UNSAT
		(ab core: 12 -> 9)
	(43 + 12 -> 43 + 9)
	(12 -> 9 -> 4)
	(12 -> 9 -> 4)

		[MUS(s)]:

		[1] w32	(!(\L7) && !(\L4) && (\S == 32'd1) && !(\L3))
	SAT_a ? [ F[7] & T & C+ ]: UNSAT
		(ab core: 12 -> 9)
	(40 + 12 -> 40 + 9)
	(12 -> 9 -> 5)
	(12 -> 9 -> 5)

		[MUS(s)]:

		[1] w32	(!(\X) && (\S == 32'd1) && !(\L3) && \LoneHot && !(\L5))
	SAT_a ? [ F[8] & T & C+ ]: UNSAT
		(ab core: 12 -> 9)
	(36 + 12 -> 36 + 9)
	(12 -> 9 -> 7)
	(12 -> 9 -> 7)

		[MUS(s)]:

		[1] w32	(!(\X) && !(\L4) && (\S == 32'd1) && !(\L3) && !(\L6) && \LoneHot && !(\L5))
	SAT_a ? [ F[9] & T & C+ ]: UNSAT
		(ab core: 12 -> 8)
	(34 + 12 -> 34 + 8)
	(12 -> 8 -> 6)
	(12 -> 8 -> 6)

		[MUS(s)]:

		   (forcing elimination of initial states from original mus)
		[0] (orig) (!(\X) && !(\L8) && !(\L4) && !(\L3) && !(\L6) && !(\L5))
		[1] w32	(!(\X) && !(\L8) && !(\L4) && !(\L3) && !(\L6) && !(\L5) && !((\L1 && !(\L10) && !(\L3) && !(\L4) && !(\L5) && !(\L6) && !(\L7) && !(\L8) && !(\L9) && \LoneHot && (\S == 32'd0) && !(\X))))
	SAT_a ? [ F[10] & T & C+ ]: UNSAT
		(ab core: 12 -> 5)
	(30 + 12 -> 30 + 5)
	(12 -> 5 -> 3)
	(12 -> 5 -> 3)

		[MUS(s)]:

		[1] w32	(!(\L9) && \LoneHot && (\S == 32'd2))
	SAT_a ? [ F[11] & T & C+ ]: UNSAT
		(ab core: 13 -> 9)
	(28 + 13 -> 28 + 9)
	(13 -> 9 -> 4)
	(13 -> 9 -> 4)

		[MUS(s)]:

		[1] w32	(!(\L9) && !(\L3) && \LoneHot && (\S == 32'd2))
	SAT_a ? [ F[12] & T & C+ ]: UNSAT
		(ab core: 12 -> 9)
	(26 + 12 -> 26 + 9)
	(12 -> 9 -> 4)
	(12 -> 9 -> 4)

		[MUS(s)]:

		[1] w32	(!(\L9) && !(\L4) && !(\L3) && (\S == 32'd2))
	SAT_a ? [ F[13] & T & C+ ]: UNSAT
		(ab core: 12 -> 8)
	(23 + 12 -> 23 + 8)
	(12 -> 8 -> 4)
	(12 -> 8 -> 4)

		[MUS(s)]:

		[1] w32	(\LoneHot && !(\L5) && \X && (\S == 32'd2))
	SAT_a ? [ F[14] & T & C+ ]: UNSAT
		(ab core: 12 -> 7)
	(22 + 12 -> 22 + 7)
	(12 -> 7 -> 4)
	(12 -> 7 -> 4)

		[MUS(s)]:

		[1] w32	(!(\L6) && !(\L5) && \X && (\S == 32'd2))
	SAT_a ? [ F[15] & T & C+ ]: UNSAT
		(ab core: 4 -> 4)
	(13 + 4 -> 13 + 4)
	(4 -> 4 -> 4)
	(4 -> 4 -> 4)

		[MUS(s)]:

		[1] w32	(\L3 && \LoneHot && \X && (\S == 32'd2))
[RES_1]       0	: 16	: 0 2 4 5 3 2 2 4 3 4 3 2 3 2 1 2 3 s: 45
[RES_0]    L  16 : 0 3 8 16 11 6 7 17 16 17 12 6 10 7 4 8 22 s: 170, mem: 17, time: 0.160793
---------------------------------------------------------------------------------------------
Loop_16_1_0
---------------------------------------------------------------------------------------------
	SAT_a ? [ F[16] & T & !P+ ]: UNSAT
[RES_1]       0	: 16	: 0 2 4 5 3 2 2 4 3 4 3 2 3 2 1 2 3 s: 45
[RES_0]    L  16 : 0 3 8 16 11 6 7 17 16 17 12 6 10 7 4 8 22 s: 170, mem: 17, time: 0.160893
	[Forward propagation]:
	(F1 about to converge: #2)
		\X
		(!(\L3) && !((\L1 && !(\L10) && !(\L3) && !(\L4) && !(\L5) && !(\L6) && !(\L7) && !(\L8) && !(\L9) && \LoneHot && (\S == 32'd0) && !(\X))))
	(F3 about to converge: #2)
		(!(\L4) && !(\L3) && !(\L6) && !(\L5) && !((\L1 && !(\L10) && !(\L3) && !(\L4) && !(\L5) && !(\L6) && !(\L7) && !(\L8) && !(\L9) && \LoneHot && (\S == 32'd0) && !(\X))))
		(\LoneHot && !(\L5) && \X)
	(F5 about to converge: #2)
		(\L3 && \LoneHot && \X)
		(!(\L7) && (\S == 32'd1))
	(F6 about to converge: #1)
		(!(\L7) && (\S == 32'd1) && !(\L3))
	(F7 about to converge: #2)
		(!(\L7) && !(\L4) && (\S == 32'd1) && !(\L3))
		(!(\X) && (\S == 32'd1) && \LoneHot)
	(F11 about to converge: #2)
		(\L3 && \LoneHot && (\S == 32'd2))
		(!(\L9) && (\S == 32'd2))
	(F12 about to converge: #2)
		(!(\L9) && !(\L3) && \LoneHot && (\S == 32'd2))
		(\L4 && \LoneHot && (\S == 32'd2))
	(F14 about to converge: #1)
		(!(\L5) && \X && (\S == 32'd2))
	(F15 about to converge: #1)
		(!(\L6) && !(\L5) && \X && (\S == 32'd2))
	(F16 about to converge: #2)
		(\L3 && \LoneHot && \X && (\S == 32'd2))
		((\S == 32'd2) && \L7 && \LoneHot && \X)
[RES_1]       0	: 17	: 0 2 4 2 4 2 1 2 4 3 3 2 2 3 1 1 2 2 s: 40
[RES_0]    L  17 : 0 3 8 8 14 5 3 7 18 15 16 5 7 10 3 4 8 18 s: 152, mem: 17, time: 0.165168
---------------------------------------------------------------------------------------------
Loop_17_0_0
---------------------------------------------------------------------------------------------
	SAT_a ? [ F[17] & T & !P+ ]: SAT
	(adding pred. from next_c to next) #1
	(adding from pre_c to ab. cube) #4
	(adding from pre_c to cc. cube) #4
	(bad cube [in !P+]) sz: 2
	(abstract cube) 4	(4 + 0 + 0 + 0 + 0)
	(concrete cube) 4	(4 + 0 + 0 + 0)
	SAT_a ? [ F[16] & T & C+ ]: SAT
	(adding from pre_c to ab. cube) #12
	(adding from pre_c to cc. cube) #12
	(abstract cube) 12	(12 + 0 + 0 + 0 + 0)
	(concrete cube) 12	(12 + 0 + 0 + 0)
	SAT_a ? [ F[15] & T & C+ ]: UNSAT
		(ab core: 12 -> 5)
	(25 + 12 -> 25 + 5)
	(12 -> 5 -> 5)
	(12 -> 5 -> 5)

		[MUS(s)]:

		[1] w32	(\L1 && !(\L6) && !(\L5) && \X && (\S == 32'd2))
	SAT_a ? [ F[16] & T & C+ ]: SAT
	(adding from pre_c to ab. cube) #12
	(adding from pre_c to cc. cube) #12
	(abstract cube) 12	(12 + 0 + 0 + 0 + 0)
	(concrete cube) 12	(12 + 0 + 0 + 0)
	SAT_a ? [ F[15] & T & C+ ]: UNSAT
		(ab core: 12 -> 8)
	(26 + 12 -> 26 + 8)
	(12 -> 8 -> 5)
	(12 -> 8 -> 5)

		[MUS(s)]:

		[1] w32	(!(\L8) && !(\L6) && !(\L5) && \X && (\S == 32'd2))
	SAT_a ? [ F[16] & T & C+ ]: SAT
	(adding from pre_c to ab. cube) #13
	(adding from pre_c to cc. cube) #13
	(abstract cube) 12	(12 + 0 + 0 + 0 + 0)
	(concrete cube) 12	(12 + 0 + 0 + 0)
	SAT_a ? [ F[15] & T & C+ ]: SAT
	(adding from pre_c to ab. cube) #13
	(adding from pre_c to cc. cube) #13
	(abstract cube) 12	(12 + 0 + 0 + 0 + 0)
	(concrete cube) 12	(12 + 0 + 0 + 0)
	SAT_a ? [ F[14] & T & C+ ]: SAT
	(adding from pre_c to ab. cube) #12
	(adding from pre_c to cc. cube) #12
	(abstract cube) 12	(12 + 0 + 0 + 0 + 0)
	(concrete cube) 12	(12 + 0 + 0 + 0)
	SAT_a ? [ F[13] & T & C+ ]: SAT
	(adding from pre_c to ab. cube) #12
	(adding required pred. from inp_c to ab. cube) #1
	(adding from pre_c to cc. cube) #12
	(adding pred. from inp_c to cc. cube) #1
	(abstract cube) 13	(13 + 0 + 0 + 0 + 0)
	(concrete cube) 13	(13 + 0 + 0 + 0)
	SAT_a ? [ F[12] & T & C+ ]: SAT
	(adding from pre_c to ab. cube) #12
	(adding from pre_c to cc. cube) #12
	(abstract cube) 12	(12 + 0 + 0 + 0 + 0)
	(concrete cube) 12	(12 + 0 + 0 + 0)
	SAT_a ? [ F[11] & T & C+ ]: SAT
	(adding from pre_c to ab. cube) #12
	(adding from pre_c to cc. cube) #12
	(abstract cube) 12	(12 + 0 + 0 + 0 + 0)
	(concrete cube) 12	(12 + 0 + 0 + 0)
	SAT_a ? [ F[10] & T & C+ ]: SAT
	(adding from pre_c to ab. cube) #12
	(adding from pre_c to cc. cube) #12
	(abstract cube) 12	(12 + 0 + 0 + 0 + 0)
	(concrete cube) 12	(12 + 0 + 0 + 0)
	SAT_a ? [ F[9] & T & C+ ]: SAT
	(adding from pre_c to ab. cube) #13
	(adding from pre_c to cc. cube) #13
	(abstract cube) 12	(12 + 0 + 0 + 0 + 0)
	(concrete cube) 12	(12 + 0 + 0 + 0)
	SAT_a ? [ F[8] & T & C+ ]: SAT
	(adding from pre_c to ab. cube) #12
	(adding from pre_c to cc. cube) #12
	(abstract cube) 12	(12 + 0 + 0 + 0 + 0)
	(concrete cube) 12	(12 + 0 + 0 + 0)
	SAT_a ? [ F[7] & T & C+ ]: SAT
	(adding from pre_c to ab. cube) #12
	(adding required pred. from inp_c to ab. cube) #1
	(adding from pre_c to cc. cube) #12
	(adding pred. from inp_c to cc. cube) #1
	(abstract cube) 13	(13 + 0 + 0 + 0 + 0)
	(concrete cube) 13	(13 + 0 + 0 + 0)
	SAT_a ? [ F[6] & T & C+ ]: SAT
	(adding from pre_c to ab. cube) #12
	(adding from pre_c to cc. cube) #12
	(abstract cube) 11	(11 + 0 + 0 + 0 + 0)
	(concrete cube) 11	(11 + 0 + 0 + 0)
	SAT_a ? [ F[5] & T & C+ ]: SAT
	(adding from pre_c to ab. cube) #11
	(adding from pre_c to cc. cube) #11
	(abstract cube) 11	(11 + 0 + 0 + 0 + 0)
	(concrete cube) 11	(11 + 0 + 0 + 0)
	SAT_a ? [ F[4] & T & C+ ]: SAT
	(adding from pre_c to ab. cube) #12
	(adding from pre_c to cc. cube) #12
	(abstract cube) 12	(12 + 0 + 0 + 0 + 0)
	(concrete cube) 12	(12 + 0 + 0 + 0)
	SAT_a ? [ F[3] & T & C+ ]: SAT
	(adding from pre_c to ab. cube) #12
	(adding from pre_c to cc. cube) #12
	(abstract cube) 12	(12 + 0 + 0 + 0 + 0)
	(concrete cube) 12	(12 + 0 + 0 + 0)
	SAT_a ? [ F[2] & T & C+ ]: SAT
	(adding from pre_c to ab. cube) #13
	(adding from pre_c to cc. cube) #13
	(abstract cube) 13	(13 + 0 + 0 + 0 + 0)
	(concrete cube) 13	(13 + 0 + 0 + 0)
	SAT_a ? [ F[1] & T & C+ ]: UNSAT
		(ab core: 13 -> 2)
	(96 + 13 -> 96 + 2)
	(13 -> 2 -> 2)
	(13 -> 2 -> 2)

		[MUS(s)]:

		[1] w1	(\LoneHot && \X)
	SAT_a ? [ F[2] & T & C+ ]: UNSAT
		(ab core: 12 -> 2)
	(95 + 12 -> 95 + 2)
	(12 -> 2 -> 2)
	(12 -> 2 -> 2)

		[MUS(s)]:

		[1] w1	(!(\L5) && \X)
	SAT_a ? [ F[3] & T & C+ ]: SAT
	(adding from pre_c to ab. cube) #12
	(adding from pre_c to cc. cube) #12
	(abstract cube) 12	(12 + 0 + 0 + 0 + 0)
	(concrete cube) 12	(12 + 0 + 0 + 0)
	SAT_a ? [ F[2] & T & C+ ]: SAT
	(adding from pre_c to ab. cube) #12
	(adding required pred. from inp_c to ab. cube) #1
	(adding from pre_c to cc. cube) #12
	(adding pred. from inp_c to cc. cube) #1
	(abstract cube) 13	(13 + 0 + 0 + 0 + 0)
	(concrete cube) 13	(13 + 0 + 0 + 0)
	SAT_a ? [ F[1] & T & C+ ]: SAT
	(adding from pre_c to ab. cube) #12
	(adding from pre_c to cc. cube) #12
	(abstract cube) 11	(11 + 0 + 0 + 0 + 0)
	(concrete cube) 11	(11 + 0 + 0 + 0)
	SAT_a ? [ F[0] & T & C+ ]: SAT
	(adding from pre_c to ab. cube) #11
	(adding from pre_c to cc. cube) #11
	(abstract cube) 11	(11 + 0 + 0 + 0 + 0)
	(concrete cube) 11	(11 + 0 + 0 + 0)
		(Next: ((\S$next == \S$next_rhs) && (\L1$next == \L1$next_rhs) && (\L3$next == \L3$next_rhs) && (\L4$next == \L4$next_rhs) && (\L5$next == \L5$next_rhs) && (\L6$next == \L6$next_rhs) && (\L7$next == \L7$next_rhs) && (\L8$next == \L8$next_rhs) && (\L9$next == \L9$next_rhs) && (\L10$next == \L10$next_rhs) && (\LoneHot$next == \LoneHot$next_rhs)))

	[Concrete check]:

[ ACEXT ]: (Length: 18)
[Concrete check]:
		SAT_c ? [ A[0] & T[0] & A[End]+ ]: 		(bv input core size: 8)
		SAT_c ? [ A[1] & T[1] & A[0]+ ]: 		(bv input core size: 20)
		SAT_c ? [ A[2] & T[2] & A[1]+ ]: 		(bv input core size: 36)
		SAT_c ? [ A[3] & T[3] & A[2]+ ]: 		(bv input core size: 36)
		SAT_c ? [ A[4] & T[4] & A[3]+ ]: 		(bv input core size: 37)
		(cc core: 37 -> 4)
UNSAT

		[MUS(s)]:
		[1] ((\S == 32'd2) && (\L5$next == \L5$next_rhs) && \L5$next && \LoneHot)

	[Lemmas]: 
		[1] !(((\S == 32'd2) && (\L5$next == \L5$next_rhs) && \L5$next && \LoneHot))
#889
#Lemmas = 1
[RES_1]       1	: 17	: 0 2 4 2 4 2 1 2 4 3 3 2 2 3 1 1 4 2 s: 42
[RES_0]    L  17 : 0 3 8 7 14 5 3 7 18 15 16 5 7 10 3 4 18 18 s: 161, mem: 18, time: 0.182424
---------------------------------------------------------------------------------------------
Loop_17_0_1
---------------------------------------------------------------------------------------------
	SAT_a ? [ F[17] & T & !P+ ]: SAT
	(adding pred. from next_c to next) #1
	(adding from pre_c to ab. cube) #4
	(adding from pre_c to cc. cube) #4
	(bad cube [in !P+]) sz: 2
	(abstract cube) 4	(4 + 0 + 0 + 0 + 0)
	(concrete cube) 4	(4 + 0 + 0 + 0)
	SAT_a ? [ F[16] & T & C+ ]: SAT
	(adding from pre_c to ab. cube) #13
	(adding from pre_c to cc. cube) #13
	(abstract cube) 12	(12 + 0 + 0 + 0 + 0)
	(concrete cube) 12	(12 + 0 + 0 + 0)
	SAT_a ? [ F[15] & T & C+ ]: SAT
	(adding from pre_c to ab. cube) #13
	(adding from pre_c to cc. cube) #13
	(abstract cube) 12	(12 + 0 + 0 + 0 + 0)
	(concrete cube) 12	(12 + 0 + 0 + 0)
	SAT_a ? [ F[14] & T & C+ ]: SAT
	(adding from pre_c to ab. cube) #12
	(adding from pre_c to cc. cube) #12
	(abstract cube) 12	(12 + 0 + 0 + 0 + 0)
	(concrete cube) 12	(12 + 0 + 0 + 0)
	SAT_a ? [ F[13] & T & C+ ]: UNSAT
		(ab core: 12 -> 9)
	(35 + 12 -> 35 + 9)
	(12 -> 9 -> 5)
	(12 -> 9 -> 5)

		[MUS(s)]:

		[1] w32	(!(\L9) && !(\L4) && !(\L3) && !(\L6) && (\S == 32'd2))
	SAT_a ? [ F[14] & T & C+ ]: UNSAT
		(ab core: 12 -> 5)
	(32 + 12 -> 32 + 5)
	(12 -> 5 -> 3)
	(12 -> 5 -> 3)

		[MUS(s)]:

		[1] w32	(\LoneHot && \X && (\S == 32'd2))
	SAT_a ? [ F[15] & T & C+ ]: UNSAT
		(ab core: 12 -> 7)
	(29 + 12 -> 29 + 7)
	(12 -> 7 -> 4)
	(12 -> 7 -> 4)

		[MUS(s)]:

		[1] w32	(!(\L6) && !(\L5) && \X && (\S == 32'd2))
	SAT_a ? [ F[16] & T & C+ ]: UNSAT
		(ab core: 4 -> 4)
	(17 + 4 -> 17 + 4)
	(4 -> 4 -> 4)
	(4 -> 4 -> 4)

		[MUS(s)]:

		[1] w32	(\L3 && \LoneHot && \X && (\S == 32'd2))
[RES_1]       1	: 17	: 0 2 4 2 4 2 1 2 4 3 3 2 2 2 2 1 2 3 s: 41
[RES_0]    L  17 : 0 3 8 7 14 5 3 7 18 15 16 5 7 7 8 3 8 22 s: 156, mem: 18, time: 0.18607
---------------------------------------------------------------------------------------------
Loop_17_1_1
---------------------------------------------------------------------------------------------
	SAT_a ? [ F[17] & T & !P+ ]: UNSAT
[RES_1]       1	: 17	: 0 2 4 2 4 2 1 2 4 3 3 2 2 2 2 1 2 3 s: 41
[RES_0]    L  17 : 0 3 8 7 14 5 3 7 18 15 16 5 7 7 8 3 8 22 s: 156, mem: 18, time: 0.186156
	[Forward propagation]:
		Property holds
[RES_1]       1	: 17	: 0 2 2 4 4 2 1 2 4 3 3 2 2 1 1 0 3 3 s: 39
[RES_0]    L  17 : 0 3 5 10 14 5 3 7 18 15 16 5 7 4 5 0 9 22 s: 148, mem: 18, time: 0.18921

-----------
Refinements
-----------
[1]	!(((\S == 32'd2) && (\L5$next == \L5$next_rhs) && \L5$next && \LoneHot))
-----------
[RES_0]    refinement-lemmas-check successful!
F[0]	c#0
F[1]	c#2
F[2]	c#2
F[3]	c#4
F[4]	c#4
F[5]	c#2
F[6]	c#1
F[7]	c#2
F[8]	c#4
F[9]	c#3
F[10]	c#3
F[11]	c#2
F[12]	c#2
F[13]	c#1
F[14]	c#1
F[15]	c#0
F[16]	c#3
F[17]	c#3
F[18]	c#0


[RES_0]    initial-state-check successful!
[RES_0]    property-check successful!
[RES_0]    inductive-invariant-check successful!
 s: 148, mem: 18, time: 0.19
Frames explored (1 datapath refinements) : 
17 
CEXT lengths (1 feasibility checks) : 
18 
DP lemmas (1 feasibility checks) : 
1 
Block= 18 BlockT= 35 BlockS= 18 BlockU= 17 Oblig= 286 ObligT= 286 ObligS= 143 ObligU= 143 FPT= 429 FPS= 319 FPU= 110 CallT= 2600 CallS= 1761 CallU= 839 MUST= 153 MUSS= 8 MUSU= 145 sMUST= 0 sMUSS= 0 sMUSU= 0 dMUST= 10 dMUSS= 8 dMUSU= 2 rMUST= 1107 rMUSS= 548 rMUSU= 559 All_clauses= 143 All_literals= 562 Clauses= 39 Literals= 148 DPLemmas= 1 DPrefsNoDPL= 0 DPRefs= 1

pme_fail: 0, pme_succ: 0, lit_before: 0, lit_after: 0
coi_before: 0, coi_after: 0
mus_before: 1593 mus_lit: 548 mus_cls: 143 mus_cnt: 143
S+M	Call = 2753 (sat=1769, 64.26%)
SAT	Call = 2600 (sat=1761, 67.73%)
MUS	Call = 153 (sat=8, 5.23%)

Detailed Stats:

  (reachability)
	#Frame Restrictions:	143
	#TB                :	161
	#cubes-subsumed    :	104
	#context reset     :	0
	#Y2 reset          :	0
	#frame solver reset:	37
	avg-sz-frame-restriction:  	3.91

	avg-sz-ab-cube:  	11.18
		%t1-ab-cube:   	100.00%	[sel: 100.00% ]
		%t2-ab-cube:   	0.00%	[sel: 0.00% ]
		%t3-ab-cube:   	0.00%	[sel: 0.00% ]
		%t4-ab-cube:   	0.00%	[sel: 0.00% ]

		ab-cube info:	
			s == s:	0.00%	[sel: 0.00% ]
			s == n:	8.94%	[sel: 21.11% ]
			s == o:	0.00%	[sel: 0.00% ]
			n == o:	0.00%	[sel: 0.00% ]
			o == o:	0.00%	[sel: 0.00% ]
			s != s:	0.00%	[sel: 0.00% ]
			s != n:	0.00%	[sel: 0.00% ]
			s != o:	0.00%	[sel: 0.00% ]
			n != o:	0.00%	[sel: 0.00% ]
			o != o:	0.00%	[sel: 0.00% ]
			s bool:	90.00%	[sel: 76.92% ]
			up    :	1.06%	[sel: 1.97% ]
			oth   :	0.00%	[sel: 0.00% ]

		%coi-ab-cube  :	100.00%	[sel: 100.00% ]
			s (==):	0.00%	[sel: 0.00% ]
			s (!=):	0.00%	[sel: 0.00% ]
			n (==):	8.94%	[sel: 21.11% ]
			n (!=):	0.00%	[sel: 0.00% ]
			other :	91.06%	[sel: 78.89% ]
		%pred-ab-cube :	0.00%	[sel: 0.00% ]
		%fproj-ab-cube:	0.00%	[sel: 0.00% ]
			s (==):	0.00%	[sel: 0.00% ]
			s (!=):	0.00%	[sel: 0.00% ]
			n (==):	0.00%	[sel: 0.00% ]
			n (!=):	0.00%	[sel: 0.00% ]
		%proj-ab-cube :	0.00%	[sel: 0.00% ]
			s (==):	0.00%	[sel: 0.00% ]
			s (!=):	0.00%	[sel: 0.00% ]
			n (==):	0.00%	[sel: 0.00% ]
			n (!=):	0.00%	[sel: 0.00% ]
		%subs-ab-cube :	0.00%	[sel: 0.00% ]
	avg-#sv-ab-cube:  	10.00
	avg-tsb-ab-cube:  	41.00
	relevancy:       	98.93%

	avg-sz-cc-cube:  	11.00
		%coi-cc-cube  :	100.00%
		%pred-cc-cube :	0.00%
		%fproj-cc-cube:	0.00%
			s (==):	0.00%
			s (!=):	0.00%
			n (==):	0.00%
			n (!=):	0.00%
		%proj-cc-cube :	0.00%
			s (==):	0.00%
			s (!=):	0.00%
			n (==):	0.00%
			n (!=):	0.00%

	tb_cube_time:     	0.03 (16.49%)
		cube_eval_time: 	0.01 (7.18%)
		cube_pred_time: 	0.00 (0.09%)
		cube_fproj_time:	0.00 (0.00%)
		cube_proj_time: 	0.00 (0.00%)
		cube _subs_time:	0.00 (0.06%)
		sum:            	0.01 (44.47% of tb_cube_time)

	tb_ct_time:      	0.01 (5.06%)
		ct isblocked_time:  	0.00 (0.00%)
		ct isinitial_time:  	0.00 (0.59%)
		ct containment_time:	0.00 (0.14%)
		ct fastforward_time:	0.00 (0.00%)
		sum:                	0.00 (14.49% of tb_ct_time)

	setcontain_time:	0.00 (0.00%)

	updatesolver_time:	0.01 (3.93%)

	tb_time:	0.14 (71.19%)
		tb_reach_time:    	0.02 (11.60%)
		tb_val_time:    	0.00 (1.46%) [ cti_val_time: 137557872.37 (72212647574.80%) ]
		tb_cube_time:      	0.03 (16.49%)
		tb_mus_time:      	0.05 (23.73%)
			tb_mus_core_time:      	0.01 (6.54%)
			tb_mus_min_time:      	0.03 (13.62%)
		tb_ct_time:       	0.01 (5.06%)
		tb_extra_time:    	0.00 (0.00%)
		sum:           	0.11 (79.89% of tb_time)


  (refinement)
	sim_time:		0.00 (0.00%) 	 [0.00% of dpr_time]

  pre_time:	0.00 (0.55%)
  cti_time:	0.00 (1.09%)	[cti_i_time:	0.00 (0.61%) ]
  tb_time:	0.14 (71.19%)
  fp_time:	0.03 (16.16%)	[fp_extra_time:	0.00 (0.00%) ]
  refine_time:	0.01 (3.23%)
  sol_set_time:	0.01 (4.05%)
  inv_time:	0.00 (0.61%)	[induct_time:	0.00 (0.00%) ]
  draw_time:	0.00 (0.00%)
  sum:		0.18 (96.88%)

  extra_time:	0.00 (0.00%)

  timeout_time:	0.00 (0.00%)

[simplified] 0 (ex), 0 (cc), 0 (ot)

===     HOLD     ===

Averroes finished.

br-#mus         143           
        hard        soft         out           
           
       36.50       11.14        5.74               (br-core)           
       36.50        5.74        3.83                (br-min)          

         sat       unsat           
                                          #Calls           
           0         143   (br-core)           
           0           0  (br-core2)           
         548         416    (br-min)           
                                      Time (sec)           
        0.00        0.00   (br-core)           
        0.00        0.00  (br-core2)           
        0.01        0.01    (br-min)           
                                    Avg. Time (microsec)           
           0          33   (br-core)           
           0           0  (br-core2)           
          17          18    (br-min)           
                                    Max Time (microsec)           
        1920         109   (br-core)           
           0           0  (br-core2)           
          46          51    (br-min)          

                      ab                      bv           
         sat       unsat         sat       unsat           
                                                      #Calls           
          78          24           0           1   (oneshot)           
        1675         669           0           0       (inc)           
           0         143           8           2    (assume)           
                       0                       0   (timeout)          

                                                  Time (sec)           
        0.00        0.00        0.00        0.00   (oneshot)           
        0.02        0.01        0.00        0.00       (inc)           
        0.00        0.00        0.00        0.00    (assume)           
                    0.00                    0.00   (timeout)          

                                                Avg. Time (microsec)
          13           5           0         148   (oneshot)           
          12          14           0           0       (inc)           
           0          25         479          60    (assume)           
                       0                       0   (timeout)           
           
      Result        Time        Mem.       #Refs           
                     sec          MB                       
           h        0.19          18           1