Timeout: 1, Memory_limit: 118000
	10000.000000 (abstract query)
	10000.000000 (concrete query)

Config:
	(concrete bit-width limit: 0)
	(fineness: 2)
	(interpret-ex-cc-level: 2)
	(forward-check:	0)
	(full projection)
	(prioritization:	single)

#STAT# num_bits= 5 num_regs= 0 num_total_bits= 5
1  5

System
  int : 7
  bool : 137
  sum : 144
  bool_op : 62
  int_op : 6
    !  10
    &&  29
    ==  6
    ?:  15
    ?:_int  2
    []  6


Property
  int : 0
  bool : 40
  sum : 40
  bool_op : 18
  int_op : 0
    !  6
    &&  11
    ==  1

Partial interpretation info:
  depth: 0
  count: 4
  count (d=0): 4

  depth (prop): 0
  count (prop): 0
  count (d=0) (prop): 0

	# of Inst.                  : 202	(864 bytes each)
	  ExInst::hm_ExInst.size()  : 10	(984 bytes each)
	  SigInst::hm_SigInst.size(): 16	(904 bytes each)
	  NumInst::hm_NumInst.size(): 3	(888 bytes each)
	  OpInst::hm_OpInst.size()  : 72	(944 bytes each)
	  OpInst::hm_ITEInst.size() : 21	(944 bytes each)
	  OpInst::hm_ETCInst.size() : 3	(944 bytes each)
	Total                       : 125

	Memory (est.)               : 0.166443 MB
	  ExInst                    : 0.009384 MB
	  SigInst                   : 0.013794 MB
	  NumInst                   : 0.002541 MB
	  OpInst::OP                : 0.064819 MB
	  OpInst::ITE               : 0.018906 MB
	  OpInst::ETC               : 0.002701 MB

	(maximum function composition in T: 0)

---------------------------------------------------------------------------------------------
 Reachability Analysis Begins
---------------------------------------------------------------------------------------------
Loop_FrameNumber_#ReachabilityIterations_#RefinementIterations
---------------------------------------------------------------------------------------------
Loop_0_0_0
---------------------------------------------------------------------------------------------
[Basis Step]:
	F[0] = I
	SAT_a ? [ F[0] && !P ]: UNSAT

[First Step]:
	SAT_a ? [ F[0] & T & !P ]: UNSAT

[RES_1]       0	: 0	: 0 s: 0
[RES_0]    L  0 : 0 s: 0, mem: 13, time: 0.003316
[RES_1]       0	: 1	: 0 0 s: 0
[RES_0]    L  1 : 0 0 s: 0, mem: 13, time: 0.003478
---------------------------------------------------------------------------------------------
Loop_1_0_0
---------------------------------------------------------------------------------------------
	F[1] = P
	SAT_a ? [ F[1] & T & !P+ ]: SAT
	(adding pred. from next_c to next) #2
	(adding from pre_c to ab. cube) #3
	(adding required pred. from mixed_c to ab. cube) #4
	(adding required pred. from inp_c to ab. cube) #2
	(adding from pre_c to cc. cube) #3
	(adding pred. from mixed_c to cc. cube) #4
	(adding pred. from inp_c to cc. cube) #2
	(bad cube [in !P+]) sz: 4
	(abstract cube) 9	(9 + 0 + 0 + 0 + 0)
	(concrete cube) 9	(9 + 0 + 0 + 0)
	SAT_a ? [ F[0] & T & C+ ]: UNSAT
		(ab core: 9 -> 1)
	(13 + 9 -> 13 + 1)
	(9 -> 1 -> 1)
	(9 -> 1 -> 1)

		[MUS(s)]:

		   (forcing elimination of initial states from original mus)
		[0] (orig) \semaphore
		[1] w1	(\semaphore && !((!(\link[0]) && !(\link[1]) && !(\link[2]) && !(\link[3]) && \semaphore)))
[RES_1]       0	: 1	: 0 1 s: 1
[RES_0]    L  1 : 0 2 s: 2, mem: 14, time: 0.005005
---------------------------------------------------------------------------------------------
Loop_1_1_0
---------------------------------------------------------------------------------------------
	SAT_a ? [ F[1] & T & !P+ ]: UNSAT
[RES_1]       0	: 1	: 0 1 s: 1
[RES_0]    L  1 : 0 2 s: 2, mem: 14, time: 0.005115
	[Forward propagation]:
		Property holds
[RES_1]       0	: 1	: 0 0 s: 0
[RES_0]    L  1 : 0 0 s: 0, mem: 14, time: 0.005521

-----------
Refinements
-----------
-----------
[RES_0]    refinement-lemmas-check successful!
F[0]	c#0
F[1]	c#0
F[2]	c#1


[RES_0]    initial-state-check successful!
[RES_0]    property-check successful!
[RES_0]    inductive-invariant-check successful!
 s: 2, mem: 14, time: 0.01
Frames explored (0 datapath refinements) : 

CEXT lengths (0 feasibility checks) : 

DP lemmas (0 feasibility checks) : 

Block= 1 BlockT= 2 BlockS= 1 BlockU= 1 Oblig= 1 ObligT= 1 ObligS= 0 ObligU= 1 FPT= 1 FPS= 0 FPU= 1 CallT= 16 CallS= 6 CallU= 10 MUST= 1 MUSS= 0 MUSU= 1 sMUST= 0 sMUSS= 0 sMUSU= 0 dMUST= 0 dMUSS= 0 dMUSU= 0 rMUST= 3 rMUSS= 1 rMUSU= 2 All_clauses= 1 All_literals= 2 Clauses= 1 Literals= 2 DPLemmas= 0 DPrefsNoDPL= 0 DPRefs= 0

pme_fail: 0, pme_succ: 0, lit_before: 0, lit_after: 0
coi_before: 0, coi_after: 0
mus_before: 9 mus_lit: 1 mus_cls: 1 mus_cnt: 1
S+M	Call = 17 (sat=6, 35.29%)
SAT	Call = 16 (sat=6, 37.50%)
MUS	Call = 1 (sat=0, 0.00%)

Detailed Stats:

  (reachability)
	#Frame Restrictions:	1
	#TB                :	1
	#cubes-subsumed    :	0
	#context reset     :	0
	#Y2 reset          :	0
	#frame solver reset:	1
	avg-sz-frame-restriction:  	2.00

	avg-sz-ab-cube:  	9.00
		%t1-ab-cube:   	100.00%	[sel: 100.00% ]
		%t2-ab-cube:   	0.00%	[sel: 0.00% ]
		%t3-ab-cube:   	0.00%	[sel: 0.00% ]
		%t4-ab-cube:   	0.00%	[sel: 0.00% ]

		ab-cube info:	
			s == s:	0.00%	[sel: 0.00% ]
			s == n:	0.00%	[sel: 0.00% ]
			s == o:	0.00%	[sel: 0.00% ]
			n == o:	0.00%	[sel: 0.00% ]
			o == o:	0.00%	[sel: 0.00% ]
			s != s:	0.00%	[sel: 0.00% ]
			s != n:	0.00%	[sel: 0.00% ]
			s != o:	0.00%	[sel: 0.00% ]
			n != o:	0.00%	[sel: 0.00% ]
			o != o:	0.00%	[sel: 0.00% ]
			s bool:	33.33%	[sel: 50.00% ]
			up    :	66.67%	[sel: 50.00% ]
			oth   :	0.00%	[sel: 0.00% ]

		%coi-ab-cube  :	100.00%	[sel: 100.00% ]
			s (==):	0.00%	[sel: 0.00% ]
			s (!=):	0.00%	[sel: 0.00% ]
			n (==):	0.00%	[sel: 0.00% ]
			n (!=):	0.00%	[sel: 0.00% ]
			other :	100.00%	[sel: 100.00% ]
		%pred-ab-cube :	0.00%	[sel: 0.00% ]
		%fproj-ab-cube:	0.00%	[sel: 0.00% ]
			s (==):	0.00%	[sel: 0.00% ]
			s (!=):	0.00%	[sel: 0.00% ]
			n (==):	0.00%	[sel: 0.00% ]
			n (!=):	0.00%	[sel: 0.00% ]
		%proj-ab-cube :	0.00%	[sel: 0.00% ]
			s (==):	0.00%	[sel: 0.00% ]
			s (!=):	0.00%	[sel: 0.00% ]
			n (==):	0.00%	[sel: 0.00% ]
			n (!=):	0.00%	[sel: 0.00% ]
		%subs-ab-cube :	0.00%	[sel: 0.00% ]
	avg-#sv-ab-cube:  	3.00
	avg-tsb-ab-cube:  	3.00
	relevancy:       	100.00%

	avg-sz-cc-cube:  	9.00
		%coi-cc-cube  :	100.00%
		%pred-cc-cube :	0.00%
		%fproj-cc-cube:	0.00%
			s (==):	0.00%
			s (!=):	0.00%
			n (==):	0.00%
			n (!=):	0.00%
		%proj-cc-cube :	0.00%
			s (==):	0.00%
			s (!=):	0.00%
			n (==):	0.00%
			n (!=):	0.00%

	tb_cube_time:     	0.00 (5.03%)
		cube_eval_time: 	0.00 (1.38%)
		cube_pred_time: 	0.00 (0.03%)
		cube_fproj_time:	0.00 (0.00%)
		cube_proj_time: 	0.00 (0.00%)
		cube _subs_time:	0.00 (0.00%)
		sum:            	0.00 (27.95% of tb_cube_time)

	tb_ct_time:      	0.00 (2.35%)
		ct isblocked_time:  	0.00 (0.00%)
		ct isinitial_time:  	0.00 (1.11%)
		ct containment_time:	0.00 (0.03%)
		ct fastforward_time:	0.00 (0.00%)
		sum:                	0.00 (48.67% of tb_ct_time)

	setcontain_time:	0.00 (0.00%)

	updatesolver_time:	0.00 (1.08%)

	tb_time:	0.00 (17.32%)
		tb_reach_time:    	0.00 (3.17%)
		tb_val_time:    	0.00 (0.33%) [ cti_val_time: 127711081.17 (1996733601759.04%) ]
		tb_cube_time:      	0.00 (5.03%)
		tb_mus_time:      	0.00 (4.05%)
			tb_mus_core_time:      	0.00 (2.89%)
			tb_mus_min_time:      	0.00 (0.44%)
		tb_ct_time:       	0.00 (2.35%)
		tb_extra_time:    	0.00 (0.00%)
		sum:           	0.00 (84.30% of tb_time)


  (refinement)
	sim_time:		0.00 (0.00%) 	 [-nan% of dpr_time]

  pre_time:	0.00 (14.81%)
  cti_time:	0.00 (13.91%)	[cti_i_time:	0.00 (2.95%) ]
  tb_time:	0.00 (17.32%)
  fp_time:	0.00 (3.69%)	[fp_extra_time:	0.00 (0.00%) ]
  refine_time:	0.00 (0.00%)
  sol_set_time:	0.00 (5.19%)
  inv_time:	0.00 (11.99%)	[induct_time:	0.00 (0.00%) ]
  draw_time:	0.00 (0.00%)
  sum:		0.00 (66.92%)

  extra_time:	0.00 (0.00%)

  timeout_time:	0.00 (0.00%)

[simplified] 10 (ex), 0 (cc), 0 (ot)

===     HOLD     ===

Averroes finished.

br-#mus           1           
        hard        soft         out           
           
       13.00        9.00        1.00               (br-core)           
       13.00        1.00        1.00                (br-min)          

         sat       unsat           
                                          #Calls           
           0           1   (br-core)           
           0           0  (br-core2)           
           1           1    (br-min)           
                                      Time (sec)           
        0.00        0.00   (br-core)           
        0.00        0.00  (br-core2)           
        0.00        0.00    (br-min)           
                                    Avg. Time (microsec)           
           0          17   (br-core)           
           0           0  (br-core2)           
           9           6    (br-min)           
                                    Max Time (microsec)           
           0          17   (br-core)           
           0           0  (br-core2)           
           9           6    (br-min)          

                      ab                      bv           
         sat       unsat         sat       unsat           
                                                      #Calls           
           5           6           0           0   (oneshot)           
           1           3           0           0       (inc)           
           0           1           0           0    (assume)           
                       0                       0   (timeout)          

                                                  Time (sec)           
        0.00        0.00        0.00        0.00   (oneshot)           
        0.00        0.00        0.00        0.00       (inc)           
        0.00        0.00        0.00        0.00    (assume)           
                    0.00                    0.00   (timeout)          

                                                Avg. Time (microsec)
          11          31           0           0   (oneshot)           
           5          12           0           0       (inc)           
           0          12           0           0    (assume)           
                       0                       0   (timeout)           
           
      Result        Time        Mem.       #Refs           
                     sec          MB                       
           h        0.01          14           0