Timeout: 1, Memory_limit: 118000
	10000.000000 (abstract query)
	10000.000000 (concrete query)

Config:
	(concrete bit-width limit: 0)
	(fineness: 2)
	(interpret-ex-cc-level: 2)
	(forward-check:	0)
	(full projection)
	(prioritization:	single)

#STAT# num_bits= 10 num_regs= 4 num_total_bits= 22
1  10
3  4

System
  int : 30
  bool : 225
  sum : 255
  bool_op : 119
  int_op : 1
    !  9
    !=_int  3
    &&  59
    +_3_3  1
    ==  11
    ==_int  7
    ?:  9
    ?:_int  9
    ||  12


Property
  int : 0
  bool : 5
  sum : 5
  bool_op : 2
  int_op : 0
    !  1
    ==  1

Partial interpretation info:
  depth: 0
  count: 0
  count (d=0): 0

  depth (prop): 0
  count (prop): 0
  count (d=0) (prop): 0

	# of Inst.                  : 271	(864 bytes each)
	  ExInst::hm_ExInst.size()  : 0	(984 bytes each)
	  SigInst::hm_SigInst.size(): 30	(904 bytes each)
	  NumInst::hm_NumInst.size(): 4	(888 bytes each)
	  OpInst::hm_OpInst.size()  : 109	(944 bytes each)
	  OpInst::hm_ITEInst.size() : 18	(944 bytes each)
	  OpInst::hm_ETCInst.size() : 2	(944 bytes each)
	Total                       : 163

	Memory (est.)               : 0.223297 MB
	  ExInst                    : 0.000000 MB
	  SigInst                   : 0.025864 MB
	  NumInst                   : 0.003387 MB
	  OpInst::OP                : 0.098129 MB
	  OpInst::ITE               : 0.016205 MB
	  OpInst::ETC               : 0.001801 MB

	(maximum function composition in T: 1)

---------------------------------------------------------------------------------------------
 Reachability Analysis Begins
---------------------------------------------------------------------------------------------
Loop_FrameNumber_#ReachabilityIterations_#RefinementIterations
---------------------------------------------------------------------------------------------
Loop_0_0_0
---------------------------------------------------------------------------------------------
[Basis Step]:
	F[0] = I
	SAT_a ? [ F[0] && !P ]: UNSAT

[First Step]:
	SAT_a ? [ F[0] & T & !P ]: UNSAT

[RES_1]       0	: 0	: 0 s: 0
[RES_0]    L  0 : 0 s: 0, mem: 13, time: 0.003337
[RES_1]       0	: 1	: 0 0 s: 0
[RES_0]    L  1 : 0 0 s: 0, mem: 13, time: 0.003474
---------------------------------------------------------------------------------------------
Loop_1_0_0
---------------------------------------------------------------------------------------------
	F[1] = P
	SAT_a ? [ F[1] & T & !P+ ]: SAT
	(adding pred. from next_c to next) #1
	(adding from pre_c to ab. cube) #3
	(adding from pre_c to cc. cube) #3
	(bad cube [in !P+]) sz: 2
	(abstract cube) 3	(3 + 0 + 0 + 0 + 0)
	(concrete cube) 3	(3 + 0 + 0 + 0)
	SAT_a ? [ F[0] & T & C+ ]: UNSAT
		(ab core: 3 -> 1)
	(16 + 3 -> 16 + 1)
	(3 -> 1 -> 1)
	(3 -> 1 -> 1)

		[MUS(s)]:

		   (forcing elimination of initial states from original mus)
		[0] (orig) (\Z != 3'd0)
		[1] w3	((\Z != 3'd0) && !((\L0 && !(\L1) && !(\L2) && !(\L3) && !(\L4) && !(\L5) && !(\L6) && !(\L7) && !(\L8) && \LoneHot)))
[RES_1]       0	: 1	: 0 1 s: 1
[RES_0]    L  1 : 0 2 s: 2, mem: 14, time: 0.004636
---------------------------------------------------------------------------------------------
Loop_1_1_0
---------------------------------------------------------------------------------------------
	SAT_a ? [ F[1] & T & !P+ ]: UNSAT
[RES_1]       0	: 1	: 0 1 s: 1
[RES_0]    L  1 : 0 2 s: 2, mem: 14, time: 0.004715
	[Forward propagation]:
	(F1 about to converge: #1)
		((\Z != 3'd0) && !((\L0 && !(\L1) && !(\L2) && !(\L3) && !(\L4) && !(\L5) && !(\L6) && !(\L7) && !(\L8) && \LoneHot)))
[RES_1]       0	: 2	: 0 1 0 s: 1
[RES_0]    L  2 : 0 2 0 s: 2, mem: 14, time: 0.00515
---------------------------------------------------------------------------------------------
Loop_2_0_0
---------------------------------------------------------------------------------------------
	F[2] = P
	SAT_a ? [ F[2] & T & !P+ ]: SAT
	(adding pred. from next_c to next) #1
	(adding from pre_c to ab. cube) #3
	(adding from pre_c to cc. cube) #3
	(bad cube [in !P+]) sz: 2
	(abstract cube) 3	(3 + 0 + 0 + 0 + 0)
	(concrete cube) 3	(3 + 0 + 0 + 0)
	SAT_a ? [ F[1] & T & C+ ]: UNSAT
		(ab core: 3 -> 3)
	(7 + 3 -> 7 + 3)
	(3 -> 3 -> 3)
	(3 -> 3 -> 3)

		[MUS(s)]:

		[1] w3	(\LoneHot && \L6 && (\Z != 3'd0))
[RES_1]       0	: 2	: 0 1 1 s: 2
[RES_0]    L  2 : 0 2 3 s: 5, mem: 14, time: 0.005777
---------------------------------------------------------------------------------------------
Loop_2_1_0
---------------------------------------------------------------------------------------------
	SAT_a ? [ F[2] & T & !P+ ]: UNSAT
[RES_1]       0	: 2	: 0 1 1 s: 2
[RES_0]    L  2 : 0 2 3 s: 5, mem: 14, time: 0.005864
	[Forward propagation]:
	(F1 about to converge: #1)
		((\Z != 3'd0) && !((\L0 && !(\L1) && !(\L2) && !(\L3) && !(\L4) && !(\L5) && !(\L6) && !(\L7) && !(\L8) && \LoneHot)))
	(F2 about to converge: #1)
		(\LoneHot && \L6 && (\Z != 3'd0))
[RES_1]       0	: 3	: 0 1 1 0 s: 2
[RES_0]    L  3 : 0 2 3 0 s: 5, mem: 14, time: 0.00634
---------------------------------------------------------------------------------------------
Loop_3_0_0
---------------------------------------------------------------------------------------------
	F[3] = P
	SAT_a ? [ F[3] & T & !P+ ]: SAT
	(adding pred. from next_c to next) #1
	(adding from pre_c to ab. cube) #3
	(adding from pre_c to cc. cube) #3
	(bad cube [in !P+]) sz: 2
	(abstract cube) 3	(3 + 0 + 0 + 0 + 0)
	(concrete cube) 3	(3 + 0 + 0 + 0)
	SAT_a ? [ F[2] & T & C+ ]: SAT
	(adding from pre_c to ab. cube) #14
	(adding from pre_c to cc. cube) #14
	(abstract cube) 14	(14 + 0 + 0 + 0 + 0)
	(concrete cube) 14	(14 + 0 + 0 + 0)
	SAT_a ? [ F[1] & T & C+ ]: UNSAT
		(ab core: 14 -> 3)
	(18 + 14 -> 18 + 3)
	(14 -> 3 -> 3)
	(14 -> 3 -> 3)

		[MUS(s)]:

		[1] w3	(\L5 && \LoneHot && (\Z != 3'd0))
	SAT_a ? [ F[2] & T & C+ ]: SAT
	(adding from pre_c to ab. cube) #11
	(adding from pre_c to cc. cube) #11
	(abstract cube) 11	(11 + 0 + 0 + 0 + 0)
	(concrete cube) 11	(11 + 0 + 0 + 0)
	SAT_a ? [ F[1] & T & C+ ]: UNSAT
		(ab core: 11 -> 9)
	(19 + 11 -> 19 + 9)
	(11 -> 9 -> 9)
	(11 -> 9 -> 9)

		[MUS(s)]:

		[1] w1	(!(\LoneHot) && !(\L0) && !(\L8) && !(\L5) && !(\L4) && !(\L3) && !(\L2) && !(\L1) && \L6)
	SAT_a ? [ F[2] & T & C+ ]: UNSAT
		(ab core: 3 -> 3)
	(9 + 3 -> 9 + 3)
	(3 -> 3 -> 3)
	(3 -> 3 -> 3)

		[MUS(s)]:

		[1] w3	(\LoneHot && \L6 && (\Z != 3'd0))
[RES_1]       0	: 3	: 0 1 2 1 s: 4
[RES_0]    L  3 : 0 2 12 3 s: 17, mem: 14, time: 0.008641
---------------------------------------------------------------------------------------------
Loop_3_1_0
---------------------------------------------------------------------------------------------
	SAT_a ? [ F[3] & T & !P+ ]: UNSAT
[RES_1]       0	: 3	: 0 1 2 1 s: 4
[RES_0]    L  3 : 0 2 12 3 s: 17, mem: 14, time: 0.00874
	[Forward propagation]:
	(F1 about to converge: #1)
		((\Z != 3'd0) && !((\L0 && !(\L1) && !(\L2) && !(\L3) && !(\L4) && !(\L5) && !(\L6) && !(\L7) && !(\L8) && \LoneHot)))
	(F2 about to converge: #1)
		(\L5 && \LoneHot && (\Z != 3'd0))
	(F3 about to converge: #1)
		(\LoneHot && \L6 && (\Z != 3'd0))
[RES_1]       0	: 4	: 0 1 1 1 1 s: 4
[RES_0]    L  4 : 0 2 3 3 9 s: 17, mem: 14, time: 0.009505
---------------------------------------------------------------------------------------------
Loop_4_0_0
---------------------------------------------------------------------------------------------
	SAT_a ? [ F[4] & T & !P+ ]: SAT
	(adding pred. from next_c to next) #1
	(adding from pre_c to ab. cube) #3
	(adding from pre_c to cc. cube) #3
	(bad cube [in !P+]) sz: 2
	(abstract cube) 3	(3 + 0 + 0 + 0 + 0)
	(concrete cube) 3	(3 + 0 + 0 + 0)
	SAT_a ? [ F[3] & T & C+ ]: SAT
	(adding from pre_c to ab. cube) #14
	(adding from pre_c to cc. cube) #14
	(abstract cube) 14	(14 + 0 + 0 + 0 + 0)
	(concrete cube) 14	(14 + 0 + 0 + 0)
	SAT_a ? [ F[2] & T & C+ ]: SAT
	(adding from pre_c to ab. cube) #14
	(adding from pre_c to cc. cube) #14
	(abstract cube) 14	(14 + 0 + 0 + 0 + 0)
	(concrete cube) 14	(14 + 0 + 0 + 0)
	SAT_a ? [ F[1] & T & C+ ]: UNSAT
		(ab core: 14 -> 3)
	(23 + 14 -> 23 + 3)
	(14 -> 3 -> 2)
	(14 -> 3 -> 2)

		[MUS(s)]:

		   (forcing elimination of initial states from original mus)
		[0] (orig) (!(\L4) && (\Z != 3'd0))
		[1] w3	(!(\L4) && (\Z != 3'd0) && !((\L0 && !(\L1) && !(\L2) && !(\L3) && !(\L4) && !(\L5) && !(\L6) && !(\L7) && !(\L8) && \LoneHot)))
	SAT_a ? [ F[2] & T & C+ ]: SAT
	(adding from pre_c to ab. cube) #14
	(adding from pre_c to cc. cube) #14
	(abstract cube) 14	(14 + 0 + 0 + 0 + 0)
	(concrete cube) 14	(14 + 0 + 0 + 0)
	SAT_a ? [ F[1] & T & C+ ]: SAT
	(adding from pre_c to ab. cube) #13
	(adding from pre_c to cc. cube) #13
	(abstract cube) 13	(13 + 0 + 0 + 0 + 0)
	(concrete cube) 13	(13 + 0 + 0 + 0)
	SAT_a ? [ F[0] & T & C+ ]: UNSAT
		(ab core: 13 -> 1)
	(26 + 13 -> 26 + 1)
	(13 -> 1 -> 1)
	(13 -> 1 -> 1)

		[MUS(s)]:

		   (forcing elimination of initial states from original mus)
		[0] (orig) !(\L1)
		[1] w1	(!(\L1) && !((\L0 && !(\L1) && !(\L2) && !(\L3) && !(\L4) && !(\L5) && !(\L6) && !(\L7) && !(\L8) && \LoneHot)))
	SAT_a ? [ F[1] & T & C+ ]: UNSAT
		(ab core: 14 -> 3)
	(25 + 14 -> 25 + 3)
	(14 -> 3 -> 2)
	(14 -> 3 -> 2)

		[MUS(s)]:

		   (forcing elimination of initial states from original mus)
		[0] (orig) (\LoneHot && (\Z != 3'd0))
		[1] w3	(\LoneHot && (\Z != 3'd0) && !((\L0 && !(\L1) && !(\L2) && !(\L3) && !(\L4) && !(\L5) && !(\L6) && !(\L7) && !(\L8) && \LoneHot)))
	SAT_a ? [ F[2] & T & C+ ]: UNSAT
		(ab core: 14 -> 5)
	(24 + 14 -> 24 + 5)
	(14 -> 5 -> 2)
	(14 -> 5 -> 2)

		[MUS(s)]:

		   (forcing elimination of initial states from original mus)
		[0] (orig) (!(\L4) && (\Z != 3'd0))
		[1] w3	(!(\L4) && (\Z != 3'd0) && !((\L0 && !(\L1) && !(\L2) && !(\L3) && !(\L4) && !(\L5) && !(\L6) && !(\L7) && !(\L8) && \LoneHot)))
	SAT_a ? [ F[3] & T & C+ ]: UNSAT
		(ab core: 3 -> 3)
	(10 + 3 -> 10 + 3)
	(3 -> 3 -> 3)
	(3 -> 3 -> 3)

		[MUS(s)]:

		[1] w3	(\L6 && \LoneHot && (\Z != 3'd0))
[RES_1]       0	: 4	: 0 2 2 1 2 s: 7
[RES_0]    L  4 : 0 4 6 3 12 s: 25, mem: 14, time: 0.013781
---------------------------------------------------------------------------------------------
Loop_4_1_0
---------------------------------------------------------------------------------------------
	SAT_a ? [ F[4] & T & !P+ ]: UNSAT
[RES_1]       0	: 4	: 0 2 2 1 2 s: 7
[RES_0]    L  4 : 0 4 6 3 12 s: 25, mem: 14, time: 0.013885
	[Forward propagation]:
	(F1 about to converge: #2)
		((\Z != 3'd0) && !((\L0 && !(\L1) && !(\L2) && !(\L3) && !(\L4) && !(\L5) && !(\L6) && !(\L7) && !(\L8) && \LoneHot)))
		(!(\L1) && !((\L0 && !(\L1) && !(\L2) && !(\L3) && !(\L4) && !(\L5) && !(\L6) && !(\L7) && !(\L8) && \LoneHot)))
	(F2 about to converge: #1)
		(\LoneHot && (\Z != 3'd0) && !((\L0 && !(\L1) && !(\L2) && !(\L3) && !(\L4) && !(\L5) && !(\L6) && !(\L7) && !(\L8) && \LoneHot)))
	(F3 about to converge: #2)
		(!(\L4) && (\Z != 3'd0) && !((\L0 && !(\L1) && !(\L2) && !(\L3) && !(\L4) && !(\L5) && !(\L6) && !(\L7) && !(\L8) && \LoneHot)))
		(\L5 && \LoneHot && (\Z != 3'd0))
	(F4 about to converge: #1)
		(\L6 && \LoneHot && (\Z != 3'd0))
[RES_1]       0	: 5	: 0 2 1 2 1 1 s: 7
[RES_0]    L  5 : 0 4 3 6 3 9 s: 25, mem: 14, time: 0.014949
---------------------------------------------------------------------------------------------
Loop_5_0_0
---------------------------------------------------------------------------------------------
	SAT_a ? [ F[5] & T & !P+ ]: SAT
	(adding pred. from next_c to next) #1
	(adding from pre_c to ab. cube) #3
	(adding from pre_c to cc. cube) #3
	(bad cube [in !P+]) sz: 2
	(abstract cube) 3	(3 + 0 + 0 + 0 + 0)
	(concrete cube) 3	(3 + 0 + 0 + 0)
	SAT_a ? [ F[4] & T & C+ ]: SAT
	(adding from pre_c to ab. cube) #14
	(adding from pre_c to cc. cube) #14
	(abstract cube) 14	(14 + 0 + 0 + 0 + 0)
	(concrete cube) 14	(14 + 0 + 0 + 0)
	SAT_a ? [ F[3] & T & C+ ]: SAT
	(adding from pre_c to ab. cube) #14
	(adding from pre_c to cc. cube) #14
	(abstract cube) 14	(14 + 0 + 0 + 0 + 0)
	(concrete cube) 14	(14 + 0 + 0 + 0)
	SAT_a ? [ F[2] & T & C+ ]: SAT
	(adding from pre_c to ab. cube) #14
	(adding from pre_c to cc. cube) #14
	(abstract cube) 14	(14 + 0 + 0 + 0 + 0)
	(concrete cube) 14	(14 + 0 + 0 + 0)
	SAT_a ? [ F[1] & T & C+ ]: UNSAT
		(ab core: 14 -> 2)
	(30 + 14 -> 30 + 2)
	(14 -> 2 -> 2)
	(14 -> 2 -> 2)

		[MUS(s)]:

		   (forcing elimination of initial states from original mus)
		[0] (orig) (!(\L2) && !(\L1))
		[1] w1	(!(\L2) && !(\L1) && !((\L0 && !(\L1) && !(\L2) && !(\L3) && !(\L4) && !(\L5) && !(\L6) && !(\L7) && !(\L8) && \LoneHot)))
	SAT_a ? [ F[2] & T & C+ ]: UNSAT
		(ab core: 14 -> 4)
	(29 + 14 -> 29 + 4)
	(14 -> 4 -> 2)
	(14 -> 4 -> 2)

		[MUS(s)]:

		   (forcing elimination of initial states from original mus)
		[0] (orig) (\LoneHot && (\Z != 3'd0))
		[1] w3	(\LoneHot && (\Z != 3'd0) && !((\L0 && !(\L1) && !(\L2) && !(\L3) && !(\L4) && !(\L5) && !(\L6) && !(\L7) && !(\L8) && \LoneHot)))
	SAT_a ? [ F[3] & T & C+ ]: UNSAT
		(ab core: 14 -> 3)
	(24 + 14 -> 24 + 3)
	(14 -> 3 -> 2)
	(14 -> 3 -> 2)

		[MUS(s)]:

		   (forcing elimination of initial states from original mus)
		[0] (orig) (!(\L4) && (\Z != 3'd0))
		[1] w3	(!(\L4) && (\Z != 3'd0) && !((\L0 && !(\L1) && !(\L2) && !(\L3) && !(\L4) && !(\L5) && !(\L6) && !(\L7) && !(\L8) && \LoneHot)))
	SAT_a ? [ F[4] & T & C+ ]: UNSAT
		(ab core: 3 -> 3)
	(10 + 3 -> 10 + 3)
	(3 -> 3 -> 3)
	(3 -> 3 -> 3)

		[MUS(s)]:

		[1] w3	(\L6 && \LoneHot && (\Z != 3'd0))
[RES_1]       0	: 5	: 0 2 1 2 1 2 s: 8
[RES_0]    L  5 : 0 4 3 6 3 12 s: 28, mem: 15, time: 0.018203
---------------------------------------------------------------------------------------------
Loop_5_1_0
---------------------------------------------------------------------------------------------
	SAT_a ? [ F[5] & T & !P+ ]: UNSAT
[RES_1]       0	: 5	: 0 2 1 2 1 2 s: 8
[RES_0]    L  5 : 0 4 3 6 3 12 s: 28, mem: 15, time: 0.018274
	[Forward propagation]:
	(F1 about to converge: #2)
		((\Z != 3'd0) && !((\L0 && !(\L1) && !(\L2) && !(\L3) && !(\L4) && !(\L5) && !(\L6) && !(\L7) && !(\L8) && \LoneHot)))
		(!(\L1) && !((\L0 && !(\L1) && !(\L2) && !(\L3) && !(\L4) && !(\L5) && !(\L6) && !(\L7) && !(\L8) && \LoneHot)))
	(F2 about to converge: #1)
		(!(\L2) && !(\L1) && !((\L0 && !(\L1) && !(\L2) && !(\L3) && !(\L4) && !(\L5) && !(\L6) && !(\L7) && !(\L8) && \LoneHot)))
	(F3 about to converge: #1)
		(\LoneHot && (\Z != 3'd0) && !((\L0 && !(\L1) && !(\L2) && !(\L3) && !(\L4) && !(\L5) && !(\L6) && !(\L7) && !(\L8) && \LoneHot)))
	(F4 about to converge: #2)
		(!(\L4) && (\Z != 3'd0) && !((\L0 && !(\L1) && !(\L2) && !(\L3) && !(\L4) && !(\L5) && !(\L6) && !(\L7) && !(\L8) && \LoneHot)))
		(\L5 && \LoneHot && (\Z != 3'd0))
	(F5 about to converge: #1)
		(\L6 && \LoneHot && (\Z != 3'd0))
[RES_1]       0	: 6	: 0 2 1 1 2 1 1 s: 8
[RES_0]    L  6 : 0 4 3 3 6 3 9 s: 28, mem: 15, time: 0.019463
---------------------------------------------------------------------------------------------
Loop_6_0_0
---------------------------------------------------------------------------------------------
	SAT_a ? [ F[6] & T & !P+ ]: SAT
	(adding pred. from next_c to next) #1
	(adding from pre_c to ab. cube) #3
	(adding from pre_c to cc. cube) #3
	(bad cube [in !P+]) sz: 2
	(abstract cube) 3	(3 + 0 + 0 + 0 + 0)
	(concrete cube) 3	(3 + 0 + 0 + 0)
	SAT_a ? [ F[5] & T & C+ ]: SAT
	(adding from pre_c to ab. cube) #14
	(adding from pre_c to cc. cube) #14
	(abstract cube) 14	(14 + 0 + 0 + 0 + 0)
	(concrete cube) 14	(14 + 0 + 0 + 0)
	SAT_a ? [ F[4] & T & C+ ]: SAT
	(adding from pre_c to ab. cube) #14
	(adding from pre_c to cc. cube) #14
	(abstract cube) 14	(14 + 0 + 0 + 0 + 0)
	(concrete cube) 14	(14 + 0 + 0 + 0)
	SAT_a ? [ F[3] & T & C+ ]: SAT
	(adding from pre_c to ab. cube) #14
	(adding from pre_c to cc. cube) #14
	(abstract cube) 14	(14 + 0 + 0 + 0 + 0)
	(concrete cube) 14	(14 + 0 + 0 + 0)
	SAT_a ? [ F[2] & T & C+ ]: UNSAT
		(ab core: 14 -> 4)
	(22 + 14 -> 22 + 4)
	(14 -> 4 -> 4)
	(14 -> 4 -> 4)

		[MUS(s)]:

		   (forcing elimination of initial states from original mus)
		[0] (orig) (!(\L5) && !(\L3) && !(\L2) && !(\L1))
		[1] w1	(!(\L5) && !(\L3) && !(\L2) && !(\L1) && !((\L0 && !(\L1) && !(\L2) && !(\L3) && !(\L4) && !(\L5) && !(\L6) && !(\L7) && !(\L8) && \LoneHot)))
	SAT_a ? [ F[3] & T & C+ ]: SAT
	(adding from pre_c to ab. cube) #13
	(adding from pre_c to cc. cube) #13
	(abstract cube) 13	(13 + 0 + 0 + 0 + 0)
	(concrete cube) 13	(13 + 0 + 0 + 0)
	SAT_a ? [ F[2] & T & C+ ]: SAT
	(adding from pre_c to ab. cube) #19
	(adding from pre_c to cc. cube) #19
	(abstract cube) 19	(19 + 0 + 0 + 0 + 0)
	(concrete cube) 19	(19 + 0 + 0 + 0)
	SAT_a ? [ F[1] & T & C+ ]: UNSAT
		(ab core: 19 -> 2)
	(26 + 19 -> 26 + 2)
	(19 -> 2 -> 2)
	(19 -> 2 -> 2)

		[MUS(s)]:

		   (forcing elimination of initial states from original mus)
		[0] (orig) ((\X != \Y) && !(\L1))
		[1] w3	((\X != \Y) && !(\L1) && !((\L0 && !(\L1) && !(\L2) && !(\L3) && !(\L4) && !(\L5) && !(\L6) && !(\L7) && !(\L8) && \LoneHot)))
	SAT_a ? [ F[2] & T & C+ ]: SAT
	(adding from pre_c to ab. cube) #16
	(adding from pre_c to cc. cube) #16
	(abstract cube) 16	(16 + 0 + 0 + 0 + 0)
	(concrete cube) 16	(16 + 0 + 0 + 0)
	SAT_a ? [ F[1] & T & C+ ]: SAT
	(adding from pre_c to ab. cube) #15
	(adding from pre_c to cc. cube) #15
	(abstract cube) 15	(15 + 0 + 0 + 0 + 0)
	(concrete cube) 15	(15 + 0 + 0 + 0)
	SAT_a ? [ F[0] & T & C+ ]: SAT
	(adding from pre_c to ab. cube) #15
	(adding from pre_c to cc. cube) #15
	(abstract cube) 15	(15 + 0 + 0 + 0 + 0)
	(concrete cube) 15	(15 + 0 + 0 + 0)
		(Next: ((\Y$next == \Y) && (\W$next == \W) && (\L0$next == \L0$next_rhs) && (\L1$next == \L1$next_rhs) && (\L2$next == \L2$next_rhs) && (\L3$next == \L3$next_rhs) && (\L4$next == \L4$next_rhs) && (\L5$next == \L5$next_rhs) && (\L6$next == \L6$next_rhs) && (\L7$next == \L7$next_rhs) && (\L8$next == \L8$next_rhs) && (\LoneHot$next == \LoneHot$next_rhs)))

	[Concrete check]:

[ ACEXT ]: (Length: 7)
[Concrete check]:
		SAT_c ? [ A[0] & T[0] & A[End]+ ]: 		(bv input core size: 7)
		SAT_c ? [ A[1] & T[1] & A[0]+ ]: 		(bv input core size: 20)
		SAT_c ? [ A[2] & T[2] & A[1]+ ]: 		(bv input core size: 41)
		SAT_c ? [ A[3] & T[3] & A[2]+ ]: 		(bv input core size: 40)
		SAT_c ? [ A[4] & T[4] & A[3]+ ]: 		(bv input core size: 41)
		(cc core: 41 -> 9)
UNSAT

		[MUS(s)]:
		[1] (!(\L1) && \LoneHot && (\Y$next == \Y) && \L2 && (\X$next == \Y$next) && (\L5$next == \L5$next_rhs) && !(\L5$next) && (\X$next == \X$next_rhs) && (\X == \Y))

	[Lemmas]: 
		[1] !((!(\L1) && \LoneHot && (\Y$next == \Y) && \L2 && (\X$next == \Y$next) && (\L5$next == \L5$next_rhs) && !(\L5$next) && (\X$next == \X$next_rhs) && (\X == \Y)))
#464
#Lemmas = 1
[RES_1]       1	: 6	: 0 2 2 2 2 1 1 s: 10
[RES_0]    L  6 : 0 4 6 8 6 3 9 s: 36, mem: 16, time: 0.034307
---------------------------------------------------------------------------------------------
Loop_6_0_1
---------------------------------------------------------------------------------------------
	SAT_a ? [ F[6] & T & !P+ ]: SAT
	(adding pred. from next_c to next) #1
	(adding from pre_c to ab. cube) #3
	(adding from pre_c to cc. cube) #3
	(bad cube [in !P+]) sz: 2
	(abstract cube) 3	(3 + 0 + 0 + 0 + 0)
	(concrete cube) 3	(3 + 0 + 0 + 0)
	SAT_a ? [ F[5] & T & C+ ]: SAT
	(adding from pre_c to ab. cube) #14
	(adding from pre_c to cc. cube) #14
	(abstract cube) 14	(14 + 0 + 0 + 0 + 0)
	(concrete cube) 14	(14 + 0 + 0 + 0)
	SAT_a ? [ F[4] & T & C+ ]: SAT
	(adding from pre_c to ab. cube) #14
	(adding from pre_c to cc. cube) #14
	(abstract cube) 14	(14 + 0 + 0 + 0 + 0)
	(concrete cube) 14	(14 + 0 + 0 + 0)
	SAT_a ? [ F[3] & T & C+ ]: SAT
	(adding from pre_c to ab. cube) #13
	(adding from pre_c to cc. cube) #13
	(abstract cube) 13	(13 + 0 + 0 + 0 + 0)
	(concrete cube) 13	(13 + 0 + 0 + 0)
	SAT_a ? [ F[2] & T & C+ ]: UNSAT
		(ab core: 13 -> 5)
	(25 + 13 -> 25 + 5)
	(13 -> 5 -> 4)
	(13 -> 5 -> 4)

		[MUS(s)]:

		   (forcing elimination of initial states from original mus)
		[0] (orig) ((\X == \Y) && !(\L5) && !(\L2) && !(\L1))
		[1] w3	((\X == \Y) && !(\L5) && !(\L2) && !(\L1) && !((\L0 && !(\L1) && !(\L2) && !(\L3) && !(\L4) && !(\L5) && !(\L6) && !(\L7) && !(\L8) && \LoneHot)))
	SAT_a ? [ F[3] & T & C+ ]: UNSAT
		(ab core: 14 -> 7)
	(24 + 14 -> 24 + 7)
	(14 -> 7 -> 3)
	(14 -> 7 -> 3)

		[MUS(s)]:

		[1] w3	(\L4 && (\X == \Y) && \LoneHot)
	SAT_a ? [ F[4] & T & C+ ]: UNSAT
		(ab core: 14 -> 7)
	(22 + 14 -> 22 + 7)
	(14 -> 7 -> 4)
	(14 -> 7 -> 4)

		[MUS(s)]:

		   (forcing elimination of initial states from original mus)
		[0] (orig) ((\X == \Y) && !(\L4) && \LoneHot && (\Z != 3'd0))
		[1] w3	((\X == \Y) && !(\L4) && \LoneHot && (\Z != 3'd0) && !((\L0 && !(\L1) && !(\L2) && !(\L3) && !(\L4) && !(\L5) && !(\L6) && !(\L7) && !(\L8) && \LoneHot)))
	SAT_a ? [ F[5] & T & C+ ]: UNSAT
		(ab core: 3 -> 3)
	(10 + 3 -> 10 + 3)
	(3 -> 3 -> 3)
	(3 -> 3 -> 3)

		[MUS(s)]:

		[1] w3	(\L6 && \LoneHot && (\Z != 3'd0))
[RES_1]       1	: 6	: 0 2 2 3 3 1 2 s: 13
[RES_0]    L  6 : 0 4 6 13 9 5 12 s: 49, mem: 16, time: 0.038112
---------------------------------------------------------------------------------------------
Loop_6_1_1
---------------------------------------------------------------------------------------------
	SAT_a ? [ F[6] & T & !P+ ]: UNSAT
[RES_1]       1	: 6	: 0 2 2 3 3 1 2 s: 13
[RES_0]    L  6 : 0 4 6 13 9 5 12 s: 49, mem: 16, time: 0.038182
	[Forward propagation]:
	(F1 about to converge: #2)
		((\Z != 3'd0) && !((\L0 && !(\L1) && !(\L2) && !(\L3) && !(\L4) && !(\L5) && !(\L6) && !(\L7) && !(\L8) && \LoneHot)))
		(!(\L1) && !((\L0 && !(\L1) && !(\L2) && !(\L3) && !(\L4) && !(\L5) && !(\L6) && !(\L7) && !(\L8) && \LoneHot)))
	(F2 about to converge: #2)
		(!(\L2) && !(\L1) && !((\L0 && !(\L1) && !(\L2) && !(\L3) && !(\L4) && !(\L5) && !(\L6) && !(\L7) && !(\L8) && \LoneHot)))
		((\X != \Y) && !(\L1) && !((\L0 && !(\L1) && !(\L2) && !(\L3) && !(\L4) && !(\L5) && !(\L6) && !(\L7) && !(\L8) && \LoneHot)))
	(F5 about to converge: #1)
		((\X == \Y) && !(\L4) && \LoneHot && (\Z != 3'd0) && !((\L0 && !(\L1) && !(\L2) && !(\L3) && !(\L4) && !(\L5) && !(\L6) && !(\L7) && !(\L8) && \LoneHot)))
	(F6 about to converge: #1)
		(\L6 && \LoneHot && (\Z != 3'd0))
[RES_1]       1	: 7	: 0 2 2 3 3 1 1 1 s: 13
[RES_0]    L  7 : 0 4 6 13 9 5 3 9 s: 49, mem: 16, time: 0.040086
---------------------------------------------------------------------------------------------
Loop_7_0_1
---------------------------------------------------------------------------------------------
	SAT_a ? [ F[7] & T & !P+ ]: SAT
	(adding pred. from next_c to next) #1
	(adding from pre_c to ab. cube) #3
	(adding from pre_c to cc. cube) #3
	(bad cube [in !P+]) sz: 2
	(abstract cube) 3	(3 + 0 + 0 + 0 + 0)
	(concrete cube) 3	(3 + 0 + 0 + 0)
	SAT_a ? [ F[6] & T & C+ ]: SAT
	(adding from pre_c to ab. cube) #14
	(adding from pre_c to cc. cube) #14
	(abstract cube) 14	(14 + 0 + 0 + 0 + 0)
	(concrete cube) 14	(14 + 0 + 0 + 0)
	SAT_a ? [ F[5] & T & C+ ]: SAT
	(adding from pre_c to ab. cube) #14
	(adding from pre_c to cc. cube) #14
	(abstract cube) 14	(14 + 0 + 0 + 0 + 0)
	(concrete cube) 14	(14 + 0 + 0 + 0)
	SAT_a ? [ F[4] & T & C+ ]: UNSAT
		(ab core: 14 -> 6)
	(25 + 14 -> 25 + 6)
	(14 -> 6 -> 5)
	(14 -> 6 -> 5)

		[MUS(s)]:

		   (forcing elimination of initial states from original mus)
		[0] (orig) (!(\L3) && (\X == \Y) && !(\L2) && !(\L4) && (\Z != 3'd0))
		[1] w3	(!(\L3) && (\X == \Y) && !(\L2) && !(\L4) && (\Z != 3'd0) && !((\L0 && !(\L1) && !(\L2) && !(\L3) && !(\L4) && !(\L5) && !(\L6) && !(\L7) && !(\L8) && \LoneHot)))
	SAT_a ? [ F[5] & T & C+ ]: SAT
	(adding from pre_c to ab. cube) #14
	(adding from pre_c to cc. cube) #14
	(abstract cube) 14	(14 + 0 + 0 + 0 + 0)
	(concrete cube) 14	(14 + 0 + 0 + 0)
	SAT_a ? [ F[4] & T & C+ ]: SAT
	(adding from pre_c to ab. cube) #14
	(adding from pre_c to cc. cube) #14
	(abstract cube) 14	(14 + 0 + 0 + 0 + 0)
	(concrete cube) 14	(14 + 0 + 0 + 0)
	SAT_a ? [ F[3] & T & C+ ]: UNSAT
		(ab core: 14 -> 6)
	(29 + 14 -> 29 + 6)
	(14 -> 6 -> 6)
	(14 -> 6 -> 6)

		[MUS(s)]:

		   (forcing elimination of initial states from original mus)
		[0] (orig) (!(\L6) && !(\L5) && !(\L3) && (\X == \Y) && !(\L2) && !(\L1))
		[1] w3	(!(\L6) && !(\L5) && !(\L3) && (\X == \Y) && !(\L2) && !(\L1) && !((\L0 && !(\L1) && !(\L2) && !(\L3) && !(\L4) && !(\L5) && !(\L6) && !(\L7) && !(\L8) && \LoneHot)))
	SAT_a ? [ F[4] & T & C+ ]: SAT
	(adding from pre_c to ab. cube) #13
	(adding from pre_c to cc. cube) #13
	(abstract cube) 13	(13 + 0 + 0 + 0 + 0)
	(concrete cube) 13	(13 + 0 + 0 + 0)
	SAT_a ? [ F[3] & T & C+ ]: SAT
	(adding from pre_c to ab. cube) #19
	(adding from pre_c to cc. cube) #19
	(abstract cube) 19	(19 + 0 + 0 + 0 + 0)
	(concrete cube) 19	(19 + 0 + 0 + 0)
	SAT_a ? [ F[2] & T & C+ ]: UNSAT
		(ab core: 19 -> 4)
	(33 + 19 -> 33 + 4)
	(19 -> 4 -> 3)
	(19 -> 4 -> 3)

		[MUS(s)]:

		   (forcing elimination of initial states from original mus)
		[0] (orig) ((\X != \Y) && !(\L3) && !(\L1))
		[1] w3	((\X != \Y) && !(\L3) && !(\L1) && !((\L0 && !(\L1) && !(\L2) && !(\L3) && !(\L4) && !(\L5) && !(\L6) && !(\L7) && !(\L8) && \LoneHot)))
	SAT_a ? [ F[3] & T & C+ ]: UNSAT
		(ab core: 13 -> 6)
	(31 + 13 -> 31 + 6)
	(13 -> 6 -> 6)
	(13 -> 6 -> 6)

		[MUS(s)]:

		[1] w3	(\L3 && !(\L5) && (\X == \Y) && !(\L4) && !(\L2) && !(\L1))
	SAT_a ? [ F[4] & T & C+ ]: UNSAT
		(ab core: 14 -> 7)
	(28 + 14 -> 28 + 7)
	(14 -> 7 -> 3)
	(14 -> 7 -> 3)

		[MUS(s)]:

		[1] w3	(\L4 && (\X == \Y) && \LoneHot)
	SAT_a ? [ F[5] & T & C+ ]: UNSAT
		(ab core: 14 -> 8)
	(24 + 14 -> 24 + 8)
	(14 -> 8 -> 5)
	(14 -> 8 -> 5)

		[MUS(s)]:

		   (forcing elimination of initial states from original mus)
		[0] (orig) (!(\L3) && !(\L4) && !(\L2) && (\X == \Y) && (\Z != 3'd0))
		[1] w3	(!(\L3) && !(\L4) && !(\L2) && (\X == \Y) && (\Z != 3'd0) && !((\L0 && !(\L1) && !(\L2) && !(\L3) && !(\L4) && !(\L5) && !(\L6) && !(\L7) && !(\L8) && \LoneHot)))
	SAT_a ? [ F[6] & T & C+ ]: UNSAT
		(ab core: 3 -> 3)
	(11 + 3 -> 11 + 3)
	(3 -> 3 -> 3)
	(3 -> 3 -> 3)

		[MUS(s)]:

		[1] w3	(\L6 && \LoneHot && (\Z != 3'd0))
[RES_1]       1	: 7	: 0 2 2 4 4 2 1 2 s: 17
[RES_0]    L  7 : 0 4 6 17 19 8 6 12 s: 72, mem: 16, time: 0.047838
---------------------------------------------------------------------------------------------
Loop_7_1_1
---------------------------------------------------------------------------------------------
	SAT_a ? [ F[7] & T & !P+ ]: UNSAT
[RES_1]       1	: 7	: 0 2 2 4 4 2 1 2 s: 17
[RES_0]    L  7 : 0 4 6 17 19 8 6 12 s: 72, mem: 16, time: 0.047949
	[Forward propagation]:
	(F1 about to converge: #2)
		((\Z != 3'd0) && !((\L0 && !(\L1) && !(\L2) && !(\L3) && !(\L4) && !(\L5) && !(\L6) && !(\L7) && !(\L8) && \LoneHot)))
		(!(\L1) && !((\L0 && !(\L1) && !(\L2) && !(\L3) && !(\L4) && !(\L5) && !(\L6) && !(\L7) && !(\L8) && \LoneHot)))
	(F2 about to converge: #2)
		(!(\L2) && !(\L1) && !((\L0 && !(\L1) && !(\L2) && !(\L3) && !(\L4) && !(\L5) && !(\L6) && !(\L7) && !(\L8) && \LoneHot)))
		((\X != \Y) && !(\L1) && !((\L0 && !(\L1) && !(\L2) && !(\L3) && !(\L4) && !(\L5) && !(\L6) && !(\L7) && !(\L8) && \LoneHot)))
	(F5 about to converge: #2)
		((\X == \Y) && !(\L4) && \LoneHot && (\Z != 3'd0) && !((\L0 && !(\L1) && !(\L2) && !(\L3) && !(\L4) && !(\L5) && !(\L6) && !(\L7) && !(\L8) && \LoneHot)))
		(\L4 && (\X == \Y) && \LoneHot)
	(F6 about to converge: #1)
		(!(\L3) && !(\L4) && !(\L2) && (\X == \Y) && (\Z != 3'd0) && !((\L0 && !(\L1) && !(\L2) && !(\L3) && !(\L4) && !(\L5) && !(\L6) && !(\L7) && !(\L8) && \LoneHot)))
	(F7 about to converge: #1)
		(\L6 && \LoneHot && (\Z != 3'd0))
[RES_1]       1	: 8	: 0 2 2 4 4 2 1 1 1 s: 17
[RES_0]    L  8 : 0 4 6 17 19 8 6 3 9 s: 72, mem: 16, time: 0.049675
---------------------------------------------------------------------------------------------
Loop_8_0_1
---------------------------------------------------------------------------------------------
	SAT_a ? [ F[8] & T & !P+ ]: SAT
	(adding pred. from next_c to next) #1
	(adding from pre_c to ab. cube) #3
	(adding from pre_c to cc. cube) #3
	(bad cube [in !P+]) sz: 2
	(abstract cube) 3	(3 + 0 + 0 + 0 + 0)
	(concrete cube) 3	(3 + 0 + 0 + 0)
	SAT_a ? [ F[7] & T & C+ ]: SAT
	(adding from pre_c to ab. cube) #14
	(adding from pre_c to cc. cube) #14
	(abstract cube) 14	(14 + 0 + 0 + 0 + 0)
	(concrete cube) 14	(14 + 0 + 0 + 0)
	SAT_a ? [ F[6] & T & C+ ]: SAT
	(adding from pre_c to ab. cube) #14
	(adding from pre_c to cc. cube) #14
	(abstract cube) 14	(14 + 0 + 0 + 0 + 0)
	(concrete cube) 14	(14 + 0 + 0 + 0)
	SAT_a ? [ F[5] & T & C+ ]: SAT
	(adding from pre_c to ab. cube) #14
	(adding from pre_c to cc. cube) #14
	(abstract cube) 14	(14 + 0 + 0 + 0 + 0)
	(concrete cube) 14	(14 + 0 + 0 + 0)
	SAT_a ? [ F[4] & T & C+ ]: UNSAT
		(ab core: 14 -> 9)
	(32 + 14 -> 32 + 9)
	(14 -> 9 -> 9)
	(14 -> 9 -> 9)

		[MUS(s)]:

		[1] w1	(!(\LoneHot) && !(\L0) && !(\L8) && !(\L6) && \L4 && !(\L5) && !(\L3) && !(\L2) && !(\L1))
	SAT_a ? [ F[5] & T & C+ ]: SAT
	(adding from pre_c to ab. cube) #13
	(adding from pre_c to cc. cube) #13
	(abstract cube) 13	(13 + 0 + 0 + 0 + 0)
	(concrete cube) 13	(13 + 0 + 0 + 0)
	SAT_a ? [ F[4] & T & C+ ]: SAT
	(adding from pre_c to ab. cube) #19
	(adding from pre_c to cc. cube) #19
	(abstract cube) 19	(19 + 0 + 0 + 0 + 0)
	(concrete cube) 19	(19 + 0 + 0 + 0)
	SAT_a ? [ F[3] & T & C+ ]: UNSAT
		(ab core: 19 -> 5)
	(38 + 19 -> 38 + 5)
	(19 -> 5 -> 4)
	(19 -> 5 -> 4)

		[MUS(s)]:

		   (forcing elimination of initial states from original mus)
		[0] (orig) ((\X != \Y) && !(\L3) && !(\L4) && !(\L1))
		[1] w3	((\X != \Y) && !(\L3) && !(\L4) && !(\L1) && !((\L0 && !(\L1) && !(\L2) && !(\L3) && !(\L4) && !(\L5) && !(\L6) && !(\L7) && !(\L8) && \LoneHot)))
	SAT_a ? [ F[4] & T & C+ ]: UNSAT
		(ab core: 13 -> 7)
	(34 + 13 -> 34 + 7)
	(13 -> 7 -> 3)
	(13 -> 7 -> 3)

		[MUS(s)]:

		[1] w3	(\L3 && (\X == \Y) && \LoneHot)
	SAT_a ? [ F[5] & T & C+ ]: UNSAT
		(ab core: 14 -> 7)
	(29 + 14 -> 29 + 7)
	(14 -> 7 -> 3)
	(14 -> 7 -> 3)

		[MUS(s)]:

		[1] w3	(\L4 && (\X == \Y) && \LoneHot)
	SAT_a ? [ F[6] & T & C+ ]: SAT
	(adding from pre_c to ab. cube) #15
	(adding from pre_c to cc. cube) #15
	(abstract cube) 15	(15 + 0 + 0 + 0 + 0)
	(concrete cube) 15	(15 + 0 + 0 + 0)
	SAT_a ? [ F[5] & T & C+ ]: SAT
	(adding from pre_c to ab. cube) #15
	(adding from pre_c to cc. cube) #15
	(abstract cube) 15	(15 + 0 + 0 + 0 + 0)
	(concrete cube) 15	(15 + 0 + 0 + 0)
	SAT_a ? [ F[4] & T & C+ ]: UNSAT
		(ab core: 15 -> 10)
	(37 + 15 -> 37 + 10)
	(15 -> 10 -> 8)
	(15 -> 10 -> 8)

		[MUS(s)]:

		[1] w1	(!(\LoneHot) && !(\L0) && !(\L8) && !(\L6) && !(\L5) && !(\L3) && !(\L4) && !(\L1))
	SAT_a ? [ F[5] & T & C+ ]: SAT
	(adding from pre_c to ab. cube) #14
	(adding from pre_c to cc. cube) #14
	(abstract cube) 14	(14 + 0 + 0 + 0 + 0)
	(concrete cube) 14	(14 + 0 + 0 + 0)
	SAT_a ? [ F[4] & T & C+ ]: UNSAT
		(ab core: 14 -> 4)
	(38 + 14 -> 38 + 4)
	(14 -> 4 -> 3)
	(14 -> 4 -> 3)

		[MUS(s)]:

		   (forcing elimination of initial states from original mus)
		[0] (orig) (!(\L5) && !(\L4) && (\Z != 3'd0))
		[1] w3	(!(\L5) && !(\L4) && (\Z != 3'd0) && !((\L0 && !(\L1) && !(\L2) && !(\L3) && !(\L4) && !(\L5) && !(\L6) && !(\L7) && !(\L8) && \LoneHot)))
	SAT_a ? [ F[5] & T & C+ ]: UNSAT
		(ab core: 15 -> 4)
	(33 + 15 -> 33 + 4)
	(15 -> 4 -> 3)
	(15 -> 4 -> 3)

		[MUS(s)]:

		   (forcing elimination of initial states from original mus)
		[0] (orig) (!(\L5) && !(\L4) && (\Z != 3'd0))
		[1] w3	(!(\L5) && !(\L4) && (\Z != 3'd0) && !((\L0 && !(\L1) && !(\L2) && !(\L3) && !(\L4) && !(\L5) && !(\L6) && !(\L7) && !(\L8) && \LoneHot)))
	SAT_a ? [ F[6] & T & C+ ]: UNSAT
		(ab core: 14 -> 9)
	(25 + 14 -> 25 + 9)
	(14 -> 9 -> 4)
	(14 -> 9 -> 4)

		[MUS(s)]:

		   (forcing elimination of initial states from original mus)
		[0] (orig) ((\X == \Y) && !(\L4) && \LoneHot && (\Z != 3'd0))
		[1] w3	((\X == \Y) && !(\L4) && \LoneHot && (\Z != 3'd0) && !((\L0 && !(\L1) && !(\L2) && !(\L3) && !(\L4) && !(\L5) && !(\L6) && !(\L7) && !(\L8) && \LoneHot)))
	SAT_a ? [ F[7] & T & C+ ]: UNSAT
		(ab core: 3 -> 3)
	(11 + 3 -> 11 + 3)
	(3 -> 3 -> 3)
	(3 -> 3 -> 3)

		[MUS(s)]:

		[1] w3	(\L6 && \LoneHot && (\Z != 3'd0))
[RES_1]       1	: 8	: 0 2 2 4 5 3 3 1 2 s: 22
[RES_0]    L  8 : 0 4 6 17 24 20 13 5 12 s: 101, mem: 16, time: 0.058802
---------------------------------------------------------------------------------------------
Loop_8_1_1
---------------------------------------------------------------------------------------------
	SAT_a ? [ F[8] & T & !P+ ]: UNSAT
[RES_1]       1	: 8	: 0 2 2 4 5 3 3 1 2 s: 22
[RES_0]    L  8 : 0 4 6 17 24 20 13 5 12 s: 101, mem: 16, time: 0.058865
	[Forward propagation]:
	(F1 about to converge: #2)
		((\Z != 3'd0) && !((\L0 && !(\L1) && !(\L2) && !(\L3) && !(\L4) && !(\L5) && !(\L6) && !(\L7) && !(\L8) && \LoneHot)))
		(!(\L1) && !((\L0 && !(\L1) && !(\L2) && !(\L3) && !(\L4) && !(\L5) && !(\L6) && !(\L7) && !(\L8) && \LoneHot)))
	(F2 about to converge: #2)
		(!(\L2) && !(\L1) && !((\L0 && !(\L1) && !(\L2) && !(\L3) && !(\L4) && !(\L5) && !(\L6) && !(\L7) && !(\L8) && \LoneHot)))
		((\X != \Y) && !(\L1) && !((\L0 && !(\L1) && !(\L2) && !(\L3) && !(\L4) && !(\L5) && !(\L6) && !(\L7) && !(\L8) && \LoneHot)))
	(F6 about to converge: #1)
		(\L4 && (\X == \Y) && \LoneHot)
	(F7 about to converge: #2)
		((\X == \Y) && !(\L4) && \LoneHot && (\Z != 3'd0) && !((\L0 && !(\L1) && !(\L2) && !(\L3) && !(\L4) && !(\L5) && !(\L6) && !(\L7) && !(\L8) && \LoneHot)))
		(!(\L3) && !(\L4) && !(\L2) && (\X == \Y) && (\Z != 3'd0) && !((\L0 && !(\L1) && !(\L2) && !(\L3) && !(\L4) && !(\L5) && !(\L6) && !(\L7) && !(\L8) && \LoneHot)))
	(F8 about to converge: #2)
		(\L6 && \LoneHot && (\Z != 3'd0))
		(!(\L5) && !(\L4) && (\Z != 3'd0) && !((\L0 && !(\L1) && !(\L2) && !(\L3) && !(\L4) && !(\L5) && !(\L6) && !(\L7) && !(\L8) && \LoneHot)))
[RES_1]       1	: 9	: 0 2 2 4 4 3 1 2 2 2 s: 22
[RES_0]    L  9 : 0 4 6 17 18 17 3 11 7 18 s: 101, mem: 16, time: 0.062028
---------------------------------------------------------------------------------------------
Loop_9_0_1
---------------------------------------------------------------------------------------------
	SAT_a ? [ F[9] & T & !P+ ]: SAT
	(adding pred. from next_c to next) #1
	(adding from pre_c to ab. cube) #3
	(adding from pre_c to cc. cube) #3
	(bad cube [in !P+]) sz: 2
	(abstract cube) 3	(3 + 0 + 0 + 0 + 0)
	(concrete cube) 3	(3 + 0 + 0 + 0)
	SAT_a ? [ F[8] & T & C+ ]: SAT
	(adding from pre_c to ab. cube) #14
	(adding from pre_c to cc. cube) #14
	(abstract cube) 14	(14 + 0 + 0 + 0 + 0)
	(concrete cube) 14	(14 + 0 + 0 + 0)
	SAT_a ? [ F[7] & T & C+ ]: SAT
	(adding from pre_c to ab. cube) #14
	(adding from pre_c to cc. cube) #14
	(abstract cube) 14	(14 + 0 + 0 + 0 + 0)
	(concrete cube) 14	(14 + 0 + 0 + 0)
	SAT_a ? [ F[6] & T & C+ ]: SAT
	(adding from pre_c to ab. cube) #13
	(adding from pre_c to cc. cube) #13
	(abstract cube) 13	(13 + 0 + 0 + 0 + 0)
	(concrete cube) 13	(13 + 0 + 0 + 0)
	SAT_a ? [ F[5] & T & C+ ]: SAT
	(adding from pre_c to ab. cube) #19
	(adding from pre_c to cc. cube) #19
	(abstract cube) 19	(19 + 0 + 0 + 0 + 0)
	(concrete cube) 19	(19 + 0 + 0 + 0)
	SAT_a ? [ F[4] & T & C+ ]: UNSAT
		(ab core: 19 -> 8)
	(51 + 19 -> 51 + 8)
	(19 -> 8 -> 5)
	(19 -> 8 -> 5)

		[MUS(s)]:

		   (forcing elimination of initial states from original mus)
		[0] (orig) ((\X != \Y) && !(\L5) && !(\L3) && !(\L1) && !(\L4))
		[1] w3	((\X != \Y) && !(\L5) && !(\L3) && !(\L1) && !(\L4) && !((\L0 && !(\L1) && !(\L2) && !(\L3) && !(\L4) && !(\L5) && !(\L6) && !(\L7) && !(\L8) && \LoneHot)))
	SAT_a ? [ F[5] & T & C+ ]: UNSAT
		(ab core: 13 -> 6)
	(46 + 13 -> 46 + 6)
	(13 -> 6 -> 6)
	(13 -> 6 -> 6)

		[MUS(s)]:

		[1] w3	(\L3 && !(\L2) && !(\L5) && (\X == \Y) && !(\L1) && !(\L4))
	SAT_a ? [ F[6] & T & C+ ]: UNSAT
		(ab core: 14 -> 7)
	(36 + 14 -> 36 + 7)
	(14 -> 7 -> 3)
	(14 -> 7 -> 3)

		[MUS(s)]:

		[1] w3	(\L4 && (\X == \Y) && \LoneHot)
	SAT_a ? [ F[7] & T & C+ ]: UNSAT
		(ab core: 14 -> 8)
	(30 + 14 -> 30 + 8)
	(14 -> 8 -> 4)
	(14 -> 8 -> 4)

		[MUS(s)]:

		   (forcing elimination of initial states from original mus)
		[0] (orig) ((\X == \Y) && !(\L4) && \LoneHot && (\Z != 3'd0))
		[1] w3	((\X == \Y) && !(\L4) && \LoneHot && (\Z != 3'd0) && !((\L0 && !(\L1) && !(\L2) && !(\L3) && !(\L4) && !(\L5) && !(\L6) && !(\L7) && !(\L8) && \LoneHot)))
	SAT_a ? [ F[8] & T & C+ ]: UNSAT
		(ab core: 3 -> 3)
	(14 + 3 -> 14 + 3)
	(3 -> 3 -> 3)
	(3 -> 3 -> 3)

		[MUS(s)]:

		[1] w3	(\L6 && \LoneHot && (\Z != 3'd0))
[RES_1]       1	: 9	: 0 2 2 4 4 3 1 2 2 3 s: 23
[RES_0]    L  9 : 0 4 6 17 18 17 6 9 9 21 s: 107, mem: 16, time: 0.066847
---------------------------------------------------------------------------------------------
Loop_9_1_1
---------------------------------------------------------------------------------------------
	SAT_a ? [ F[9] & T & !P+ ]: UNSAT
[RES_1]       1	: 9	: 0 2 2 4 4 3 1 2 2 3 s: 23
[RES_0]    L  9 : 0 4 6 17 18 17 6 9 9 21 s: 107, mem: 16, time: 0.066933
	[Forward propagation]:
		Property holds
[RES_1]       1	: 9	: 0 2 2 4 4 1 0 5 2 3 s: 23
[RES_0]    L  9 : 0 4 6 17 18 8 0 24 9 21 s: 107, mem: 16, time: 0.068636

-----------
Refinements
-----------
[1]	!((!(\L1) && \LoneHot && (\Y$next == \Y) && \L2 && (\X$next == \Y$next) && (\L5$next == \L5$next_rhs) && !(\L5$next) && (\X$next == \X$next_rhs) && (\X == \Y)))
-----------
[RES_0]    refinement-lemmas-check successful!
F[0]	c#0
F[1]	c#2
F[2]	c#2
F[3]	c#4
F[4]	c#4
F[5]	c#1
F[6]	c#0
F[7]	c#5
F[8]	c#2
F[9]	c#3
F[10]	c#0


[RES_0]    initial-state-check successful!
[RES_0]    property-check successful!
[RES_0]    inductive-invariant-check successful!
 s: 107, mem: 16, time: 0.07
Frames explored (1 datapath refinements) : 
6 
CEXT lengths (1 feasibility checks) : 
7 
DP lemmas (1 feasibility checks) : 
1 
Block= 10 BlockT= 19 BlockS= 10 BlockU= 9 Oblig= 79 ObligT= 79 ObligS= 38 ObligU= 41 FPT= 102 FPS= 80 FPU= 22 CallT= 706 CallS= 490 CallU= 216 MUST= 56 MUSS= 13 MUSU= 43 sMUST= 0 sMUSS= 0 sMUSU= 0 dMUST= 15 dMUSS= 13 dMUSU= 2 rMUST= 286 rMUSS= 150 rMUSU= 136 All_clauses= 41 All_literals= 172 Clauses= 23 Literals= 107 DPLemmas= 1 DPrefsNoDPL= 0 DPRefs= 1

pme_fail: 0, pme_succ: 0, lit_before: 0, lit_after: 0
coi_before: 0, coi_after: 0
mus_before: 489 mus_lit: 150 mus_cls: 41 mus_cnt: 41
S+M	Call = 762 (sat=503, 66.01%)
SAT	Call = 706 (sat=490, 69.41%)
MUS	Call = 56 (sat=13, 23.21%)

Detailed Stats:

  (reachability)
	#Frame Restrictions:	41
	#TB                :	48
	#cubes-subsumed    :	18
	#context reset     :	0
	#Y2 reset          :	0
	#frame solver reset:	8
	avg-sz-frame-restriction:  	4.20

	avg-sz-ab-cube:  	12.06
		%t1-ab-cube:   	100.00%	[sel: 100.00% ]
		%t2-ab-cube:   	0.00%	[sel: 0.00% ]
		%t3-ab-cube:   	0.00%	[sel: 0.00% ]
		%t4-ab-cube:   	0.00%	[sel: 0.00% ]

		ab-cube info:	
			s == s:	5.18%	[sel: 8.14% ]
			s == n:	0.52%	[sel: 0.00% ]
			s == o:	0.00%	[sel: 0.00% ]
			n == o:	0.00%	[sel: 0.00% ]
			o == o:	0.00%	[sel: 0.00% ]
			s != s:	6.74%	[sel: 2.33% ]
			s != n:	18.48%	[sel: 12.79% ]
			s != o:	0.00%	[sel: 0.00% ]
			n != o:	0.00%	[sel: 0.00% ]
			o != o:	0.00%	[sel: 0.00% ]
			s bool:	69.08%	[sel: 63.95% ]
			up    :	0.00%	[sel: 12.79% ]
			oth   :	0.00%	[sel: 0.00% ]

		%coi-ab-cube  :	100.00%	[sel: 100.00% ]
			s (==):	5.18%	[sel: 8.14% ]
			s (!=):	6.74%	[sel: 2.33% ]
			n (==):	0.52%	[sel: 0.00% ]
			n (!=):	18.48%	[sel: 12.79% ]
			other :	69.08%	[sel: 76.74% ]
		%pred-ab-cube :	0.00%	[sel: 0.00% ]
		%fproj-ab-cube:	0.00%	[sel: 0.00% ]
			s (==):	0.00%	[sel: 0.00% ]
			s (!=):	0.00%	[sel: 0.00% ]
			n (==):	0.00%	[sel: 0.00% ]
			n (!=):	0.00%	[sel: 0.00% ]
		%proj-ab-cube :	0.00%	[sel: 0.00% ]
			s (==):	0.00%	[sel: 0.00% ]
			s (!=):	0.00%	[sel: 0.00% ]
			n (==):	0.00%	[sel: 0.00% ]
			n (!=):	0.00%	[sel: 0.00% ]
		%subs-ab-cube :	0.00%	[sel: 0.00% ]
	avg-#sv-ab-cube:  	10.00
	avg-tsb-ab-cube:  	15.00
	relevancy:       	97.44%

	avg-sz-cc-cube:  	12.00
		%coi-cc-cube  :	100.00%
		%pred-cc-cube :	0.00%
		%fproj-cc-cube:	0.00%
			s (==):	0.00%
			s (!=):	0.00%
			n (==):	0.00%
			n (!=):	0.00%
		%proj-cc-cube :	0.00%
			s (==):	0.00%
			s (!=):	0.00%
			n (==):	0.00%
			n (!=):	0.00%

	tb_cube_time:     	0.01 (13.27%)
		cube_eval_time: 	0.00 (5.43%)
		cube_pred_time: 	0.00 (0.08%)
		cube_fproj_time:	0.00 (0.00%)
		cube_proj_time: 	0.00 (0.00%)
		cube _subs_time:	0.00 (0.05%)
		sum:            	0.00 (41.93% of tb_cube_time)

	tb_ct_time:      	0.00 (5.97%)
		ct isblocked_time:  	0.00 (0.00%)
		ct isinitial_time:  	0.00 (2.02%)
		ct containment_time:	0.00 (0.11%)
		ct fastforward_time:	0.00 (0.00%)
		sum:                	0.00 (35.79% of tb_ct_time)

	setcontain_time:	0.00 (0.00%)

	updatesolver_time:	0.00 (2.82%)

	tb_time:	0.04 (57.80%)
		tb_reach_time:    	0.01 (9.40%)
		tb_val_time:    	0.00 (1.06%) [ cti_val_time: 133090144.53 (189600604789.10%) ]
		tb_cube_time:      	0.01 (13.27%)
		tb_mus_time:      	0.01 (17.75%)
			tb_mus_core_time:      	0.00 (5.60%)
			tb_mus_min_time:      	0.01 (9.35%)
		tb_ct_time:       	0.00 (5.97%)
		tb_extra_time:    	0.00 (0.00%)
		sum:           	0.03 (80.26% of tb_time)


  (refinement)
	sim_time:		0.00 (0.00%) 	 [0.00% of dpr_time]

  pre_time:	0.00 (1.54%)
  cti_time:	0.00 (1.83%)	[cti_i_time:	0.00 (0.99%) ]
  tb_time:	0.04 (57.80%)
  fp_time:	0.01 (15.70%)	[fp_extra_time:	0.00 (0.00%) ]
  refine_time:	0.01 (13.24%)
  sol_set_time:	0.00 (2.18%)
  inv_time:	0.00 (2.03%)	[induct_time:	0.00 (0.00%) ]
  draw_time:	0.00 (0.00%)
  sum:		0.07 (94.32%)

  extra_time:	0.00 (0.00%)

  timeout_time:	0.00 (0.00%)

[simplified] 0 (ex), 0 (cc), 0 (ot)

===     HOLD     ===

Averroes finished.

br-#mus          41           
        hard        soft         out           
           
       25.22       11.93        4.98               (br-core)           
       25.22        4.98        3.66                (br-min)          

         sat       unsat           
                                          #Calls           
           0          41   (br-core)           
           0           0  (br-core2)           
         150          95    (br-min)           
                                      Time (sec)           
        0.00        0.00   (br-core)           
        0.00        0.00  (br-core2)           
        0.00        0.00    (br-min)           
                                    Avg. Time (microsec)           
           0          37   (br-core)           
           0           0  (br-core2)           
          16          18    (br-min)           
                                    Max Time (microsec)           
        1549         186   (br-core)           
           0           0  (br-core2)           
          46          43    (br-min)          

                      ab                      bv           
         sat       unsat         sat       unsat           
                                                      #Calls           
          43          14           0           1   (oneshot)           
         434         158           0           0       (inc)           
           0          41          13           2    (assume)           
                       0                       0   (timeout)          

                                                  Time (sec)           
        0.00        0.00        0.00        0.00   (oneshot)           
        0.01        0.00        0.00        0.00       (inc)           
        0.00        0.00        0.01        0.00    (assume)           
                    0.00                    0.00   (timeout)          

                                                Avg. Time (microsec)
           8          13           0         268   (oneshot)           
          12          14           0           0       (inc)           
           0          26         517          94    (assume)           
                       0                       0   (timeout)           
           
      Result        Time        Mem.       #Refs           
                     sec          MB                       
           h        0.07          16           1